#
# There is insufficient memory for the Java Runtime Environment to continue.
# Native memory allocation (mmap) failed to map 42991616 bytes for committing reserved memory.
# Possible reasons:
#   The system is out of physical RAM or swap space
#   In 32 bit mode, the process size limit was hit
# Possible solutions:
#   Reduce memory load on the system
#   Increase physical memory or swap space
#   Check if swap backing store is full
#   Use 64 bit Java on a 64 bit OS
#   Decrease Java heap size (-Xmx/-Xms)
#   Decrease number of Java threads
#   Decrease Java thread stack sizes (-Xss)
#   Set larger code cache with -XX:ReservedCodeCacheSize=
# This output file may be truncated or incomplete.
#
#  Out of Memory Error (os_linux.cpp:2640), pid=45107, tid=0x00007f9c46502700
#
# JRE version: Java(TM) SE Runtime Environment (8.0_151-b12) (build 1.8.0_151-b12)
# Java VM: Java HotSpot(TM) 64-Bit Server VM (25.151-b12 mixed mode linux-amd64 compressed oops)
# Failed to write core dump. Core dumps have been disabled. To enable core dumping, try "ulimit -c unlimited" before starting Java again
#

---------------  T H R E A D  ---------------

Current thread (0x00007f9c5807b800):  VMThread [stack: 0x00007f9c46402000,0x00007f9c46503000] [id=45117]

Stack: [0x00007f9c46402000,0x00007f9c46503000],  sp=0x00007f9c46501320,  free space=1020k
Native frames: (J=compiled Java code, j=interpreted, Vv=VM code, C=native code)
V  [libjvm.so+0xacb58a]  VMError::report_and_die()+0x2ba
V  [libjvm.so+0x4ff4ab]  report_vm_out_of_memory(char const*, int, unsigned long, VMErrorType, char const*)+0x8b
V  [libjvm.so+0x928113]  os::Linux::commit_memory_impl(char*, unsigned long, bool)+0x103
V  [libjvm.so+0x928669]  os::pd_commit_memory(char*, unsigned long, unsigned long, bool)+0x29
V  [libjvm.so+0x92288a]  os::commit_memory(char*, unsigned long, unsigned long, bool)+0x2a
V  [libjvm.so+0x9973e3]  PSVirtualSpace::expand_by(unsigned long)+0x53
V  [libjvm.so+0x9987e8]  PSYoungGen::resize_generation(unsigned long, unsigned long)+0xf8
V  [libjvm.so+0x997942]  PSYoungGen::resize(unsigned long, unsigned long)+0x22
V  [libjvm.so+0x994c1b]  PSScavenge::invoke_no_policy()+0xf3b
V  [libjvm.so+0x9953a1]  PSScavenge::invoke()+0x41
V  [libjvm.so+0x94c0d0]  ParallelScavengeHeap::failed_mem_allocate(unsigned long)+0x70
V  [libjvm.so+0xaccfa7]  VM_ParallelGCFailedAllocation::doit()+0x97
V  [libjvm.so+0xad4a85]  VM_Operation::evaluate()+0x55
V  [libjvm.so+0xad2e5a]  VMThread::evaluate_operation(VM_Operation*)+0xba
V  [libjvm.so+0xad31de]  VMThread::loop()+0x1ce
V  [libjvm.so+0xad3650]  VMThread::run()+0x70
V  [libjvm.so+0x92a728]  java_start(Thread*)+0x108

VM_Operation (0x00007f9c603fecd0): ParallelGCFailedAllocation, mode: safepoint, requested by thread 0x00007f9c5800f800


---------------  P R O C E S S  ---------------

Java Threads: ( => current thread )
  0x00007f9bf0001000 JavaThread "HikariPool-1 connection adder" daemon [_thread_blocked, id=45140, stack(0x00007f9c3dbcf000,0x00007f9c3dcd0000)]
  0x00007f9c580e1000 JavaThread "HikariPool-1 housekeeper" daemon [_thread_blocked, id=45139, stack(0x00007f9c3ded0000,0x00007f9c3dfd1000)]
  0x00007f9c59417000 JavaThread "Abandoned connection cleanup thread" daemon [_thread_blocked, id=45138, stack(0x00007f9c3e82f000,0x00007f9c3e930000)]
  0x00007f9c593ce800 JavaThread "container-0" [_thread_blocked, id=45137, stack(0x00007f9c3f142000,0x00007f9c3f243000)]
  0x00007f9c593cd000 JavaThread "ContainerBackgroundProcessor[StandardEngine[Tomcat]]" daemon [_thread_blocked, id=45136, stack(0x00007f9c3f8ff000,0x00007f9c3fa00000)]
  0x00007f9c003ba800 JavaThread "localhost-startStop-1" daemon [_thread_blocked, id=45135, stack(0x00007f9c44215000,0x00007f9c44316000)]
  0x00007f9c593c9800 JavaThread "Tomcat-startStop-1" daemon [_thread_blocked, id=45134, stack(0x00007f9c453dd000,0x00007f9c454de000)]
  0x00007f9c580e5800 JavaThread "Service Thread" daemon [_thread_blocked, id=45130, stack(0x00007f9c458f5000,0x00007f9c459f6000)]
  0x00007f9c580d0800 JavaThread "C1 CompilerThread1" daemon [_thread_blocked, id=45129, stack(0x00007f9c459f6000,0x00007f9c45af7000)]
  0x00007f9c580cd800 JavaThread "C2 CompilerThread0" daemon [_thread_blocked, id=45128, stack(0x00007f9c45af7000,0x00007f9c45bf8000)]
  0x00007f9c24001000 JavaThread "JDWP Command Reader" daemon [_thread_in_native, id=45126, stack(0x00007f9c45bf8000,0x00007f9c45cf9000)]
  0x00007f9c580cb800 JavaThread "JDWP Event Helper Thread" daemon [_thread_blocked, id=45123, stack(0x00007f9c45cf9000,0x00007f9c45dfa000)]
  0x00007f9c580c8000 JavaThread "JDWP Transport Listener: dt_socket" daemon [_thread_blocked, id=45122, stack(0x00007f9c45dfa000,0x00007f9c45efb000)]
  0x00007f9c580ba000 JavaThread "Signal Dispatcher" daemon [_thread_blocked, id=45120, stack(0x00007f9c460ff000,0x00007f9c46200000)]
  0x00007f9c58087800 JavaThread "Finalizer" daemon [_thread_blocked, id=45119, stack(0x00007f9c46200000,0x00007f9c46301000)]
  0x00007f9c58083000 JavaThread "Reference Handler" daemon [_thread_blocked, id=45118, stack(0x00007f9c46301000,0x00007f9c46402000)]
  0x00007f9c5800f800 JavaThread "main" [_thread_blocked, id=45113, stack(0x00007f9c60305000,0x00007f9c60406000)]

Other Threads:
=>0x00007f9c5807b800 VMThread [stack: 0x00007f9c46402000,0x00007f9c46503000] [id=45117]
  0x00007f9c580eb000 WatcherThread [stack: 0x00007f9c457f4000,0x00007f9c458f5000] [id=45131]

VM state:at safepoint (normal execution)

VM Mutex/Monitor currently owned by a thread:  ([mutex/lock_event])
[0x00007f9c5800bda0] Threads_lock - owner thread: 0x00007f9c5807b800
[0x00007f9c5800c2a0] Heap_lock - owner thread: 0x00007f9c5800f800

Heap:
 PSYoungGen      total 140288K, used 11758K [0x00000000eb780000, 0x00000000f5380000, 0x0000000100000000)
  eden space 128512K, 0% used [0x00000000eb780000,0x00000000eb780000,0x00000000f3500000)
  from space 11776K, 99% used [0x00000000f3500000,0x00000000f407b980,0x00000000f4080000)
  to   space 12288K, 0% used [0x00000000f4080000,0x00000000f4080000,0x00000000f4c80000)
 ParOldGen       total 56832K, used 20673K [0x00000000c2600000, 0x00000000c5d80000, 0x00000000eb780000)
  object space 56832K, 36% used [0x00000000c2600000,0x00000000c3a30590,0x00000000c5d80000)
 Metaspace       used 47764K, capacity 49462K, committed 49920K, reserved 1093632K
  class space    used 6223K, capacity 6535K, committed 6656K, reserved 1048576K

Card table byte_map: [0x00007f9c5c910000,0x00007f9c5cafe000] byte_map_base: 0x00007f9c5c2fd000

Marking Bits: (ParMarkBitMap*) 0x00007f9c5f801f80
 Begin Bits: [0x00007f9c47130000, 0x00007f9c48098000)
 End Bits:   [0x00007f9c48098000, 0x00007f9c49000000)

Polling page: 0x00007f9c60424000

CodeCache: size=245760Kb used=13204Kb max_used=13515Kb free=232555Kb
 bounds [0x00007f9c49000000, 0x00007f9c49d60000, 0x00007f9c58000000]
 total_blobs=4421 nmethods=3912 adapters=429
 compilation: enabled

Compilation events (10 events):
Event: 6.937 Thread 0x00007f9c580cd800 4313       4       java.lang.ReflectiveOperationException::<init> (7 bytes)
Event: 6.939 Thread 0x00007f9c580cd800 nmethod 4313 0x00007f9c4922e6d0 code [0x00007f9c4922e840, 0x00007f9c4922ebc8]
Event: 6.940 Thread 0x00007f9c580cd800 4314       4       java.lang.String::regionMatches (149 bytes)
Event: 6.943 Thread 0x00007f9c580d0800 4315       3       org.jboss.logging.Logger::access$000 (10 bytes)
Event: 6.943 Thread 0x00007f9c580d0800 nmethod 4315 0x00007f9c49989b50 code [0x00007f9c49989cc0, 0x00007f9c49989e68]
Event: 6.943 Thread 0x00007f9c580d0800 4316       3       org.jboss.logging.Logger::join (112 bytes)
Event: 6.945 Thread 0x00007f9c580d0800 nmethod 4316 0x00007f9c49226810 code [0x00007f9c49226ba0, 0x00007f9c49228e18]
Event: 6.954 Thread 0x00007f9c580cd800 nmethod 4314 0x00007f9c494abd10 code [0x00007f9c494abec0, 0x00007f9c494ac9f8]
Event: 6.980 Thread 0x00007f9c580cd800 4317       4       java.net.URLStreamHandler::sameFile (136 bytes)
Event: 6.987 Thread 0x00007f9c580cd800 nmethod 4317 0x00007f9c49d28610 code [0x00007f9c49d28800, 0x00007f9c49d29148]

GC Heap History (10 events):
Event: 2.429 GC heap after
Heap after GC invocations=8 (full 1):
 PSYoungGen      total 70656K, used 4066K [0x00000000eb780000, 0x00000000f2500000, 0x0000000100000000)
  eden space 63488K, 0% used [0x00000000eb780000,0x00000000eb780000,0x00000000ef580000)
  from space 7168K, 56% used [0x00000000ef580000,0x00000000ef978af0,0x00000000efc80000)
  to   space 6656K, 0% used [0x00000000f1e80000,0x00000000f1e80000,0x00000000f2500000)
 ParOldGen       total 37376K, used 10000K [0x00000000c2600000, 0x00000000c4a80000, 0x00000000eb780000)
  object space 37376K, 26% used [0x00000000c2600000,0x00000000c2fc4218,0x00000000c4a80000)
 Metaspace       used 23778K, capacity 24486K, committed 24704K, reserved 1071104K
  class space    used 3011K, capacity 3179K, committed 3200K, reserved 1048576K
}
Event: 3.536 GC heap before
{Heap before GC invocations=9 (full 1):
 PSYoungGen      total 70656K, used 67554K [0x00000000eb780000, 0x00000000f2500000, 0x0000000100000000)
  eden space 63488K, 100% used [0x00000000eb780000,0x00000000ef580000,0x00000000ef580000)
  from space 7168K, 56% used [0x00000000ef580000,0x00000000ef978af0,0x00000000efc80000)
  to   space 6656K, 0% used [0x00000000f1e80000,0x00000000f1e80000,0x00000000f2500000)
 ParOldGen       total 37376K, used 10000K [0x00000000c2600000, 0x00000000c4a80000, 0x00000000eb780000)
  object space 37376K, 26% used [0x00000000c2600000,0x00000000c2fc4218,0x00000000c4a80000)
 Metaspace       used 29001K, capacity 30122K, committed 30336K, reserved 1075200K
  class space    used 3711K, capacity 3959K, committed 3968K, reserved 1048576K
Event: 3.553 GC heap after
Heap after GC invocations=9 (full 1):
 PSYoungGen      total 103424K, used 6641K [0x00000000eb780000, 0x00000000f2880000, 0x0000000100000000)
  eden space 96768K, 0% used [0x00000000eb780000,0x00000000eb780000,0x00000000f1600000)
  from space 6656K, 99% used [0x00000000f1e80000,0x00000000f24fc748,0x00000000f2500000)
  to   space 8704K, 0% used [0x00000000f1600000,0x00000000f1600000,0x00000000f1e80000)
 ParOldGen       total 37376K, used 12832K [0x00000000c2600000, 0x00000000c4a80000, 0x00000000eb780000)
  object space 37376K, 34% used [0x00000000c2600000,0x00000000c3288158,0x00000000c4a80000)
 Metaspace       used 29001K, capacity 30122K, committed 30336K, reserved 1075200K
  class space    used 3711K, capacity 3959K, committed 3968K, reserved 1048576K
}
Event: 4.566 GC heap before
{Heap before GC invocations=10 (full 1):
 PSYoungGen      total 103424K, used 103409K [0x00000000eb780000, 0x00000000f2880000, 0x0000000100000000)
  eden space 96768K, 100% used [0x00000000eb780000,0x00000000f1600000,0x00000000f1600000)
  from space 6656K, 99% used [0x00000000f1e80000,0x00000000f24fc748,0x00000000f2500000)
  to   space 8704K, 0% used [0x00000000f1600000,0x00000000f1600000,0x00000000f1e80000)
 ParOldGen       total 37376K, used 12832K [0x00000000c2600000, 0x00000000c4a80000, 0x00000000eb780000)
  object space 37376K, 34% used [0x00000000c2600000,0x00000000c3288158,0x00000000c4a80000)
 Metaspace       used 33355K, capacity 34812K, committed 35072K, reserved 1079296K
  class space    used 4266K, capacity 4550K, committed 4608K, reserved 1048576K
Event: 4.579 GC heap after
Heap after GC invocations=10 (full 1):
 PSYoungGen      total 105472K, used 8676K [0x00000000eb780000, 0x00000000f4c80000, 0x0000000100000000)
  eden space 96768K, 0% used [0x00000000eb780000,0x00000000eb780000,0x00000000f1600000)
  from space 8704K, 99% used [0x00000000f1600000,0x00000000f1e79368,0x00000000f1e80000)
  to   space 12288K, 0% used [0x00000000f4080000,0x00000000f4080000,0x00000000f4c80000)
 ParOldGen       total 37376K, used 18491K [0x00000000c2600000, 0x00000000c4a80000, 0x00000000eb780000)
  object space 37376K, 49% used [0x00000000c2600000,0x00000000c380efd0,0x00000000c4a80000)
 Metaspace       used 33355K, capacity 34812K, committed 35072K, reserved 1079296K
  class space    used 4266K, capacity 4550K, committed 4608K, reserved 1048576K
}
Event: 4.731 GC heap before
{Heap before GC invocations=11 (full 1):
 PSYoungGen      total 105472K, used 24908K [0x00000000eb780000, 0x00000000f4c80000, 0x0000000100000000)
  eden space 96768K, 16% used [0x00000000eb780000,0x00000000ec759f08,0x00000000f1600000)
  from space 8704K, 99% used [0x00000000f1600000,0x00000000f1e79368,0x00000000f1e80000)
  to   space 12288K, 0% used [0x00000000f4080000,0x00000000f4080000,0x00000000f4c80000)
 ParOldGen       total 37376K, used 18491K [0x00000000c2600000, 0x00000000c4a80000, 0x00000000eb780000)
  object space 37376K, 49% used [0x00000000c2600000,0x00000000c380efd0,0x00000000c4a80000)
 Metaspace       used 33895K, capacity 35376K, committed 35416K, reserved 1081344K
  class space    used 4322K, capacity 4598K, committed 4608K, reserved 1048576K
Event: 4.742 GC heap after
Heap after GC invocations=11 (full 1):
 PSYoungGen      total 140800K, used 5191K [0x00000000eb780000, 0x00000000f5380000, 0x0000000100000000)
  eden space 128512K, 0% used [0x00000000eb780000,0x00000000eb780000,0x00000000f3500000)
  from space 12288K, 42% used [0x00000000f4080000,0x00000000f4591cd8,0x00000000f4c80000)
  to   space 11776K, 0% used [0x00000000f3500000,0x00000000f3500000,0x00000000f4080000)
 ParOldGen       total 37376K, used 24164K [0x00000000c2600000, 0x00000000c4a80000, 0x00000000eb780000)
  object space 37376K, 64% used [0x00000000c2600000,0x00000000c3d99378,0x00000000c4a80000)
 Metaspace       used 33895K, capacity 35376K, committed 35416K, reserved 1081344K
  class space    used 4322K, capacity 4598K, committed 4608K, reserved 1048576K
}
Event: 4.742 GC heap before
{Heap before GC invocations=12 (full 2):
 PSYoungGen      total 140800K, used 5191K [0x00000000eb780000, 0x00000000f5380000, 0x0000000100000000)
  eden space 128512K, 0% used [0x00000000eb780000,0x00000000eb780000,0x00000000f3500000)
  from space 12288K, 42% used [0x00000000f4080000,0x00000000f4591cd8,0x00000000f4c80000)
  to   space 11776K, 0% used [0x00000000f3500000,0x00000000f3500000,0x00000000f4080000)
 ParOldGen       total 37376K, used 24164K [0x00000000c2600000, 0x00000000c4a80000, 0x00000000eb780000)
  object space 37376K, 64% used [0x00000000c2600000,0x00000000c3d99378,0x00000000c4a80000)
 Metaspace       used 33895K, capacity 35376K, committed 35416K, reserved 1081344K
  class space    used 4322K, capacity 4598K, committed 4608K, reserved 1048576K
Event: 4.797 GC heap after
Heap after GC invocations=12 (full 2):
 PSYoungGen      total 140800K, used 0K [0x00000000eb780000, 0x00000000f5380000, 0x0000000100000000)
  eden space 128512K, 0% used [0x00000000eb780000,0x00000000eb780000,0x00000000f3500000)
  from space 12288K, 0% used [0x00000000f4080000,0x00000000f4080000,0x00000000f4c80000)
  to   space 11776K, 0% used [0x00000000f3500000,0x00000000f3500000,0x00000000f4080000)
 ParOldGen       total 56832K, used 17660K [0x00000000c2600000, 0x00000000c5d80000, 0x00000000eb780000)
  object space 56832K, 31% used [0x00000000c2600000,0x00000000c373f048,0x00000000c5d80000)
 Metaspace       used 33895K, capacity 35376K, committed 35416K, reserved 1081344K
  class space    used 4322K, capacity 4598K, committed 4608K, reserved 1048576K
}
Event: 6.994 GC heap before
{Heap before GC invocations=13 (full 2):
 PSYoungGen      total 140800K, used 128512K [0x00000000eb780000, 0x00000000f5380000, 0x0000000100000000)
  eden space 128512K, 100% used [0x00000000eb780000,0x00000000f3500000,0x00000000f3500000)
  from space 12288K, 0% used [0x00000000f4080000,0x00000000f4080000,0x00000000f4c80000)
  to   space 11776K, 0% used [0x00000000f3500000,0x00000000f3500000,0x00000000f4080000)
 ParOldGen       total 56832K, used 17660K [0x00000000c2600000, 0x00000000c5d80000, 0x00000000eb780000)
  object space 56832K, 31% used [0x00000000c2600000,0x00000000c373f048,0x00000000c5d80000)
 Metaspace       used 47764K, capacity 49462K, committed 49920K, reserved 1093632K
  class space    used 6223K, capacity 6535K, committed 6656K, reserved 1048576K

Deoptimization events (10 events):
Event: 6.988 Thread 0x00007f9c5800f800 Uncommon trap: reason=unhandled action=none pc=0x00007f9c4986f190 method=java.net.URLClassLoader.findClass(Ljava/lang/String;)Ljava/lang/Class; @ 44
Event: 6.988 Thread 0x00007f9c5800f800 Uncommon trap: reason=unhandled action=none pc=0x00007f9c4986f190 method=java.net.URLClassLoader.findClass(Ljava/lang/String;)Ljava/lang/Class; @ 44
Event: 6.988 Thread 0x00007f9c5800f800 Uncommon trap: reason=unhandled action=none pc=0x00007f9c4986f190 method=java.net.URLClassLoader.findClass(Ljava/lang/String;)Ljava/lang/Class; @ 44
Event: 6.989 Thread 0x00007f9c5800f800 Uncommon trap: reason=unhandled action=none pc=0x00007f9c4986f190 method=java.net.URLClassLoader.findClass(Ljava/lang/String;)Ljava/lang/Class; @ 44
Event: 6.990 Thread 0x00007f9c5800f800 Uncommon trap: reason=unhandled action=none pc=0x00007f9c4986f190 method=java.net.URLClassLoader.findClass(Ljava/lang/String;)Ljava/lang/Class; @ 44
Event: 6.990 Thread 0x00007f9c5800f800 Uncommon trap: reason=unhandled action=none pc=0x00007f9c4986f190 method=java.net.URLClassLoader.findClass(Ljava/lang/String;)Ljava/lang/Class; @ 44
Event: 6.991 Thread 0x00007f9c5800f800 Uncommon trap: reason=unhandled action=none pc=0x00007f9c4986f190 method=java.net.URLClassLoader.findClass(Ljava/lang/String;)Ljava/lang/Class; @ 44
Event: 6.991 Thread 0x00007f9c5800f800 Uncommon trap: reason=unhandled action=none pc=0x00007f9c4986f190 method=java.net.URLClassLoader.findClass(Ljava/lang/String;)Ljava/lang/Class; @ 44
Event: 6.992 Thread 0x00007f9c5800f800 Uncommon trap: reason=unhandled action=none pc=0x00007f9c4986f190 method=java.net.URLClassLoader.findClass(Ljava/lang/String;)Ljava/lang/Class; @ 44
Event: 6.993 Thread 0x00007f9c5800f800 Uncommon trap: reason=unhandled action=none pc=0x00007f9c4986f190 method=java.net.URLClassLoader.findClass(Ljava/lang/String;)Ljava/lang/Class; @ 44

Internal exceptions (10 events):
Event: 4.928 Thread 0x00007f9c5800f800 Exception <a 'java/lang/NullPointerException'> (0x00000000ebe82890) thrown at [/HUDSON/workspace/8-2-build-linux-amd64/jdk8u151/9699/hotspot/src/share/vm/runtime/sharedRuntime.cpp, line 605]
Event: 4.928 Thread 0x00007f9c5800f800 Implicit null exception at 0x00007f9c4920b89d to 0x00007f9c4920be0c
Event: 4.928 Thread 0x00007f9c5800f800 Exception <a 'java/lang/NullPointerException'> (0x00000000ebe83640) thrown at [/HUDSON/workspace/8-2-build-linux-amd64/jdk8u151/9699/hotspot/src/share/vm/runtime/sharedRuntime.cpp, line 605]
Event: 4.935 Thread 0x00007f9c5800f800 Exception <a 'java/lang/ArrayIndexOutOfBoundsException': 191> (0x00000000ebff1dc8) thrown at [/HUDSON/workspace/8-2-build-linux-amd64/jdk8u151/9699/hotspot/src/share/vm/interpreter/interpreterRuntime.cpp, line 366]
Event: 4.944 Thread 0x00007f9c5800f800 Exception <a 'java/lang/ArrayIndexOutOfBoundsException': 38> (0x00000000ec046e08) thrown at [/HUDSON/workspace/8-2-build-linux-amd64/jdk8u151/9699/hotspot/src/share/vm/interpreter/interpreterRuntime.cpp, line 366]
Event: 4.945 Thread 0x00007f9c5800f800 Exception <a 'java/lang/ArrayIndexOutOfBoundsException': 56> (0x00000000ec05e108) thrown at [/HUDSON/workspace/8-2-build-linux-amd64/jdk8u151/9699/hotspot/src/share/vm/interpreter/interpreterRuntime.cpp, line 366]
Event: 4.954 Thread 0x00007f9c5800f800 Exception <a 'java/lang/ArrayIndexOutOfBoundsException': 83> (0x00000000ec0ad8a8) thrown at [/HUDSON/workspace/8-2-build-linux-amd64/jdk8u151/9699/hotspot/src/share/vm/interpreter/interpreterRuntime.cpp, line 366]
Event: 4.959 Thread 0x00007f9c5800f800 Exception <a 'java/lang/ArrayIndexOutOfBoundsException': 185> (0x00000000ec112540) thrown at [/HUDSON/workspace/8-2-build-linux-amd64/jdk8u151/9699/hotspot/src/share/vm/interpreter/interpreterRuntime.cpp, line 366]
Event: 4.971 Thread 0x00007f9c5800f800 Exception <a 'java/lang/ArrayIndexOutOfBoundsException': 35> (0x00000000ec1c7540) thrown at [/HUDSON/workspace/8-2-build-linux-amd64/jdk8u151/9699/hotspot/src/share/vm/interpreter/interpreterRuntime.cpp, line 366]
Event: 4.971 Thread 0x00007f9c5800f800 Exception <a 'java/lang/ArrayIndexOutOfBoundsException': 92> (0x00000000ec1c8f08) thrown at [/HUDSON/workspace/8-2-build-linux-amd64/jdk8u151/9699/hotspot/src/share/vm/interpreter/interpreterRuntime.cpp, line 366]

Events (10 events):
Event: 6.993 loading class org/hibernate/stat/spi/StatisticsImplementor
Event: 6.993 loading class org/hibernate/stat/spi/StatisticsImplementor done
Event: 6.993 Thread 0x00007f9c5800f800 Uncommon trap: trap_request=0xffffffa7 fr.pc=0x00007f9c4986f190
Event: 6.993 Thread 0x00007f9c5800f800 DEOPT PACKING pc=0x00007f9c4986f190 sp=0x00007f9c603ffc60
Event: 6.993 Thread 0x00007f9c5800f800 DEOPT UNPACKING pc=0x00007f9c49005229 sp=0x00007f9c603ffc18 mode 2
Event: 6.993 Thread 0x00007f9c5800f800 DEOPT PACKING pc=0x00007f9c49cb025c sp=0x00007f9c603ffca0
Event: 6.993 Thread 0x00007f9c5800f800 DEOPT UNPACKING pc=0x00007f9c49047633 sp=0x00007f9c603ffae0 mode 1
Event: 6.993 Thread 0x00007f9c5800f800 DEOPT PACKING pc=0x00007f9c49cafffc sp=0x00007f9c603ffe30
Event: 6.993 Thread 0x00007f9c5800f800 DEOPT UNPACKING pc=0x00007f9c49047633 sp=0x00007f9c603ffc70 mode 1
Event: 6.994 Executing VM operation: ParallelGCFailedAllocation


Dynamic libraries:
00400000-00401000 r-xp 00000000 fe:00 801902                             /opt/java-jdk/jdk1.8.0_151/bin/java
00600000-00601000 rw-p 00000000 fe:00 801902                             /opt/java-jdk/jdk1.8.0_151/bin/java
0214e000-0216f000 rw-p 00000000 00:00 0                                  [heap]
c2600000-c5d80000 rw-p 00000000 00:00 0 
c5d80000-eb780000 ---p 00000000 00:00 0 
eb780000-f5380000 rw-p 00000000 00:00 0 
f7c80000-100000000 ---p 00000000 00:00 0 
100000000-100680000 rw-p 00000000 00:00 0 
100680000-140000000 ---p 00000000 00:00 0 
7f9be4000000-7f9be4021000 rw-p 00000000 00:00 0 
7f9be4021000-7f9be8000000 ---p 00000000 00:00 0 
7f9bec000000-7f9bec021000 rw-p 00000000 00:00 0 
7f9bec021000-7f9bf0000000 ---p 00000000 00:00 0 
7f9bf0000000-7f9bf0021000 rw-p 00000000 00:00 0 
7f9bf0021000-7f9bf4000000 ---p 00000000 00:00 0 
7f9bf4000000-7f9bf4021000 rw-p 00000000 00:00 0 
7f9bf4021000-7f9bf8000000 ---p 00000000 00:00 0 
7f9bf8000000-7f9bf8021000 rw-p 00000000 00:00 0 
7f9bf8021000-7f9bfc000000 ---p 00000000 00:00 0 
7f9bfc000000-7f9bfc0f9000 rw-p 00000000 00:00 0 
7f9bfc0f9000-7f9c00000000 ---p 00000000 00:00 0 
7f9c00000000-7f9c003be000 rw-p 00000000 00:00 0 
7f9c003be000-7f9c04000000 ---p 00000000 00:00 0 
7f9c04fff000-7f9c08000000 rw-p 00000000 00:00 0 
7f9c08000000-7f9c08021000 rw-p 00000000 00:00 0 
7f9c08021000-7f9c0c000000 ---p 00000000 00:00 0 
7f9c0c000000-7f9c0c021000 rw-p 00000000 00:00 0 
7f9c0c021000-7f9c10000000 ---p 00000000 00:00 0 
7f9c10000000-7f9c11f31000 rw-p 00000000 00:00 0 
7f9c11f31000-7f9c14000000 ---p 00000000 00:00 0 
7f9c14000000-7f9c14edc000 rw-p 00000000 00:00 0 
7f9c14edc000-7f9c18000000 ---p 00000000 00:00 0 
7f9c18000000-7f9c18021000 rw-p 00000000 00:00 0 
7f9c18021000-7f9c1c000000 ---p 00000000 00:00 0 
7f9c1c000000-7f9c1c021000 rw-p 00000000 00:00 0 
7f9c1c021000-7f9c20000000 ---p 00000000 00:00 0 
7f9c20000000-7f9c20021000 rw-p 00000000 00:00 0 
7f9c20021000-7f9c24000000 ---p 00000000 00:00 0 
7f9c24000000-7f9c24021000 rw-p 00000000 00:00 0 
7f9c24021000-7f9c28000000 ---p 00000000 00:00 0 
7f9c28000000-7f9c28021000 rw-p 00000000 00:00 0 
7f9c28021000-7f9c2c000000 ---p 00000000 00:00 0 
7f9c2c000000-7f9c2c021000 rw-p 00000000 00:00 0 
7f9c2c021000-7f9c30000000 ---p 00000000 00:00 0 
7f9c30000000-7f9c30021000 rw-p 00000000 00:00 0 
7f9c30021000-7f9c34000000 ---p 00000000 00:00 0 
7f9c34000000-7f9c3428f000 rw-p 00000000 00:00 0 
7f9c3428f000-7f9c38000000 ---p 00000000 00:00 0 
7f9c38000000-7f9c38021000 rw-p 00000000 00:00 0 
7f9c38021000-7f9c3c000000 ---p 00000000 00:00 0 
7f9c3d5cf000-7f9c3d60f000 rw-p 00000000 00:00 0 
7f9c3d60f000-7f9c3d7cf000 ---p 00000000 00:00 0 
7f9c3d7cf000-7f9c3d9cf000 rw-p 00000000 00:00 0 
7f9c3d9cf000-7f9c3dbcf000 rw-p 00000000 00:00 0 
7f9c3dbcf000-7f9c3dbd2000 ---p 00000000 00:00 0 
7f9c3dbd2000-7f9c3dcd0000 rw-p 00000000 00:00 0 
7f9c3dcd0000-7f9c3ded0000 rw-p 00000000 00:00 0 
7f9c3ded0000-7f9c3ded3000 ---p 00000000 00:00 0 
7f9c3ded3000-7f9c3dfd1000 rw-p 00000000 00:00 0 
7f9c3dfd1000-7f9c3e1d1000 rw-p 00000000 00:00 0 
7f9c3e1d1000-7f9c3e1e7000 r-xp 00000000 fe:00 1305707                    /lib/x86_64-linux-gnu/libgcc_s.so.1
7f9c3e1e7000-7f9c3e3e6000 ---p 00016000 fe:00 1305707                    /lib/x86_64-linux-gnu/libgcc_s.so.1
7f9c3e3e6000-7f9c3e3e7000 r--p 00015000 fe:00 1305707                    /lib/x86_64-linux-gnu/libgcc_s.so.1
7f9c3e3e7000-7f9c3e3e8000 rw-p 00016000 fe:00 1305707                    /lib/x86_64-linux-gnu/libgcc_s.so.1
7f9c3e3e8000-7f9c3e41a000 r-xp 00000000 fe:00 1183656                    /opt/java-jdk/jdk1.8.0_151/jre/lib/amd64/libsunec.so
7f9c3e41a000-7f9c3e619000 ---p 00032000 fe:00 1183656                    /opt/java-jdk/jdk1.8.0_151/jre/lib/amd64/libsunec.so
7f9c3e619000-7f9c3e61f000 rw-p 00031000 fe:00 1183656                    /opt/java-jdk/jdk1.8.0_151/jre/lib/amd64/libsunec.so
7f9c3e61f000-7f9c3e82f000 rw-p 00000000 00:00 0 
7f9c3e82f000-7f9c3e832000 ---p 00000000 00:00 0 
7f9c3e832000-7f9c3e930000 rw-p 00000000 00:00 0 
7f9c3e930000-7f9c3f130000 rw-p 00000000 00:00 0 
7f9c3f142000-7f9c3f145000 ---p 00000000 00:00 0 
7f9c3f145000-7f9c3f243000 rw-p 00000000 00:00 0 
7f9c3f243000-7f9c3f443000 rw-p 00000000 00:00 0 
7f9c3f443000-7f9c3f643000 rw-p 00000000 00:00 0 
7f9c3f643000-7f9c3f843000 rw-p 00000000 00:00 0 
7f9c3f8ff000-7f9c3f902000 ---p 00000000 00:00 0 
7f9c3f902000-7f9c3fa00000 rw-p 00000000 00:00 0 
7f9c3fa00000-7f9c3fc00000 rw-p 00000000 00:00 0 
7f9c3fc00000-7f9c3fe00000 rw-p 00000000 00:00 0 
7f9c3fe00000-7f9c40000000 rw-p 00000000 00:00 0 
7f9c40000000-7f9c40021000 rw-p 00000000 00:00 0 
7f9c40021000-7f9c44000000 ---p 00000000 00:00 0 
7f9c44001000-7f9c44006000 r--s 0003e000 fe:00 1441800                    /opt/java-jdk/jdk1.8.0_151/jre/lib/ext/sunjce_provider.jar
7f9c44006000-7f9c44008000 r--s 00009000 fe:00 1441790                    /opt/java-jdk/jdk1.8.0_151/jre/lib/ext/sunec.jar
7f9c44008000-7f9c4400b000 r--s 0001a000 fe:00 1183716                    /opt/java-jdk/jdk1.8.0_151/jre/lib/jce.jar
7f9c4400b000-7f9c44010000 r--s 002f9000 fe:00 1183633                    /opt/java-jdk/jdk1.8.0_151/jre/lib/charsets.jar
7f9c44010000-7f9c44015000 r--s 0009a000 fe:00 1183645                    /opt/java-jdk/jdk1.8.0_151/jre/lib/jsse.jar
7f9c44015000-7f9c44215000 rw-p 00000000 00:00 0 
7f9c44215000-7f9c44218000 ---p 00000000 00:00 0 
7f9c44218000-7f9c44316000 rw-p 00000000 00:00 0 
7f9c44316000-7f9c44516000 rw-p 00000000 00:00 0 
7f9c44516000-7f9c44527000 r-xp 00000000 fe:00 1183703                    /opt/java-jdk/jdk1.8.0_151/jre/lib/amd64/libnio.so
7f9c44527000-7f9c44726000 ---p 00011000 fe:00 1183703                    /opt/java-jdk/jdk1.8.0_151/jre/lib/amd64/libnio.so
7f9c44726000-7f9c44727000 rw-p 00010000 fe:00 1183703                    /opt/java-jdk/jdk1.8.0_151/jre/lib/amd64/libnio.so
7f9c44727000-7f9c44927000 rw-p 00000000 00:00 0 
7f9c44927000-7f9c44b27000 rw-p 00000000 00:00 0 
7f9c44b27000-7f9c44bbd000 r--s 01110000 fe:00 1441793                    /opt/java-jdk/jdk1.8.0_151/jre/lib/ext/jfxrt.jar
7f9c44bbd000-7f9c44dbd000 rw-p 00000000 00:00 0 
7f9c44dbd000-7f9c44dd4000 r-xp 00000000 fe:00 1183700                    /opt/java-jdk/jdk1.8.0_151/jre/lib/amd64/libnet.so
7f9c44dd4000-7f9c44fd3000 ---p 00017000 fe:00 1183700                    /opt/java-jdk/jdk1.8.0_151/jre/lib/amd64/libnet.so
7f9c44fd3000-7f9c44fd4000 rw-p 00016000 fe:00 1183700                    /opt/java-jdk/jdk1.8.0_151/jre/lib/amd64/libnet.so
7f9c44fd4000-7f9c44fdd000 r-xp 00000000 fe:00 1183708                    /opt/java-jdk/jdk1.8.0_151/jre/lib/amd64/libmanagement.so
7f9c44fdd000-7f9c451dc000 ---p 00009000 fe:00 1183708                    /opt/java-jdk/jdk1.8.0_151/jre/lib/amd64/libmanagement.so
7f9c451dc000-7f9c451dd000 rw-p 00008000 fe:00 1183708                    /opt/java-jdk/jdk1.8.0_151/jre/lib/amd64/libmanagement.so
7f9c451dd000-7f9c453dd000 rw-p 00000000 00:00 0 
7f9c453dd000-7f9c453e0000 ---p 00000000 00:00 0 
7f9c453e0000-7f9c454de000 rw-p 00000000 00:00 0 
7f9c454de000-7f9c454e8000 r--s 00116000 fe:00 1441799                    /opt/java-jdk/jdk1.8.0_151/jre/lib/ext/localedata.jar
7f9c454e8000-7f9c454ef000 r--s 00000000 fe:00 393953                     /usr/lib/x86_64-linux-gnu/gconv/gconv-modules.cache
7f9c454ef000-7f9c45515000 r--p 00000000 fe:00 397017                     /usr/share/locale/de/LC_MESSAGES/libc.mo
7f9c45515000-7f9c4551f000 r--s 0005c000 fe:00 155                        /home/bzz/.m2/repository/javax/servlet/jstl/1.2/jstl-1.2.jar
7f9c4551f000-7f9c45532000 r--s 00244000 fe:00 1090                       /home/bzz/.m2/repository/org/eclipse/jdt/ecj/3.12.3/ecj-3.12.3.jar
7f9c45532000-7f9c45537000 r--s 00038000 fe:00 1085                       /home/bzz/.m2/repository/org/apache/tomcat/embed/tomcat-embed-el/8.5.37/tomcat-embed-el-8.5.37.jar
7f9c45537000-7f9c45539000 r--s 00002000 fe:00 167                        /home/bzz/.m2/repository/org/apache/tomcat/tomcat-annotations-api/8.5.37/tomcat-annotations-api-8.5.37.jar
7f9c45539000-7f9c45563000 r--s 002d8000 fe:00 1083                       /home/bzz/.m2/repository/org/apache/tomcat/embed/tomcat-embed-core/8.5.37/tomcat-embed-core-8.5.37.jar
7f9c45563000-7f9c4556c000 r--s 00097000 fe:00 165                        /home/bzz/.m2/repository/org/apache/tomcat/embed/tomcat-embed-jasper/8.5.37/tomcat-embed-jasper-8.5.37.jar
7f9c4556c000-7f9c45576000 r--s 000ec000 fe:00 1060                       /home/bzz/.m2/repository/mysql/mysql-connector-java/5.1.46/mysql-connector-java-5.1.46.jar
7f9c45576000-7f9c4557f000 r--s 00058000 fe:00 1177387                    /home/bzz/.m2/repository/taglibs/standard/1.1.2/standard-1.1.2.jar
7f9c4557f000-7f9c45589000 r--s 0005c000 fe:00 1177385                    /home/bzz/.m2/repository/jstl/jstl/1.2/jstl-1.2.jar
7f9c45589000-7f9c4558b000 r--s 0000a000 fe:00 1015                       /home/bzz/.m2/repository/org/springframework/spring-aspects/5.1.6.RELEASE/spring-aspects-5.1.6.RELEASE.jar
7f9c4558b000-7f9c4558d000 r--s 00009000 fe:00 854                        /home/bzz/.m2/repository/org/slf4j/slf4j-api/1.7.26/slf4j-api-1.7.26.jar
7f9c4558d000-7f9c45595000 r--s 00037000 fe:00 1013                       /home/bzz/.m2/repository/org/springframework/spring-tx/5.1.6.RELEASE/spring-tx-5.1.6.RELEASE.jar
7f9c45595000-7f9c45599000 r--s 0002d000 fe:00 1011                       /home/bzz/.m2/repository/org/springframework/spring-orm/5.1.6.RELEASE/spring-orm-5.1.6.RELEASE.jar
7f9c45599000-7f9c455b1000 r--s 00106000 fe:00 1708246                    /home/bzz/.m2/repository/org/springframework/data/spring-data-commons/2.1.6.RELEASE/spring-data-commons-2.1.6.RELEASE.jar
7f9c455b1000-7f9c455b9000 r--s 0004f000 fe:00 1452741                    /home/bzz/.m2/repository/org/springframework/data/spring-data-jpa/2.1.6.RELEASE/spring-data-jpa-2.1.6.RELEASE.jar
7f9c455b9000-7f9c455bc000 r--s 00010000 fe:00 1009                       /home/bzz/.m2/repository/org/hibernate/common/hibernate-commons-annotations/5.0.4.Final/hibernate-commons-annotations-5.0.4.Final.jar
7f9c455bc000-7f9c455c1000 r--s 0004b000 fe:00 1007                       /home/bzz/.m2/repository/org/dom4j/dom4j/2.1.1/dom4j-2.1.1.jar
7f9c455c1000-7f9c455c4000 r--s 0002b000 fe:00 1005                       /home/bzz/.m2/repository/org/jboss/jandex/2.0.5.Final/jandex-2.0.5.Final.jar
7f9c455c4000-7f9c455c9000 r--s 00068000 fe:00 1003                       /home/bzz/.m2/repository/antlr/antlr/2.7.7/antlr-2.7.7.jar
7f9c455c9000-7f9c45610000 r--s 002da000 fe:00 1001                       /home/bzz/.m2/repository/net/bytebuddy/byte-buddy/1.9.12/byte-buddy-1.9.12.jar
7f9c45610000-7f9c4561b000 r--s 000b2000 fe:00 999                        /home/bzz/.m2/repository/org/javassist/javassist/3.23.1-GA/javassist-3.23.1-GA.jar
7f9c4561b000-7f9c45621000 r--s 00023000 fe:00 997                        /home/bzz/.m2/repository/javax/persistence/javax.persistence-api/2.2/javax.persistence-api-2.2.jar
7f9c45621000-7f9c456a4000 r--s 00626000 fe:00 1835970                    /home/bzz/.m2/repository/org/hibernate/hibernate-core/5.3.9.Final/hibernate-core-5.3.9.Final.jar
7f9c456a4000-7f9c456a6000 r--s 0000c000 fe:00 1708244                    /home/bzz/.m2/repository/javax/activation/javax.activation-api/1.2.0/javax.activation-api-1.2.0.jar
7f9c456a6000-7f9c456aa000 r--s 0001c000 fe:00 1574645                    /home/bzz/.m2/repository/javax/xml/bind/jaxb-api/2.3.1/jaxb-api-2.3.1.jar
7f9c456aa000-7f9c456ab000 r--s 00006000 fe:00 1452739                    /home/bzz/.m2/repository/javax/transaction/javax.transaction-api/1.3/javax.transaction-api-1.3.jar
7f9c456ab000-7f9c456b4000 r--s 0005a000 fe:00 995                        /home/bzz/.m2/repository/org/springframework/spring-jdbc/5.1.6.RELEASE/spring-jdbc-5.1.6.RELEASE.jar
7f9c456b4000-7f9c456b8000 r--s 00020000 fe:00 1307995                    /home/bzz/.m2/repository/com/zaxxer/HikariCP/3.2.0/HikariCP-3.2.0.jar
7f9c456b8000-7f9c456b9000 r--s 00000000 fe:00 993                        /home/bzz/.m2/repository/org/springframework/boot/spring-boot-starter-jdbc/2.1.4.RELEASE/spring-boot-starter-jdbc-2.1.4.RELEASE.jar
7f9c456b9000-7f9c456d2000 r--s 001de000 fe:00 991                        /home/bzz/.m2/repository/org/aspectj/aspectjweaver/1.9.2/aspectjweaver-1.9.2.jar
7f9c456d2000-7f9c456d3000 r--s 00000000 fe:00 989                        /home/bzz/.m2/repository/org/springframework/boot/spring-boot-starter-aop/2.1.4.RELEASE/spring-boot-starter-aop-2.1.4.RELEASE.jar
7f9c456d3000-7f9c456d4000 r--s 00000000 fe:00 987                        /home/bzz/.m2/repository/org/springframework/boot/spring-boot-starter-data-jpa/2.1.4.RELEASE/spring-boot-starter-data-jpa-2.1.4.RELEASE.jar
7f9c456d4000-7f9c456d9000 r--s 00040000 fe:00 892                        /home/bzz/.m2/repository/org/springframework/spring-expression/5.1.6.RELEASE/spring-expression-5.1.6.RELEASE.jar
7f9c456d9000-7f9c456f3000 r--s 000f3000 fe:00 890                        /home/bzz/.m2/repository/org/springframework/spring-context/5.1.6.RELEASE/spring-context-5.1.6.RELEASE.jar
7f9c456f3000-7f9c456fd000 r--s 00051000 fe:00 888                        /home/bzz/.m2/repository/org/springframework/spring-aop/5.1.6.RELEASE/spring-aop-5.1.6.RELEASE.jar
7f9c456fd000-7f9c4570c000 r--s 000b5000 fe:00 886                        /home/bzz/.m2/repository/org/springframework/spring-webmvc/5.1.6.RELEASE/spring-webmvc-5.1.6.RELEASE.jar
7f9c4570c000-7f9c45719000 r--s 00098000 fe:00 884                        /home/bzz/.m2/repository/org/springframework/spring-beans/5.1.6.RELEASE/spring-beans-5.1.6.RELEASE.jar
7f9c45719000-7f9c45735000 r--s 00137000 fe:00 882                        /home/bzz/.m2/repository/org/springframework/spring-web/5.1.6.RELEASE/spring-web-5.1.6.RELEASE.jar
7f9c45735000-7f9c45737000 r--s 0000f000 fe:00 1574627                    /home/bzz/.m2/repository/com/fasterxml/classmate/1.4.0/classmate-1.4.0.jar
7f9c45737000-7f9c45739000 r--s 0000f000 fe:00 1448391                    /home/bzz/.m2/repository/org/jboss/logging/jboss-logging/3.3.2.Final/jboss-logging-3.3.2.Final.jar
7f9c45739000-7f9c4573e000 r--s 00012000 fe:00 1448387                    /home/bzz/.m2/repository/javax/validation/validation-api/2.0.1.Final/validation-api-2.0.1.Final.jar
7f9c4573e000-7f9c4575b000 r--s 000fe000 fe:00 1452725                    /home/bzz/.m2/repository/org/hibernate/validator/hibernate-validator/6.0.16.Final/hibernate-validator-6.0.16.Final.jar
7f9c4575b000-7f9c45760000 r--s 0003a000 fe:00 1087                       /home/bzz/.m2/repository/org/apache/tomcat/embed/tomcat-embed-websocket/8.5.37/tomcat-embed-websocket-8.5.37.jar
7f9c45760000-7f9c45761000 r--s 00000000 fe:00 874                        /home/bzz/.m2/repository/org/springframework/boot/spring-boot-starter-tomcat/2.1.4.RELEASE/spring-boot-starter-tomcat-2.1.4.RELEASE.jar
7f9c45761000-7f9c45763000 r--s 00001000 fe:00 872                        /home/bzz/.m2/repository/com/fasterxml/jackson/module/jackson-module-parameter-names/2.9.8/jackson-module-parameter-names-2.9.8.jar
7f9c45763000-7f9c45766000 r--s 00016000 fe:00 870                        /home/bzz/.m2/repository/com/fasterxml/jackson/datatype/jackson-datatype-jsr310/2.9.8/jackson-datatype-jsr310-2.9.8.jar
7f9c45766000-7f9c45768000 r--s 00007000 fe:00 868                        /home/bzz/.m2/repository/com/fasterxml/jackson/datatype/jackson-datatype-jdk8/2.9.8/jackson-datatype-jdk8-2.9.8.jar
7f9c45768000-7f9c4576c000 r--s 0004c000 fe:00 866                        /home/bzz/.m2/repository/com/fasterxml/jackson/core/jackson-core/2.9.8/jackson-core-2.9.8.jar
7f9c4576c000-7f9c4576f000 r--s 0000e000 fe:00 864                        /home/bzz/.m2/repository/com/fasterxml/jackson/core/jackson-annotations/2.9.0/jackson-annotations-2.9.0.jar
7f9c4576f000-7f9c45781000 r--s 00137000 fe:00 1708225                    /home/bzz/.m2/repository/com/fasterxml/jackson/core/jackson-databind/2.9.8/jackson-databind-2.9.8.jar
7f9c45781000-7f9c45782000 r--s 00000000 fe:00 862                        /home/bzz/.m2/repository/org/springframework/boot/spring-boot-starter-json/2.1.4.RELEASE/spring-boot-starter-json-2.1.4.RELEASE.jar
7f9c45782000-7f9c45789000 r--s 00043000 fe:00 860                        /home/bzz/.m2/repository/org/yaml/snakeyaml/1.23/snakeyaml-1.23.jar
7f9c45789000-7f9c4578a000 r--s 00005000 fe:00 1835959                    /home/bzz/.m2/repository/org/springframework/spring-jcl/5.1.6.RELEASE/spring-jcl-5.1.6.RELEASE.jar
7f9c4578a000-7f9c457a2000 r--s 00124000 fe:00 1835957                    /home/bzz/.m2/repository/org/springframework/spring-core/5.1.6.RELEASE/spring-core-5.1.6.RELEASE.jar
7f9c457a2000-7f9c457a4000 r--s 00005000 fe:00 1574625                    /home/bzz/.m2/repository/javax/annotation/javax.annotation-api/1.3.2/javax.annotation-api-1.3.2.jar
7f9c457a4000-7f9c457aa000 r--s 0003c000 fe:00 858                        /home/bzz/.m2/repository/org/apache/logging/log4j/log4j-api/2.11.2/log4j-api-2.11.2.jar
7f9c457aa000-7f9c457b5000 r--s 00069000 fe:00 852                        /home/bzz/.m2/repository/ch/qos/logback/logback-core/1.2.3/logback-core-1.2.3.jar
7f9c457b5000-7f9c457bb000 r--s 00041000 fe:00 850                        /home/bzz/.m2/repository/ch/qos/logback/logback-classic/1.2.3/logback-classic-1.2.3.jar
7f9c457bb000-7f9c457df000 r--s 00111000 fe:00 846                        /home/bzz/.m2/repository/org/springframework/boot/spring-boot-autoconfigure/2.1.4.RELEASE/spring-boot-autoconfigure-2.1.4.RELEASE.jar
7f9c457df000-7f9c457f4000 r--s 000d4000 fe:00 844                        /home/bzz/.m2/repository/org/springframework/boot/spring-boot/2.1.4.RELEASE/spring-boot-2.1.4.RELEASE.jar
7f9c457f4000-7f9c457f5000 ---p 00000000 00:00 0 
7f9c457f5000-7f9c458f5000 rw-p 00000000 00:00 0 
7f9c458f5000-7f9c458f8000 ---p 00000000 00:00 0 
7f9c458f8000-7f9c459f6000 rw-p 00000000 00:00 0 
7f9c459f6000-7f9c459f9000 ---p 00000000 00:00 0 
7f9c459f9000-7f9c45af7000 rw-p 00000000 00:00 0 
7f9c45af7000-7f9c45afa000 ---p 00000000 00:00 0 
7f9c45afa000-7f9c45bf8000 rw-p 00000000 00:00 0 
7f9c45bf8000-7f9c45bfb000 ---p 00000000 00:00 0 
7f9c45bfb000-7f9c45cf9000 rw-p 00000000 00:00 0 
7f9c45cf9000-7f9c45cfc000 ---p 00000000 00:00 0 
7f9c45cfc000-7f9c45dfa000 rw-p 00000000 00:00 0 
7f9c45dfa000-7f9c45dfd000 ---p 00000000 00:00 0 
7f9c45dfd000-7f9c45efb000 rw-p 00000000 00:00 0 
7f9c45efb000-7f9c45eff000 r-xp 00000000 fe:00 1183668                    /opt/java-jdk/jdk1.8.0_151/jre/lib/amd64/libdt_socket.so
7f9c45eff000-7f9c460fe000 ---p 00004000 fe:00 1183668                    /opt/java-jdk/jdk1.8.0_151/jre/lib/amd64/libdt_socket.so
7f9c460fe000-7f9c460ff000 rw-p 00003000 fe:00 1183668                    /opt/java-jdk/jdk1.8.0_151/jre/lib/amd64/libdt_socket.so
7f9c460ff000-7f9c46102000 ---p 00000000 00:00 0 
7f9c46102000-7f9c46200000 rw-p 00000000 00:00 0 
7f9c46200000-7f9c46203000 ---p 00000000 00:00 0 
7f9c46203000-7f9c46301000 rw-p 00000000 00:00 0 
7f9c46301000-7f9c46304000 ---p 00000000 00:00 0 
7f9c46304000-7f9c46402000 rw-p 00000000 00:00 0 
7f9c46402000-7f9c46403000 ---p 00000000 00:00 0 
7f9c46403000-7f9c47130000 rw-p 00000000 00:00 0 
7f9c47130000-7f9c49000000 rw-p 00000000 00:00 0 
7f9c49000000-7f9c49d60000 rwxp 00000000 00:00 0 
7f9c49d60000-7f9c58000000 ---p 00000000 00:00 0 
7f9c58000000-7f9c5962f000 rw-p 00000000 00:00 0 
7f9c5962f000-7f9c5c000000 ---p 00000000 00:00 0 
7f9c5c000000-7f9c5c002000 r--s 00000000 fe:00 1177352                    /home/bzz/.m2/repository/org/slf4j/jul-to-slf4j/1.7.26/jul-to-slf4j-1.7.26.jar
7f9c5c002000-7f9c5c004000 r--s 00003000 fe:00 856                        /home/bzz/.m2/repository/org/apache/logging/log4j/log4j-to-slf4j/2.11.2/log4j-to-slf4j-2.11.2.jar
7f9c5c004000-7f9c5c005000 r--s 00000000 fe:00 848                        /home/bzz/.m2/repository/org/springframework/boot/spring-boot-starter-logging/2.1.4.RELEASE/spring-boot-starter-logging-2.1.4.RELEASE.jar
7f9c5c005000-7f9c5c006000 r--s 00000000 fe:00 842                        /home/bzz/.m2/repository/org/springframework/boot/spring-boot-starter/2.1.4.RELEASE/spring-boot-starter-2.1.4.RELEASE.jar
7f9c5c006000-7f9c5c009000 r--s 00015000 fe:00 1453168                    /home/bzz/.m2/repository/javax/servlet/javax.servlet-api/4.0.1/javax.servlet-api-4.0.1.jar
7f9c5c009000-7f9c5c00e000 r--s 00084000 fe:00 1183606                    /opt/java-jdk/jdk1.8.0_151/jre/lib/jfr.jar
7f9c5c00e000-7f9c5c013000 r--s 002f9000 fe:00 1183633                    /opt/java-jdk/jdk1.8.0_151/jre/lib/charsets.jar
7f9c5c013000-7f9c5c018000 r--s 0009a000 fe:00 1183645                    /opt/java-jdk/jdk1.8.0_151/jre/lib/jsse.jar
7f9c5c018000-7f9c5c088000 rw-p 00000000 00:00 0 
7f9c5c088000-7f9c5c261000 r--s 03d5a000 fe:00 1183635                    /opt/java-jdk/jdk1.8.0_151/jre/lib/rt.jar
7f9c5c261000-7f9c5c2d7000 rw-p 00000000 00:00 0 
7f9c5c2d7000-7f9c5c4c4000 rw-p 00000000 00:00 0 
7f9c5c4c4000-7f9c5c4c5000 ---p 00000000 00:00 0 
7f9c5c4c5000-7f9c5c5c5000 rw-p 00000000 00:00 0 
7f9c5c5c5000-7f9c5c5c6000 ---p 00000000 00:00 0 
7f9c5c5c6000-7f9c5c6c6000 rw-p 00000000 00:00 0 
7f9c5c6c6000-7f9c5c6c7000 ---p 00000000 00:00 0 
7f9c5c6c7000-7f9c5c7c7000 rw-p 00000000 00:00 0 
7f9c5c7c7000-7f9c5c7e3000 rw-p 00000000 00:00 0 
7f9c5c7e3000-7f9c5c910000 ---p 00000000 00:00 0 
7f9c5c910000-7f9c5c92c000 rw-p 00000000 00:00 0 
7f9c5c92c000-7f9c5ca58000 ---p 00000000 00:00 0 
7f9c5ca58000-7f9c5caa7000 rw-p 00000000 00:00 0 
7f9c5caa7000-7f9c5cafd000 ---p 00000000 00:00 0 
7f9c5cafd000-7f9c5cb34000 rw-p 00000000 00:00 0 
7f9c5cb34000-7f9c5cebe000 ---p 00000000 00:00 0 
7f9c5cebe000-7f9c5ced9000 r-xp 00000000 fe:00 1183696                    /opt/java-jdk/jdk1.8.0_151/jre/lib/amd64/libzip.so
7f9c5ced9000-7f9c5d0d9000 ---p 0001b000 fe:00 1183696                    /opt/java-jdk/jdk1.8.0_151/jre/lib/amd64/libzip.so
7f9c5d0d9000-7f9c5d0da000 rw-p 0001b000 fe:00 1183696                    /opt/java-jdk/jdk1.8.0_151/jre/lib/amd64/libzip.so
7f9c5d0da000-7f9c5d0e4000 r-xp 00000000 fe:00 1305618                    /lib/x86_64-linux-gnu/libnss_files-2.24.so
7f9c5d0e4000-7f9c5d2e4000 ---p 0000a000 fe:00 1305618                    /lib/x86_64-linux-gnu/libnss_files-2.24.so
7f9c5d2e4000-7f9c5d2e5000 r--p 0000a000 fe:00 1305618                    /lib/x86_64-linux-gnu/libnss_files-2.24.so
7f9c5d2e5000-7f9c5d2e6000 rw-p 0000b000 fe:00 1305618                    /lib/x86_64-linux-gnu/libnss_files-2.24.so
7f9c5d2e6000-7f9c5d2ec000 rw-p 00000000 00:00 0 
7f9c5d2ec000-7f9c5d2f7000 r-xp 00000000 fe:00 1305620                    /lib/x86_64-linux-gnu/libnss_nis-2.24.so
7f9c5d2f7000-7f9c5d4f6000 ---p 0000b000 fe:00 1305620                    /lib/x86_64-linux-gnu/libnss_nis-2.24.so
7f9c5d4f6000-7f9c5d4f7000 r--p 0000a000 fe:00 1305620                    /lib/x86_64-linux-gnu/libnss_nis-2.24.so
7f9c5d4f7000-7f9c5d4f8000 rw-p 0000b000 fe:00 1305620                    /lib/x86_64-linux-gnu/libnss_nis-2.24.so
7f9c5d4f8000-7f9c5d50c000 r-xp 00000000 fe:00 1305615                    /lib/x86_64-linux-gnu/libnsl-2.24.so
7f9c5d50c000-7f9c5d70c000 ---p 00014000 fe:00 1305615                    /lib/x86_64-linux-gnu/libnsl-2.24.so
7f9c5d70c000-7f9c5d70d000 r--p 00014000 fe:00 1305615                    /lib/x86_64-linux-gnu/libnsl-2.24.so
7f9c5d70d000-7f9c5d70e000 rw-p 00015000 fe:00 1305615                    /lib/x86_64-linux-gnu/libnsl-2.24.so
7f9c5d70e000-7f9c5d710000 rw-p 00000000 00:00 0 
7f9c5d710000-7f9c5d717000 r-xp 00000000 fe:00 1305616                    /lib/x86_64-linux-gnu/libnss_compat-2.24.so
7f9c5d717000-7f9c5d916000 ---p 00007000 fe:00 1305616                    /lib/x86_64-linux-gnu/libnss_compat-2.24.so
7f9c5d916000-7f9c5d917000 r--p 00006000 fe:00 1305616                    /lib/x86_64-linux-gnu/libnss_compat-2.24.so
7f9c5d917000-7f9c5d918000 rw-p 00007000 fe:00 1305616                    /lib/x86_64-linux-gnu/libnss_compat-2.24.so
7f9c5d918000-7f9c5dab3000 r--p 00000000 fe:00 392923                     /usr/lib/locale/locale-archive
7f9c5dab3000-7f9c5dab5000 r-xp 00000000 fe:00 1183670                    /opt/java-jdk/jdk1.8.0_151/jre/lib/amd64/libnpt.so
7f9c5dab5000-7f9c5dcb5000 ---p 00002000 fe:00 1183670                    /opt/java-jdk/jdk1.8.0_151/jre/lib/amd64/libnpt.so
7f9c5dcb5000-7f9c5dcb6000 rw-p 00002000 fe:00 1183670                    /opt/java-jdk/jdk1.8.0_151/jre/lib/amd64/libnpt.so
7f9c5dcb6000-7f9c5dcef000 r-xp 00000000 fe:00 1183684                    /opt/java-jdk/jdk1.8.0_151/jre/lib/amd64/libjdwp.so
7f9c5dcef000-7f9c5deef000 ---p 00039000 fe:00 1183684                    /opt/java-jdk/jdk1.8.0_151/jre/lib/amd64/libjdwp.so
7f9c5deef000-7f9c5def0000 rw-p 00039000 fe:00 1183684                    /opt/java-jdk/jdk1.8.0_151/jre/lib/amd64/libjdwp.so
7f9c5def0000-7f9c5def1000 rw-p 00000000 00:00 0 
7f9c5def1000-7f9c5df1c000 r-xp 00000000 fe:00 1183690                    /opt/java-jdk/jdk1.8.0_151/jre/lib/amd64/libjava.so
7f9c5df1c000-7f9c5e11b000 ---p 0002b000 fe:00 1183690                    /opt/java-jdk/jdk1.8.0_151/jre/lib/amd64/libjava.so
7f9c5e11b000-7f9c5e11d000 rw-p 0002a000 fe:00 1183690                    /opt/java-jdk/jdk1.8.0_151/jre/lib/amd64/libjava.so
7f9c5e11d000-7f9c5e12a000 r-xp 00000000 fe:00 1183695                    /opt/java-jdk/jdk1.8.0_151/jre/lib/amd64/libverify.so
7f9c5e12a000-7f9c5e32a000 ---p 0000d000 fe:00 1183695                    /opt/java-jdk/jdk1.8.0_151/jre/lib/amd64/libverify.so
7f9c5e32a000-7f9c5e32c000 rw-p 0000d000 fe:00 1183695                    /opt/java-jdk/jdk1.8.0_151/jre/lib/amd64/libverify.so
7f9c5e32c000-7f9c5e333000 r-xp 00000000 fe:00 1305625                    /lib/x86_64-linux-gnu/librt-2.24.so
7f9c5e333000-7f9c5e532000 ---p 00007000 fe:00 1305625                    /lib/x86_64-linux-gnu/librt-2.24.so
7f9c5e532000-7f9c5e533000 r--p 00006000 fe:00 1305625                    /lib/x86_64-linux-gnu/librt-2.24.so
7f9c5e533000-7f9c5e534000 rw-p 00007000 fe:00 1305625                    /lib/x86_64-linux-gnu/librt-2.24.so
7f9c5e534000-7f9c5e637000 r-xp 00000000 fe:00 1305612                    /lib/x86_64-linux-gnu/libm-2.24.so
7f9c5e637000-7f9c5e836000 ---p 00103000 fe:00 1305612                    /lib/x86_64-linux-gnu/libm-2.24.so
7f9c5e836000-7f9c5e837000 r--p 00102000 fe:00 1305612                    /lib/x86_64-linux-gnu/libm-2.24.so
7f9c5e837000-7f9c5e838000 rw-p 00103000 fe:00 1305612                    /lib/x86_64-linux-gnu/libm-2.24.so
7f9c5e838000-7f9c5f50b000 r-xp 00000000 fe:00 1312866                    /opt/java-jdk/jdk1.8.0_151/jre/lib/amd64/server/libjvm.so
7f9c5f50b000-7f9c5f70a000 ---p 00cd3000 fe:00 1312866                    /opt/java-jdk/jdk1.8.0_151/jre/lib/amd64/server/libjvm.so
7f9c5f70a000-7f9c5f7e4000 rw-p 00cd2000 fe:00 1312866                    /opt/java-jdk/jdk1.8.0_151/jre/lib/amd64/server/libjvm.so
7f9c5f7e4000-7f9c5f82f000 rw-p 00000000 00:00 0 
7f9c5f82f000-7f9c5f9c4000 r-xp 00000000 fe:00 1305608                    /lib/x86_64-linux-gnu/libc-2.24.so
7f9c5f9c4000-7f9c5fbc4000 ---p 00195000 fe:00 1305608                    /lib/x86_64-linux-gnu/libc-2.24.so
7f9c5fbc4000-7f9c5fbc8000 r--p 00195000 fe:00 1305608                    /lib/x86_64-linux-gnu/libc-2.24.so
7f9c5fbc8000-7f9c5fbca000 rw-p 00199000 fe:00 1305608                    /lib/x86_64-linux-gnu/libc-2.24.so
7f9c5fbca000-7f9c5fbce000 rw-p 00000000 00:00 0 
7f9c5fbce000-7f9c5fbd1000 r-xp 00000000 fe:00 1305611                    /lib/x86_64-linux-gnu/libdl-2.24.so
7f9c5fbd1000-7f9c5fdd0000 ---p 00003000 fe:00 1305611                    /lib/x86_64-linux-gnu/libdl-2.24.so
7f9c5fdd0000-7f9c5fdd1000 r--p 00002000 fe:00 1305611                    /lib/x86_64-linux-gnu/libdl-2.24.so
7f9c5fdd1000-7f9c5fdd2000 rw-p 00003000 fe:00 1305611                    /lib/x86_64-linux-gnu/libdl-2.24.so
7f9c5fdd2000-7f9c5fde8000 r-xp 00000000 fe:00 802619                     /opt/java-jdk/jdk1.8.0_151/lib/amd64/jli/libjli.so
7f9c5fde8000-7f9c5ffe7000 ---p 00016000 fe:00 802619                     /opt/java-jdk/jdk1.8.0_151/lib/amd64/jli/libjli.so
7f9c5ffe7000-7f9c5ffe8000 rw-p 00015000 fe:00 802619                     /opt/java-jdk/jdk1.8.0_151/lib/amd64/jli/libjli.so
7f9c5ffe8000-7f9c60000000 r-xp 00000000 fe:00 1305623                    /lib/x86_64-linux-gnu/libpthread-2.24.so
7f9c60000000-7f9c601ff000 ---p 00018000 fe:00 1305623                    /lib/x86_64-linux-gnu/libpthread-2.24.so
7f9c601ff000-7f9c60200000 r--p 00017000 fe:00 1305623                    /lib/x86_64-linux-gnu/libpthread-2.24.so
7f9c60200000-7f9c60201000 rw-p 00018000 fe:00 1305623                    /lib/x86_64-linux-gnu/libpthread-2.24.so
7f9c60201000-7f9c60205000 rw-p 00000000 00:00 0 
7f9c60205000-7f9c60228000 r-xp 00000000 fe:00 1305603                    /lib/x86_64-linux-gnu/ld-2.24.so
7f9c60228000-7f9c60229000 r--s 00000000 fe:00 840                        /home/bzz/.m2/repository/org/springframework/boot/spring-boot-starter-web/2.1.4.RELEASE/spring-boot-starter-web-2.1.4.RELEASE.jar
7f9c60229000-7f9c6022c000 r--s 0001a000 fe:00 1183716                    /opt/java-jdk/jdk1.8.0_151/jre/lib/jce.jar
7f9c6022c000-7f9c602f1000 rw-p 00000000 00:00 0 
7f9c602f1000-7f9c60305000 rw-p 00000000 00:00 0 
7f9c60305000-7f9c60308000 ---p 00000000 00:00 0 
7f9c60308000-7f9c60408000 rw-p 00000000 00:00 0 
7f9c60408000-7f9c6041b000 r--s 00345000 fe:00 1183644                    /opt/java-jdk/jdk1.8.0_151/jre/lib/resources.jar
7f9c6041b000-7f9c60423000 rw-s 00000000 fe:00 655119                     /tmp/hsperfdata_bzz/45107
7f9c60423000-7f9c60424000 rw-p 00000000 00:00 0 
7f9c60424000-7f9c60425000 ---p 00000000 00:00 0 
7f9c60425000-7f9c60428000 rw-p 00000000 00:00 0 
7f9c60428000-7f9c60429000 r--p 00023000 fe:00 1305603                    /lib/x86_64-linux-gnu/ld-2.24.so
7f9c60429000-7f9c6042a000 rw-p 00024000 fe:00 1305603                    /lib/x86_64-linux-gnu/ld-2.24.so
7f9c6042a000-7f9c6042b000 rw-p 00000000 00:00 0 
7ffe0ea1c000-7ffe0ea3f000 rw-p 00000000 00:00 0                          [stack]
7ffe0eadc000-7ffe0eade000 r--p 00000000 00:00 0                          [vvar]
7ffe0eade000-7ffe0eae0000 r-xp 00000000 00:00 0                          [vdso]
ffffffffff600000-ffffffffff601000 r-xp 00000000 00:00 0                  [vsyscall]

VM Arguments:
jvm_args: -agentlib:jdwp=transport=dt_socket,suspend=y,address=localhost:46501 -Dfile.encoding=UTF-8 
java_command: modul.api.App
java_class_path (initial): /opt/java-jdk/jdk1.8.0_151/jre/lib/resources.jar:/opt/java-jdk/jdk1.8.0_151/jre/lib/rt.jar:/opt/java-jdk/jdk1.8.0_151/jre/lib/jsse.jar:/opt/java-jdk/jdk1.8.0_151/jre/lib/jce.jar:/opt/java-jdk/jdk1.8.0_151/jre/lib/charsets.jar:/opt/java-jdk/jdk1.8.0_151/jre/lib/jfr.jar:/opt/java-jdk/jdk1.8.0_151/jre/lib/ext/sunjce_provider.jar:/opt/java-jdk/jdk1.8.0_151/jre/lib/ext/zipfs.jar:/opt/java-jdk/jdk1.8.0_151/jre/lib/ext/jaccess.jar:/opt/java-jdk/jdk1.8.0_151/jre/lib/ext/localedata.jar:/opt/java-jdk/jdk1.8.0_151/jre/lib/ext/dnsns.jar:/opt/java-jdk/jdk1.8.0_151/jre/lib/ext/jfxrt.jar:/opt/java-jdk/jdk1.8.0_151/jre/lib/ext/sunec.jar:/opt/java-jdk/jdk1.8.0_151/jre/lib/ext/cldrdata.jar:/opt/java-jdk/jdk1.8.0_151/jre/lib/ext/sunpkcs11.jar:/opt/java-jdk/jdk1.8.0_151/jre/lib/ext/nashorn.jar:/home/bzz/workspace/jsf/api/target/classes:/home/bzz/.m2/repository/javax/servlet/javax.servlet-api/4.0.1/javax.servlet-api-4.0.1.jar:/home/bzz/.m2/repository/org/springframework/boot/spring-boot-starter-web/2.1.4.RELEASE/spring-boot-starter-web-2.1.4.RELEASE.jar:/home/bzz/.m2/repository/org/springframework/boot/spring-boot-starter/2.1.4.RELEASE/spring-boot-starter-2.1.4.RELEASE.jar:/home/bzz/.m2/repository/org/springframework/boot/spring-boot/2.1.4.RELEASE/spring-boot-2.1.4.RELEASE.jar:/home/bzz/.m2/repository/org/springframework/boot/spring-boot-autoconfigure/2.1.4.RELEASE/spring-boot-autoconfigure-2.1.4.RELEASE.jar:/home/bzz/.m2/repository/org/springframework/boot/spring-boot-starter-logging/2.1.4.RELEASE/spring-boot-starter-logging-2.1.4.RELEASE.jar:/home/bzz/.m2/repository/ch/qos/logback/logback-classic/1.2.3/logback-classic-1.2.3.jar:/home/bzz/.m2/repository/ch/qos/logback/logback-core/1.2.3/logback-core-1.2.3.jar:/home/bzz/.m2/repository/org/apache/logging/log4j/log4j-to-slf4j/2.11.2/log4j-to-slf4j-2.11.2.jar:/home/bzz/.m2/repository/org/apache/logging/log4j/log4j-api/2.11.2/log4j-api-2.11.2.jar:/home/bzz/.m2/repository/org/slf4j/jul-to-slf4j/1.7.26/jul-to-slf4
Launcher Type: SUN_STANDARD

Environment Variables:
PATH=/usr/local/bin:/usr/bin:/bin:/usr/local/games:/usr/games
SHELL=/bin/bash
DISPLAY=:0

Signal Handlers:
SIGSEGV: [libjvm.so+0xacbe10], sa_mask[0]=11111111011111111101111111111110, sa_flags=SA_RESTART|SA_SIGINFO
SIGBUS: [libjvm.so+0xacbe10], sa_mask[0]=11111111011111111101111111111110, sa_flags=SA_RESTART|SA_SIGINFO
SIGFPE: [libjvm.so+0x924f90], sa_mask[0]=11111111011111111101111111111110, sa_flags=SA_RESTART|SA_SIGINFO
SIGPIPE: [libjvm.so+0x924f90], sa_mask[0]=11111111011111111101111111111110, sa_flags=SA_RESTART|SA_SIGINFO
SIGXFSZ: [libjvm.so+0x924f90], sa_mask[0]=11111111011111111101111111111110, sa_flags=SA_RESTART|SA_SIGINFO
SIGILL: [libjvm.so+0x924f90], sa_mask[0]=11111111011111111101111111111110, sa_flags=SA_RESTART|SA_SIGINFO
SIGUSR1: SIG_DFL, sa_mask[0]=00000000000000000000000000000000, sa_flags=none
SIGUSR2: [libjvm.so+0x9267d0], sa_mask[0]=00100000000000000000000000000000, sa_flags=SA_RESTART|SA_SIGINFO
SIGHUP: [libjvm.so+0x927bd0], sa_mask[0]=11111111011111111101111111111110, sa_flags=SA_RESTART|SA_SIGINFO
SIGINT: [libjvm.so+0x927bd0], sa_mask[0]=11111111011111111101111111111110, sa_flags=SA_RESTART|SA_SIGINFO
SIGTERM: [libjvm.so+0x927bd0], sa_mask[0]=11111111011111111101111111111110, sa_flags=SA_RESTART|SA_SIGINFO
SIGQUIT: [libjvm.so+0x927bd0], sa_mask[0]=11111111011111111101111111111110, sa_flags=SA_RESTART|SA_SIGINFO


---------------  S Y S T E M  ---------------

OS:PRETTY_NAME="Debian GNU/Linux 9 (stretch)"
NAME="Debian GNU/Linux"
VERSION_ID="9"
VERSION="9 (stretch)"
ID=debian
HOME_URL="https://www.debian.org/"
SUPPORT_URL="https://www.debian.org/support"
BUG_REPORT_URL="https://bugs.debian.org/"

uname:Linux 4.9.0-4-amd64 #1 SMP Debian 4.9.65-3+deb9u1 (2017-12-23) x86_64
libc:glibc 2.24 NPTL 2.24 
rlimit: STACK 8192k, CORE 0k, NPROC 15658, NOFILE 1048576, AS infinity
load average:1.43 1.01 1.03

/proc/meminfo:
MemTotal:        4032220 kB
MemFree:          101576 kB
MemAvailable:          0 kB
Buffers:             624 kB
Cached:            76952 kB
SwapCached:         2036 kB
Active:          3111400 kB
Inactive:         628304 kB
Active(anon):    3107168 kB
Inactive(anon):   623900 kB
Active(file):       4232 kB
Inactive(file):     4404 kB
Unevictable:          48 kB
Mlocked:              48 kB
SwapTotal:        524284 kB
SwapFree:              0 kB
Dirty:               332 kB
Writeback:             0 kB
AnonPages:       3660880 kB
Mapped:            59724 kB
Shmem:             68892 kB
Slab:              64024 kB
SReclaimable:      19676 kB
SUnreclaim:        44348 kB
KernelStack:       13568 kB
PageTables:        55788 kB
NFS_Unstable:          0 kB
Bounce:                0 kB
WritebackTmp:          0 kB
CommitLimit:     2540392 kB
Committed_AS:    7136168 kB
VmallocTotal:   34359738367 kB
VmallocUsed:           0 kB
VmallocChunk:          0 kB
HardwareCorrupted:     0 kB
AnonHugePages:         0 kB
ShmemHugePages:        0 kB
ShmemPmdMapped:        0 kB
HugePages_Total:       0
HugePages_Free:        0
HugePages_Rsvd:        0
HugePages_Surp:        0
Hugepagesize:       2048 kB
DirectMap4k:      141184 kB
DirectMap2M:     4052992 kB
DirectMap1G:     2097152 kB


CPU:total 3 (initial active 3) (3 cores per cpu, 1 threads per core) family 6 model 158 stepping 9, cmov, cx8, fxsr, mmx, sse, sse2, sse3, ssse3, sse4.1, sse4.2, popcnt, avx, avx2, aes, clmul, erms, 3dnowpref, lzcnt, tsc, tscinvbit, bmi1, bmi2, adx

/proc/cpuinfo:
processor	: 0
vendor_id	: GenuineIntel
cpu family	: 6
model		: 158
model name	: Intel(R) Core(TM) i7-7700HQ CPU @ 2.80GHz
stepping	: 9
microcode	: 0xb4
cpu MHz		: 2807.342
cache size	: 6144 KB
physical id	: 0
siblings	: 3
core id		: 0
cpu cores	: 3
apicid		: 0
initial apicid	: 0
fpu		: yes
fpu_exception	: yes
cpuid level	: 22
wp		: yes
flags		: fpu vme de pse tsc msr pae mce cx8 apic sep mtrr pge mca cmov pat pse36 clflush mmx fxsr sse sse2 ss ht syscall nx pdpe1gb rdtscp lm constant_tsc arch_perfmon nopl xtopology tsc_reliable nonstop_tsc eagerfpu pni pclmulqdq ssse3 fma cx16 pcid sse4_1 sse4_2 x2apic movbe popcnt tsc_deadline_timer aes xsave avx f16c rdrand hypervisor lahf_lm abm 3dnowprefetch fsgsbase tsc_adjust bmi1 avx2 smep bmi2 invpcid mpx rdseed adx smap clflushopt xsaveopt xsavec xsaves arat
bugs		:
bogomips	: 5615.47
clflush size	: 64
cache_alignment	: 64
address sizes	: 43 bits physical, 48 bits virtual
power management:

processor	: 1
vendor_id	: GenuineIntel
cpu family	: 6
model		: 158
model name	: Intel(R) Core(TM) i7-7700HQ CPU @ 2.80GHz
stepping	: 9
microcode	: 0xb4
cpu MHz		: 2807.342
cache size	: 6144 KB
physical id	: 0
siblings	: 3
core id		: 1
cpu cores	: 3
apicid		: 1
initial apicid	: 1
fpu		: yes
fpu_exception	: yes
cpuid level	: 22
wp		: yes
flags		: fpu vme de pse tsc msr pae mce cx8 apic sep mtrr pge mca cmov pat pse36 clflush mmx fxsr sse sse2 ss ht syscall nx pdpe1gb rdtscp lm constant_tsc arch_perfmon nopl xtopology tsc_reliable nonstop_tsc eagerfpu pni pclmulqdq ssse3 fma cx16 pcid sse4_1 sse4_2 x2apic movbe popcnt tsc_deadline_timer aes xsave avx f16c rdrand hypervisor lahf_lm abm 3dnowprefetch fsgsbase tsc_adjust bmi1 avx2 smep bmi2 invpcid mpx rdseed adx smap clflushopt xsaveopt xsavec xsaves arat
bugs		:
bogomips	: 5615.47
clflush size	: 64
cache_alignment	: 64
address sizes	: 43 bits physical, 48 bits virtual
power management:

processor	: 2
vendor_id	: GenuineIntel
cpu family	: 6
model		: 158
model name	: Intel(R) Core(TM) i7-7700HQ CPU @ 2.80GHz
stepping	: 9
microcode	: 0xb4
cpu MHz		: 2807.342
cache size	: 6144 KB
physical id	: 0
siblings	: 3
core id		: 2
cpu cores	: 3
apicid		: 2
initial apicid	: 2
fpu		: yes
fpu_exception	: yes
cpuid level	: 22
wp		: yes
flags		: fpu vme de pse tsc msr pae mce cx8 apic sep mtrr pge mca cmov pat pse36 clflush mmx fxsr sse sse2 ss ht syscall nx pdpe1gb rdtscp lm constant_tsc arch_perfmon nopl xtopology tsc_reliable nonstop_tsc eagerfpu pni pclmulqdq ssse3 fma cx16 pcid sse4_1 sse4_2 x2apic movbe popcnt tsc_deadline_timer aes xsave avx f16c rdrand hypervisor lahf_lm abm 3dnowprefetch fsgsbase tsc_adjust bmi1 avx2 smep bmi2 invpcid mpx rdseed adx smap clflushopt xsaveopt xsavec xsaves arat
bugs		:
bogomips	: 5615.47
clflush size	: 64
cache_alignment	: 64
address sizes	: 43 bits physical, 48 bits virtual
power management:



Memory: 4k page, physical 4032220k(101576k free), swap 524284k(0k free)

vm_info: Java HotSpot(TM) 64-Bit Server VM (25.151-b12) for linux-amd64 JRE (1.8.0_151-b12), built on Sep  5 2017 19:20:58 by "java_re" with gcc 4.3.0 20080428 (Red Hat 4.3.0-8)

time: Sat Nov  9 10:45:10 2019
elapsed time: 7 seconds (0d 0h 0m 7s)

