#
# There is insufficient memory for the Java Runtime Environment to continue.
# Native memory allocation (mmap) failed to map 47710208 bytes for committing reserved memory.
# Possible reasons:
#   The system is out of physical RAM or swap space
#   In 32 bit mode, the process size limit was hit
# Possible solutions:
#   Reduce memory load on the system
#   Increase physical memory or swap space
#   Check if swap backing store is full
#   Use 64 bit Java on a 64 bit OS
#   Decrease Java heap size (-Xmx/-Xms)
#   Decrease number of Java threads
#   Decrease Java thread stack sizes (-Xss)
#   Set larger code cache with -XX:ReservedCodeCacheSize=
# This output file may be truncated or incomplete.
#
#  Out of Memory Error (os_linux.cpp:2640), pid=22673, tid=0x00007f97a14cf700
#
# JRE version: Java(TM) SE Runtime Environment (8.0_151-b12) (build 1.8.0_151-b12)
# Java VM: Java HotSpot(TM) 64-Bit Server VM (25.151-b12 mixed mode linux-amd64 compressed oops)
# Failed to write core dump. Core dumps have been disabled. To enable core dumping, try "ulimit -c unlimited" before starting Java again
#

---------------  T H R E A D  ---------------

Current thread (0x00007f97b4079000):  VMThread [stack: 0x00007f97a13cf000,0x00007f97a14d0000] [id=22692]

Stack: [0x00007f97a13cf000,0x00007f97a14d0000],  sp=0x00007f97a14ce200,  free space=1020k
Native frames: (J=compiled Java code, j=interpreted, Vv=VM code, C=native code)
V  [libjvm.so+0xacb58a]  VMError::report_and_die()+0x2ba
V  [libjvm.so+0x4ff4ab]  report_vm_out_of_memory(char const*, int, unsigned long, VMErrorType, char const*)+0x8b
V  [libjvm.so+0x928113]  os::Linux::commit_memory_impl(char*, unsigned long, bool)+0x103
V  [libjvm.so+0x928669]  os::pd_commit_memory(char*, unsigned long, unsigned long, bool)+0x29
V  [libjvm.so+0x92288a]  os::commit_memory(char*, unsigned long, unsigned long, bool)+0x2a
V  [libjvm.so+0x9973e3]  PSVirtualSpace::expand_by(unsigned long)+0x53
V  [libjvm.so+0x9987e8]  PSYoungGen::resize_generation(unsigned long, unsigned long)+0xf8
V  [libjvm.so+0x997942]  PSYoungGen::resize(unsigned long, unsigned long)+0x22
V  [libjvm.so+0x994c1b]  PSScavenge::invoke_no_policy()+0xf3b
V  [libjvm.so+0x98fec5]  PSParallelCompact::invoke(bool)+0x85
V  [libjvm.so+0x485ee4]  CollectedHeap::collect_as_vm_thread(GCCause::Cause)+0x114
V  [libjvm.so+0xacca01]  VM_CollectForMetadataAllocation::doit()+0x161
V  [libjvm.so+0xad4a85]  VM_Operation::evaluate()+0x55
V  [libjvm.so+0xad2e5a]  VMThread::evaluate_operation(VM_Operation*)+0xba
V  [libjvm.so+0xad31de]  VMThread::loop()+0x1ce
V  [libjvm.so+0xad3650]  VMThread::run()+0x70
V  [libjvm.so+0x92a728]  java_start(Thread*)+0x108

VM_Operation (0x00007f97bb5ede90): CollectForMetadataAllocation, mode: safepoint, requested by thread 0x00007f97b400d000


---------------  P R O C E S S  ---------------

Java Threads: ( => current thread )
  0x00007f97b49fb800 JavaThread "Abandoned connection cleanup thread" daemon [_thread_blocked, id=22721, stack(0x00007f97674fd000,0x00007f97675fe000)]
  0x00007f97b49e0800 JavaThread "container-0" [_thread_blocked, id=22719, stack(0x00007f97675fe000,0x00007f97676ff000)]
  0x00007f97b49df000 JavaThread "ContainerBackgroundProcessor[StandardEngine[Tomcat]]" daemon [_thread_blocked, id=22717, stack(0x00007f97676ff000,0x00007f9767800000)]
  0x00007f976c366800 JavaThread "localhost-startStop-1" daemon [_thread_blocked, id=22715, stack(0x00007f97704ed000,0x00007f97705ee000)]
  0x00007f97b49de800 JavaThread "Tomcat-startStop-1" daemon [_thread_blocked, id=22712, stack(0x00007f97a073c000,0x00007f97a083d000)]
  0x00007f97b40bf800 JavaThread "Service Thread" daemon [_thread_blocked, id=22704, stack(0x00007f97a0c2e000,0x00007f97a0d2f000)]
  0x00007f97b40bc800 JavaThread "C1 CompilerThread1" daemon [_thread_blocked, id=22703, stack(0x00007f97a0d2f000,0x00007f97a0e30000)]
  0x00007f97b40b9800 JavaThread "C2 CompilerThread0" daemon [_thread_in_native, id=22702, stack(0x00007f97a0e30000,0x00007f97a0f31000)]
  0x00007f97b40b8800 JavaThread "Signal Dispatcher" daemon [_thread_blocked, id=22701, stack(0x00007f97a0f31000,0x00007f97a1032000)]
  0x00007f97b4085000 JavaThread "Finalizer" daemon [_thread_blocked, id=22696, stack(0x00007f97a11cd000,0x00007f97a12ce000)]
  0x00007f97b4080800 JavaThread "Reference Handler" daemon [_thread_blocked, id=22695, stack(0x00007f97a12ce000,0x00007f97a13cf000)]
  0x00007f97b400d000 JavaThread "main" [_thread_blocked, id=22683, stack(0x00007f97bb4f7000,0x00007f97bb5f8000)]

Other Threads:
=>0x00007f97b4079000 VMThread [stack: 0x00007f97a13cf000,0x00007f97a14d0000] [id=22692]
  0x00007f97b40c2800 WatcherThread [stack: 0x00007f97a0b2d000,0x00007f97a0c2e000] [id=22707]

VM state:at safepoint (normal execution)

VM Mutex/Monitor currently owned by a thread:  ([mutex/lock_event])
[0x00007f97b4009590] Threads_lock - owner thread: 0x00007f97b4079000
[0x00007f97b4009a90] Heap_lock - owner thread: 0x00007f97b400d000

Heap:
 PSYoungGen      total 111616K, used 8682K [0x00000000eb780000, 0x00000000f2d00000, 0x0000000100000000)
  eden space 102912K, 0% used [0x00000000eb780000,0x00000000eb780000,0x00000000f1c00000)
  from space 8704K, 99% used [0x00000000f1c00000,0x00000000f247aaf8,0x00000000f2480000)
  to   space 6656K, 0% used [0x00000000f2500000,0x00000000f2500000,0x00000000f2b80000)
 ParOldGen       total 35328K, used 19185K [0x00000000c2600000, 0x00000000c4880000, 0x00000000eb780000)
  object space 35328K, 54% used [0x00000000c2600000,0x00000000c38bc6b8,0x00000000c4880000)
 Metaspace       used 33981K, capacity 35362K, committed 35496K, reserved 1081344K
  class space    used 4331K, capacity 4595K, committed 4656K, reserved 1048576K

Card table byte_map: [0x00007f97b80db000,0x00007f97b82c9000] byte_map_base: 0x00007f97b7ac8000

Marking Bits: (ParMarkBitMap*) 0x00007f97ba9f3f80
 Begin Bits: [0x00007f97a2ce4000, 0x00007f97a3c4c000)
 End Bits:   [0x00007f97a3c4c000, 0x00007f97a4bb4000)

Polling page: 0x00007f97bb616000

CodeCache: size=245760Kb used=9985Kb max_used=10346Kb free=235774Kb
 bounds [0x00007f97a5000000, 0x00007f97a5a40000, 0x00007f97b4000000]
 total_blobs=3374 nmethods=2944 adapters=343
 compilation: enabled

Compilation events (10 events):
Event: 6.733 Thread 0x00007f97b40bc800 3152       1       java.nio.charset.CharsetDecoder::malformedInputAction (5 bytes)
Event: 6.733 Thread 0x00007f97b40bc800 nmethod 3152 0x00007f97a5157790 code [0x00007f97a51578e0, 0x00007f97a51579f0]
Event: 6.733 Thread 0x00007f97b40bc800 3153       1       java.nio.charset.CharsetDecoder::replacement (5 bytes)
Event: 6.733 Thread 0x00007f97b40bc800 nmethod 3153 0x00007f97a5478050 code [0x00007f97a54781a0, 0x00007f97a54782b0]
Event: 6.735 Thread 0x00007f97b40bc800 3154       2       java.util.Collections$UnmodifiableCollection::contains (11 bytes)
Event: 6.735 Thread 0x00007f97b40bc800 nmethod 3154 0x00007f97a53c9f50 code [0x00007f97a53ca0c0, 0x00007f97a53ca248]
Event: 6.738 Thread 0x00007f97b40bc800 3155       3       sun.nio.cs.UTF_8$Decoder::decode (779 bytes)
Event: 6.741 Thread 0x00007f97b40bc800 nmethod 3155 0x00007f97a5a06410 code [0x00007f97a5a06a40, 0x00007f97a5a0b438]
Event: 6.745 Thread 0x00007f97b40bc800 3157       3       java.util.Properties::loadConvert (505 bytes)
Event: 6.745 Thread 0x00007f97b40bc800 nmethod 3157 0x00007f97a52f7cd0 code [0x00007f97a52f7ec0, 0x00007f97a52f87d8]

GC Heap History (10 events):
Event: 2.411 GC heap after
Heap after GC invocations=5 (full 0):
 PSYoungGen      total 34304K, used 2544K [0x00000000eb780000, 0x00000000f0380000, 0x0000000100000000)
  eden space 31744K, 0% used [0x00000000eb780000,0x00000000eb780000,0x00000000ed680000)
  from space 2560K, 99% used [0x00000000ed680000,0x00000000ed8fc010,0x00000000ed900000)
  to   space 7168K, 0% used [0x00000000efc80000,0x00000000efc80000,0x00000000f0380000)
 ParOldGen       total 42496K, used 10065K [0x00000000c2600000, 0x00000000c4f80000, 0x00000000eb780000)
  object space 42496K, 23% used [0x00000000c2600000,0x00000000c2fd46a8,0x00000000c4f80000)
 Metaspace       used 19043K, capacity 19538K, committed 19840K, reserved 1067008K
  class space    used 2424K, capacity 2589K, committed 2688K, reserved 1048576K
}
Event: 2.652 GC heap before
{Heap before GC invocations=6 (full 0):
 PSYoungGen      total 34304K, used 17792K [0x00000000eb780000, 0x00000000f0380000, 0x0000000100000000)
  eden space 31744K, 48% used [0x00000000eb780000,0x00000000ec6640b8,0x00000000ed680000)
  from space 2560K, 99% used [0x00000000ed680000,0x00000000ed8fc010,0x00000000ed900000)
  to   space 7168K, 0% used [0x00000000efc80000,0x00000000efc80000,0x00000000f0380000)
 ParOldGen       total 42496K, used 10065K [0x00000000c2600000, 0x00000000c4f80000, 0x00000000eb780000)
  object space 42496K, 23% used [0x00000000c2600000,0x00000000c2fd46a8,0x00000000c4f80000)
 Metaspace       used 20632K, capacity 21192K, committed 21296K, reserved 1067008K
  class space    used 2662K, capacity 2824K, committed 2864K, reserved 1048576K
Event: 2.676 GC heap after
Heap after GC invocations=6 (full 0):
 PSYoungGen      total 70656K, used 4807K [0x00000000eb780000, 0x00000000f0380000, 0x0000000100000000)
  eden space 63488K, 0% used [0x00000000eb780000,0x00000000eb780000,0x00000000ef580000)
  from space 7168K, 67% used [0x00000000efc80000,0x00000000f0131f70,0x00000000f0380000)
  to   space 7168K, 0% used [0x00000000ef580000,0x00000000ef580000,0x00000000efc80000)
 ParOldGen       total 42496K, used 10073K [0x00000000c2600000, 0x00000000c4f80000, 0x00000000eb780000)
  object space 42496K, 23% used [0x00000000c2600000,0x00000000c2fd66a8,0x00000000c4f80000)
 Metaspace       used 20632K, capacity 21192K, committed 21296K, reserved 1067008K
  class space    used 2662K, capacity 2824K, committed 2864K, reserved 1048576K
}
Event: 2.676 GC heap before
{Heap before GC invocations=7 (full 1):
 PSYoungGen      total 70656K, used 4807K [0x00000000eb780000, 0x00000000f0380000, 0x0000000100000000)
  eden space 63488K, 0% used [0x00000000eb780000,0x00000000eb780000,0x00000000ef580000)
  from space 7168K, 67% used [0x00000000efc80000,0x00000000f0131f70,0x00000000f0380000)
  to   space 7168K, 0% used [0x00000000ef580000,0x00000000ef580000,0x00000000efc80000)
 ParOldGen       total 42496K, used 10073K [0x00000000c2600000, 0x00000000c4f80000, 0x00000000eb780000)
  object space 42496K, 23% used [0x00000000c2600000,0x00000000c2fd66a8,0x00000000c4f80000)
 Metaspace       used 20632K, capacity 21192K, committed 21296K, reserved 1067008K
  class space    used 2662K, capacity 2824K, committed 2864K, reserved 1048576K
Event: 2.727 GC heap after
Heap after GC invocations=7 (full 1):
 PSYoungGen      total 70656K, used 0K [0x00000000eb780000, 0x00000000f0380000, 0x0000000100000000)
  eden space 63488K, 0% used [0x00000000eb780000,0x00000000eb780000,0x00000000ef580000)
  from space 7168K, 0% used [0x00000000efc80000,0x00000000efc80000,0x00000000f0380000)
  to   space 7168K, 0% used [0x00000000ef580000,0x00000000ef580000,0x00000000efc80000)
 ParOldGen       total 35328K, used 9963K [0x00000000c2600000, 0x00000000c4880000, 0x00000000eb780000)
  object space 35328K, 28% used [0x00000000c2600000,0x00000000c2fbacd0,0x00000000c4880000)
 Metaspace       used 20632K, capacity 21192K, committed 21296K, reserved 1067008K
  class space    used 2662K, capacity 2824K, committed 2864K, reserved 1048576K
}
Event: 3.563 GC heap before
{Heap before GC invocations=8 (full 1):
 PSYoungGen      total 70656K, used 63488K [0x00000000eb780000, 0x00000000f0380000, 0x0000000100000000)
  eden space 63488K, 100% used [0x00000000eb780000,0x00000000ef580000,0x00000000ef580000)
  from space 7168K, 0% used [0x00000000efc80000,0x00000000efc80000,0x00000000f0380000)
  to   space 7168K, 0% used [0x00000000ef580000,0x00000000ef580000,0x00000000efc80000)
 ParOldGen       total 35328K, used 9963K [0x00000000c2600000, 0x00000000c4880000, 0x00000000eb780000)
  object space 35328K, 28% used [0x00000000c2600000,0x00000000c2fbacd0,0x00000000c4880000)
 Metaspace       used 23536K, capacity 24194K, committed 24496K, reserved 1071104K
  class space    used 3012K, capacity 3189K, committed 3248K, reserved 1048576K
Event: 3.568 GC heap after
Heap after GC invocations=8 (full 1):
 PSYoungGen      total 70656K, used 4123K [0x00000000eb780000, 0x00000000f2b80000, 0x0000000100000000)
  eden space 63488K, 0% used [0x00000000eb780000,0x00000000eb780000,0x00000000ef580000)
  from space 7168K, 57% used [0x00000000ef580000,0x00000000ef986ec0,0x00000000efc80000)
  to   space 6656K, 0% used [0x00000000f2500000,0x00000000f2500000,0x00000000f2b80000)
 ParOldGen       total 35328K, used 10035K [0x00000000c2600000, 0x00000000c4880000, 0x00000000eb780000)
  object space 35328K, 28% used [0x00000000c2600000,0x00000000c2fccce0,0x00000000c4880000)
 Metaspace       used 23536K, capacity 24194K, committed 24496K, reserved 1071104K
  class space    used 3012K, capacity 3189K, committed 3248K, reserved 1048576K
}
Event: 5.455 GC heap before
{Heap before GC invocations=9 (full 1):
 PSYoungGen      total 70656K, used 67611K [0x00000000eb780000, 0x00000000f2b80000, 0x0000000100000000)
  eden space 63488K, 100% used [0x00000000eb780000,0x00000000ef580000,0x00000000ef580000)
  from space 7168K, 57% used [0x00000000ef580000,0x00000000ef986ec0,0x00000000efc80000)
  to   space 6656K, 0% used [0x00000000f2500000,0x00000000f2500000,0x00000000f2b80000)
 ParOldGen       total 35328K, used 10035K [0x00000000c2600000, 0x00000000c4880000, 0x00000000eb780000)
  object space 35328K, 28% used [0x00000000c2600000,0x00000000c2fccce0,0x00000000c4880000)
 Metaspace       used 29232K, capacity 30558K, committed 30768K, reserved 1075200K
  class space    used 3785K, capacity 4067K, committed 4144K, reserved 1048576K
Event: 5.479 GC heap after
Heap after GC invocations=9 (full 1):
 PSYoungGen      total 109568K, used 6654K [0x00000000eb780000, 0x00000000f2d00000, 0x0000000100000000)
  eden space 102912K, 0% used [0x00000000eb780000,0x00000000eb780000,0x00000000f1c00000)
  from space 6656K, 99% used [0x00000000f2500000,0x00000000f2b7fb20,0x00000000f2b80000)
  to   space 8704K, 0% used [0x00000000f1c00000,0x00000000f1c00000,0x00000000f2480000)
 ParOldGen       total 35328K, used 13153K [0x00000000c2600000, 0x00000000c4880000, 0x00000000eb780000)
  object space 35328K, 37% used [0x00000000c2600000,0x00000000c32d8788,0x00000000c4880000)
 Metaspace       used 29232K, capacity 30558K, committed 30768K, reserved 1075200K
  class space    used 3785K, capacity 4067K, committed 4144K, reserved 1048576K
}
Event: 6.771 GC heap before
{Heap before GC invocations=10 (full 1):
 PSYoungGen      total 109568K, used 86922K [0x00000000eb780000, 0x00000000f2d00000, 0x0000000100000000)
  eden space 102912K, 77% used [0x00000000eb780000,0x00000000f05e2f20,0x00000000f1c00000)
  from space 6656K, 99% used [0x00000000f2500000,0x00000000f2b7fb20,0x00000000f2b80000)
  to   space 8704K, 0% used [0x00000000f1c00000,0x00000000f1c00000,0x00000000f2480000)
 ParOldGen       total 35328K, used 13153K [0x00000000c2600000, 0x00000000c4880000, 0x00000000eb780000)
  object space 35328K, 37% used [0x00000000c2600000,0x00000000c32d8788,0x00000000c4880000)
 Metaspace       used 33981K, capacity 35362K, committed 35496K, reserved 1081344K
  class space    used 4331K, capacity 4595K, committed 4656K, reserved 1048576K

Deoptimization events (10 events):
Event: 6.591 Thread 0x00007f97b400d000 Uncommon trap: reason=unstable_if action=reinterpret pc=0x00007f97a5231230 method=java.lang.AbstractStringBuilder.append(Ljava/lang/String;)Ljava/lang/AbstractStringBuilder; @ 1
Event: 6.592 Thread 0x00007f97b49fb800 Uncommon trap: reason=unstable_if action=reinterpret pc=0x00007f97a5989f0c method=java.util.zip.ZipCoder.getBytes(Ljava/lang/String;)[B @ 32
Event: 6.592 Thread 0x00007f97b49fb800 Uncommon trap: reason=unstable_if action=reinterpret pc=0x00007f97a5984850 method=java.util.zip.ZipCoder.getBytes(Ljava/lang/String;)[B @ 32
Event: 6.592 Thread 0x00007f97b49fb800 Uncommon trap: reason=unstable_if action=reinterpret pc=0x00007f97a5411024 method=java.net.URL.<init>(Ljava/net/URL;Ljava/lang/String;Ljava/net/URLStreamHandler;)V @ 57
Event: 6.598 Thread 0x00007f97b400d000 Uncommon trap: reason=bimorphic action=maybe_recompile pc=0x00007f97a572e5d0 method=java.util.stream.ReferencePipeline$2$1.accept(Ljava/lang/Object;)V @ 21
Event: 6.610 Thread 0x00007f97b400d000 Uncommon trap: reason=unstable_if action=reinterpret pc=0x00007f97a58fdecc method=org.springframework.beans.factory.support.DefaultSingletonBeanRegistry.getSingleton(Ljava/lang/String;Z)Ljava/lang/Object; @ 47
Event: 6.621 Thread 0x00007f97b400d000 Uncommon trap: reason=null_check action=make_not_entrant pc=0x00007f97a59307a8 method=org.springframework.util.ClassUtils.isAssignable(Ljava/lang/Class;Ljava/lang/Class;)Z @ 14
Event: 6.622 Thread 0x00007f97b400d000 Uncommon trap: reason=bimorphic action=maybe_recompile pc=0x00007f97a572e5d0 method=java.util.stream.ReferencePipeline$2$1.accept(Ljava/lang/Object;)V @ 21
Event: 6.733 Thread 0x00007f97b400d000 Uncommon trap: reason=unstable_if action=reinterpret pc=0x00007f97a52b46e0 method=sun.nio.cs.UTF_8$Decoder.decode([BII[C)I @ 30
Event: 6.745 Thread 0x00007f97b400d000 Uncommon trap: reason=unstable_if action=reinterpret pc=0x00007f97a5958190 method=java.util.Properties.loadConvert([CII[C)Ljava/lang/String; @ 4

Internal exceptions (10 events):
Event: 6.597 Thread 0x00007f97b400d000 Implicit null exception at 0x00007f97a512c48d to 0x00007f97a512c9fc
Event: 6.597 Thread 0x00007f97b400d000 Exception <a 'java/lang/NullPointerException'> (0x00000000efa27c70) thrown at [/HUDSON/workspace/8-2-build-linux-amd64/jdk8u151/9699/hotspot/src/share/vm/runtime/sharedRuntime.cpp, line 605]
Event: 6.598 Thread 0x00007f97b400d000 Implicit null exception at 0x00007f97a512c48d to 0x00007f97a512c9fc
Event: 6.598 Thread 0x00007f97b400d000 Exception <a 'java/lang/NullPointerException'> (0x00000000efa28aa0) thrown at [/HUDSON/workspace/8-2-build-linux-amd64/jdk8u151/9699/hotspot/src/share/vm/runtime/sharedRuntime.cpp, line 605]
Event: 6.598 Thread 0x00007f97b400d000 Implicit null exception at 0x00007f97a512c48d to 0x00007f97a512c9fc
Event: 6.598 Thread 0x00007f97b400d000 Exception <a 'java/lang/NullPointerException'> (0x00000000efa29868) thrown at [/HUDSON/workspace/8-2-build-linux-amd64/jdk8u151/9699/hotspot/src/share/vm/runtime/sharedRuntime.cpp, line 605]
Event: 6.598 Thread 0x00007f97b400d000 Implicit null exception at 0x00007f97a512c48d to 0x00007f97a512c9fc
Event: 6.598 Thread 0x00007f97b400d000 Exception <a 'java/lang/NullPointerException'> (0x00000000efa2a6a0) thrown at [/HUDSON/workspace/8-2-build-linux-amd64/jdk8u151/9699/hotspot/src/share/vm/runtime/sharedRuntime.cpp, line 605]
Event: 6.598 Thread 0x00007f97b400d000 Implicit null exception at 0x00007f97a512c48d to 0x00007f97a512c9fc
Event: 6.598 Thread 0x00007f97b400d000 Exception <a 'java/lang/NullPointerException'> (0x00000000efa2b450) thrown at [/HUDSON/workspace/8-2-build-linux-amd64/jdk8u151/9699/hotspot/src/share/vm/runtime/sharedRuntime.cpp, line 605]

Events (10 events):
Event: 6.759 loading class com/mysql/jdbc/ConnectionImpl done
Event: 6.762 loading class com/mysql/jdbc/MySQLConnection
Event: 6.762 loading class com/mysql/jdbc/MySQLConnection done
Event: 6.762 loading class com/mysql/jdbc/Connection
Event: 6.762 loading class com/mysql/jdbc/Connection done
Event: 6.763 loading class com/mysql/jdbc/ConnectionProperties
Event: 6.763 loading class com/mysql/jdbc/ConnectionProperties done
Event: 6.765 loading class com/mysql/jdbc/ConnectionPropertiesImpl
Event: 6.765 loading class com/mysql/jdbc/ConnectionPropertiesImpl done
Event: 6.767 Executing VM operation: CollectForMetadataAllocation


Dynamic libraries:
00400000-00401000 r-xp 00000000 fe:00 801902                             /opt/java-jdk/jdk1.8.0_151/bin/java
00600000-00601000 rw-p 00000000 fe:00 801902                             /opt/java-jdk/jdk1.8.0_151/bin/java
015c3000-015e4000 rw-p 00000000 00:00 0                                  [heap]
c2600000-c4880000 rw-p 00000000 00:00 0 
c4880000-c4f80000 ---p 00000000 00:00 0 
c4f80000-eb780000 ---p 00000000 00:00 0 
eb780000-f2d00000 rw-p 00000000 00:00 0 
f5a80000-100000000 ---p 00000000 00:00 0 
100000000-10048c000 rw-p 00000000 00:00 0 
10048c000-140000000 ---p 00000000 00:00 0 
7f9758000000-7f9758021000 rw-p 00000000 00:00 0 
7f9758021000-7f975c000000 ---p 00000000 00:00 0 
7f975c000000-7f975c021000 rw-p 00000000 00:00 0 
7f975c021000-7f9760000000 ---p 00000000 00:00 0 
7f9760000000-7f9760021000 rw-p 00000000 00:00 0 
7f9760021000-7f9764000000 ---p 00000000 00:00 0 
7f97672fd000-7f976731b000 rw-p 00000000 00:00 0 
7f976731b000-7f97674fd000 ---p 00000000 00:00 0 
7f97674fd000-7f9767500000 ---p 00000000 00:00 0 
7f9767500000-7f97675fe000 rw-p 00000000 00:00 0 
7f97675fe000-7f9767601000 ---p 00000000 00:00 0 
7f9767601000-7f97676ff000 rw-p 00000000 00:00 0 
7f97676ff000-7f9767702000 ---p 00000000 00:00 0 
7f9767702000-7f9767800000 rw-p 00000000 00:00 0 
7f9767800000-7f9767a00000 rw-p 00000000 00:00 0 
7f9767a00000-7f9767c00000 rw-p 00000000 00:00 0 
7f9767c00000-7f9767e00000 rw-p 00000000 00:00 0 
7f9767e00000-7f9768000000 rw-p 00000000 00:00 0 
7f9768000000-7f97682f1000 rw-p 00000000 00:00 0 
7f97682f1000-7f976c000000 ---p 00000000 00:00 0 
7f976c000000-7f976c386000 rw-p 00000000 00:00 0 
7f976c386000-7f9770000000 ---p 00000000 00:00 0 
7f97700ed000-7f97702ed000 rw-p 00000000 00:00 0 
7f97702ed000-7f97704ed000 rw-p 00000000 00:00 0 
7f97704ed000-7f97704f0000 ---p 00000000 00:00 0 
7f97704f0000-7f97705ee000 rw-p 00000000 00:00 0 
7f97705ee000-7f97707ee000 rw-p 00000000 00:00 0 
7f97707ee000-7f97707ff000 r-xp 00000000 fe:00 1183703                    /opt/java-jdk/jdk1.8.0_151/jre/lib/amd64/libnio.so
7f97707ff000-7f97709fe000 ---p 00011000 fe:00 1183703                    /opt/java-jdk/jdk1.8.0_151/jre/lib/amd64/libnio.so
7f97709fe000-7f97709ff000 rw-p 00010000 fe:00 1183703                    /opt/java-jdk/jdk1.8.0_151/jre/lib/amd64/libnio.so
7f97709ff000-7f9770bff000 rw-p 00000000 00:00 0 
7f9770bff000-7f9770dff000 rw-p 00000000 00:00 0 
7f9770dff000-7f9770fff000 rw-p 00000000 00:00 0 
7f9770fff000-7f9774000000 rw-p 00000000 00:00 0 
7f9774000000-7f9774021000 rw-p 00000000 00:00 0 
7f9774021000-7f9778000000 ---p 00000000 00:00 0 
7f9778000000-7f9778021000 rw-p 00000000 00:00 0 
7f9778021000-7f977c000000 ---p 00000000 00:00 0 
7f977c000000-7f977c9e1000 rw-p 00000000 00:00 0 
7f977c9e1000-7f9780000000 ---p 00000000 00:00 0 
7f9780000000-7f9780021000 rw-p 00000000 00:00 0 
7f9780021000-7f9784000000 ---p 00000000 00:00 0 
7f9784000000-7f9784021000 rw-p 00000000 00:00 0 
7f9784021000-7f9788000000 ---p 00000000 00:00 0 
7f9788000000-7f9789eb8000 rw-p 00000000 00:00 0 
7f9789eb8000-7f978c000000 ---p 00000000 00:00 0 
7f978c000000-7f978c306000 rw-p 00000000 00:00 0 
7f978c306000-7f9790000000 ---p 00000000 00:00 0 
7f9790000000-7f9790021000 rw-p 00000000 00:00 0 
7f9790021000-7f9794000000 ---p 00000000 00:00 0 
7f9794000000-7f9794021000 rw-p 00000000 00:00 0 
7f9794021000-7f9798000000 ---p 00000000 00:00 0 
7f9798000000-7f9798021000 rw-p 00000000 00:00 0 
7f9798021000-7f979c000000 ---p 00000000 00:00 0 
7f979c000000-7f979c021000 rw-p 00000000 00:00 0 
7f979c021000-7f97a0000000 ---p 00000000 00:00 0 
7f97a007c000-7f97a0081000 r--s 002f9000 fe:00 1183633                    /opt/java-jdk/jdk1.8.0_151/jre/lib/charsets.jar
7f97a0081000-7f97a0086000 r--s 0009a000 fe:00 1183645                    /opt/java-jdk/jdk1.8.0_151/jre/lib/jsse.jar
7f97a0086000-7f97a011c000 r--s 01110000 fe:00 1441793                    /opt/java-jdk/jdk1.8.0_151/jre/lib/ext/jfxrt.jar
7f97a011c000-7f97a0133000 r-xp 00000000 fe:00 1183700                    /opt/java-jdk/jdk1.8.0_151/jre/lib/amd64/libnet.so
7f97a0133000-7f97a0332000 ---p 00017000 fe:00 1183700                    /opt/java-jdk/jdk1.8.0_151/jre/lib/amd64/libnet.so
7f97a0332000-7f97a0333000 rw-p 00016000 fe:00 1183700                    /opt/java-jdk/jdk1.8.0_151/jre/lib/amd64/libnet.so
7f97a0333000-7f97a033c000 r-xp 00000000 fe:00 1183708                    /opt/java-jdk/jdk1.8.0_151/jre/lib/amd64/libmanagement.so
7f97a033c000-7f97a053b000 ---p 00009000 fe:00 1183708                    /opt/java-jdk/jdk1.8.0_151/jre/lib/amd64/libmanagement.so
7f97a053b000-7f97a053c000 rw-p 00008000 fe:00 1183708                    /opt/java-jdk/jdk1.8.0_151/jre/lib/amd64/libmanagement.so
7f97a053c000-7f97a073c000 rw-p 00000000 00:00 0 
7f97a073c000-7f97a073f000 ---p 00000000 00:00 0 
7f97a073f000-7f97a083d000 rw-p 00000000 00:00 0 
7f97a083d000-7f97a0847000 r--s 00116000 fe:00 1441799                    /opt/java-jdk/jdk1.8.0_151/jre/lib/ext/localedata.jar
7f97a0847000-7f97a084e000 r--s 00000000 fe:00 393953                     /usr/lib/x86_64-linux-gnu/gconv/gconv-modules.cache
7f97a084e000-7f97a0874000 r--p 00000000 fe:00 397017                     /usr/share/locale/de/LC_MESSAGES/libc.mo
7f97a0874000-7f97a087e000 r--s 000ec000 fe:00 1060                       /home/bzz/.m2/repository/mysql/mysql-connector-java/5.1.46/mysql-connector-java-5.1.46.jar
7f97a087e000-7f97a0887000 r--s 00058000 fe:00 1177387                    /home/bzz/.m2/repository/taglibs/standard/1.1.2/standard-1.1.2.jar
7f97a0887000-7f97a0891000 r--s 0005c000 fe:00 1177385                    /home/bzz/.m2/repository/jstl/jstl/1.2/jstl-1.2.jar
7f97a0891000-7f97a0893000 r--s 0000a000 fe:00 1015                       /home/bzz/.m2/repository/org/springframework/spring-aspects/5.1.6.RELEASE/spring-aspects-5.1.6.RELEASE.jar
7f97a0893000-7f97a0895000 r--s 00009000 fe:00 854                        /home/bzz/.m2/repository/org/slf4j/slf4j-api/1.7.26/slf4j-api-1.7.26.jar
7f97a0895000-7f97a089d000 r--s 00037000 fe:00 1013                       /home/bzz/.m2/repository/org/springframework/spring-tx/5.1.6.RELEASE/spring-tx-5.1.6.RELEASE.jar
7f97a089d000-7f97a08a1000 r--s 0002d000 fe:00 1011                       /home/bzz/.m2/repository/org/springframework/spring-orm/5.1.6.RELEASE/spring-orm-5.1.6.RELEASE.jar
7f97a08a1000-7f97a08b9000 r--s 00106000 fe:00 1708246                    /home/bzz/.m2/repository/org/springframework/data/spring-data-commons/2.1.6.RELEASE/spring-data-commons-2.1.6.RELEASE.jar
7f97a08b9000-7f97a08c1000 r--s 0004f000 fe:00 1452741                    /home/bzz/.m2/repository/org/springframework/data/spring-data-jpa/2.1.6.RELEASE/spring-data-jpa-2.1.6.RELEASE.jar
7f97a08c1000-7f97a08c4000 r--s 00010000 fe:00 1009                       /home/bzz/.m2/repository/org/hibernate/common/hibernate-commons-annotations/5.0.4.Final/hibernate-commons-annotations-5.0.4.Final.jar
7f97a08c4000-7f97a08c9000 r--s 0004b000 fe:00 1007                       /home/bzz/.m2/repository/org/dom4j/dom4j/2.1.1/dom4j-2.1.1.jar
7f97a08c9000-7f97a08cc000 r--s 0002b000 fe:00 1005                       /home/bzz/.m2/repository/org/jboss/jandex/2.0.5.Final/jandex-2.0.5.Final.jar
7f97a08cc000-7f97a08d1000 r--s 00068000 fe:00 1003                       /home/bzz/.m2/repository/antlr/antlr/2.7.7/antlr-2.7.7.jar
7f97a08d1000-7f97a0918000 r--s 002da000 fe:00 1001                       /home/bzz/.m2/repository/net/bytebuddy/byte-buddy/1.9.12/byte-buddy-1.9.12.jar
7f97a0918000-7f97a0923000 r--s 000b2000 fe:00 999                        /home/bzz/.m2/repository/org/javassist/javassist/3.23.1-GA/javassist-3.23.1-GA.jar
7f97a0923000-7f97a0929000 r--s 00023000 fe:00 997                        /home/bzz/.m2/repository/javax/persistence/javax.persistence-api/2.2/javax.persistence-api-2.2.jar
7f97a0929000-7f97a09ac000 r--s 00626000 fe:00 1835970                    /home/bzz/.m2/repository/org/hibernate/hibernate-core/5.3.9.Final/hibernate-core-5.3.9.Final.jar
7f97a09ac000-7f97a09ae000 r--s 0000c000 fe:00 1708244                    /home/bzz/.m2/repository/javax/activation/javax.activation-api/1.2.0/javax.activation-api-1.2.0.jar
7f97a09ae000-7f97a09b2000 r--s 0001c000 fe:00 1574645                    /home/bzz/.m2/repository/javax/xml/bind/jaxb-api/2.3.1/jaxb-api-2.3.1.jar
7f97a09b2000-7f97a09b3000 r--s 00006000 fe:00 1452739                    /home/bzz/.m2/repository/javax/transaction/javax.transaction-api/1.3/javax.transaction-api-1.3.jar
7f97a09b3000-7f97a09bc000 r--s 0005a000 fe:00 995                        /home/bzz/.m2/repository/org/springframework/spring-jdbc/5.1.6.RELEASE/spring-jdbc-5.1.6.RELEASE.jar
7f97a09bc000-7f97a09c0000 r--s 00020000 fe:00 1307995                    /home/bzz/.m2/repository/com/zaxxer/HikariCP/3.2.0/HikariCP-3.2.0.jar
7f97a09c0000-7f97a09c1000 r--s 00000000 fe:00 993                        /home/bzz/.m2/repository/org/springframework/boot/spring-boot-starter-jdbc/2.1.4.RELEASE/spring-boot-starter-jdbc-2.1.4.RELEASE.jar
7f97a09c1000-7f97a09da000 r--s 001de000 fe:00 991                        /home/bzz/.m2/repository/org/aspectj/aspectjweaver/1.9.2/aspectjweaver-1.9.2.jar
7f97a09da000-7f97a09db000 r--s 00000000 fe:00 989                        /home/bzz/.m2/repository/org/springframework/boot/spring-boot-starter-aop/2.1.4.RELEASE/spring-boot-starter-aop-2.1.4.RELEASE.jar
7f97a09db000-7f97a09dc000 r--s 00000000 fe:00 987                        /home/bzz/.m2/repository/org/springframework/boot/spring-boot-starter-data-jpa/2.1.4.RELEASE/spring-boot-starter-data-jpa-2.1.4.RELEASE.jar
7f97a09dc000-7f97a09e1000 r--s 00040000 fe:00 892                        /home/bzz/.m2/repository/org/springframework/spring-expression/5.1.6.RELEASE/spring-expression-5.1.6.RELEASE.jar
7f97a09e1000-7f97a09fb000 r--s 000f3000 fe:00 890                        /home/bzz/.m2/repository/org/springframework/spring-context/5.1.6.RELEASE/spring-context-5.1.6.RELEASE.jar
7f97a09fb000-7f97a0a05000 r--s 00051000 fe:00 888                        /home/bzz/.m2/repository/org/springframework/spring-aop/5.1.6.RELEASE/spring-aop-5.1.6.RELEASE.jar
7f97a0a05000-7f97a0a14000 r--s 000b5000 fe:00 886                        /home/bzz/.m2/repository/org/springframework/spring-webmvc/5.1.6.RELEASE/spring-webmvc-5.1.6.RELEASE.jar
7f97a0a14000-7f97a0a21000 r--s 00098000 fe:00 884                        /home/bzz/.m2/repository/org/springframework/spring-beans/5.1.6.RELEASE/spring-beans-5.1.6.RELEASE.jar
7f97a0a21000-7f97a0a3d000 r--s 00137000 fe:00 882                        /home/bzz/.m2/repository/org/springframework/spring-web/5.1.6.RELEASE/spring-web-5.1.6.RELEASE.jar
7f97a0a3d000-7f97a0a3f000 r--s 0000f000 fe:00 1574627                    /home/bzz/.m2/repository/com/fasterxml/classmate/1.4.0/classmate-1.4.0.jar
7f97a0a3f000-7f97a0a41000 r--s 0000f000 fe:00 1448391                    /home/bzz/.m2/repository/org/jboss/logging/jboss-logging/3.3.2.Final/jboss-logging-3.3.2.Final.jar
7f97a0a41000-7f97a0a46000 r--s 00012000 fe:00 1448387                    /home/bzz/.m2/repository/javax/validation/validation-api/2.0.1.Final/validation-api-2.0.1.Final.jar
7f97a0a46000-7f97a0a63000 r--s 000fe000 fe:00 1452725                    /home/bzz/.m2/repository/org/hibernate/validator/hibernate-validator/6.0.16.Final/hibernate-validator-6.0.16.Final.jar
7f97a0a63000-7f97a0a68000 r--s 0003a000 fe:00 1087                       /home/bzz/.m2/repository/org/apache/tomcat/embed/tomcat-embed-websocket/8.5.37/tomcat-embed-websocket-8.5.37.jar
7f97a0a68000-7f97a0a6d000 r--s 00038000 fe:00 1085                       /home/bzz/.m2/repository/org/apache/tomcat/embed/tomcat-embed-el/8.5.37/tomcat-embed-el-8.5.37.jar
7f97a0a6d000-7f97a0a97000 r--s 002d8000 fe:00 1083                       /home/bzz/.m2/repository/org/apache/tomcat/embed/tomcat-embed-core/8.5.37/tomcat-embed-core-8.5.37.jar
7f97a0a97000-7f97a0a98000 r--s 00000000 fe:00 874                        /home/bzz/.m2/repository/org/springframework/boot/spring-boot-starter-tomcat/2.1.4.RELEASE/spring-boot-starter-tomcat-2.1.4.RELEASE.jar
7f97a0a98000-7f97a0a9a000 r--s 00001000 fe:00 872                        /home/bzz/.m2/repository/com/fasterxml/jackson/module/jackson-module-parameter-names/2.9.8/jackson-module-parameter-names-2.9.8.jar
7f97a0a9a000-7f97a0a9d000 r--s 00016000 fe:00 870                        /home/bzz/.m2/repository/com/fasterxml/jackson/datatype/jackson-datatype-jsr310/2.9.8/jackson-datatype-jsr310-2.9.8.jar
7f97a0a9d000-7f97a0a9f000 r--s 00007000 fe:00 868                        /home/bzz/.m2/repository/com/fasterxml/jackson/datatype/jackson-datatype-jdk8/2.9.8/jackson-datatype-jdk8-2.9.8.jar
7f97a0a9f000-7f97a0aa3000 r--s 0004c000 fe:00 866                        /home/bzz/.m2/repository/com/fasterxml/jackson/core/jackson-core/2.9.8/jackson-core-2.9.8.jar
7f97a0aa3000-7f97a0aa6000 r--s 0000e000 fe:00 864                        /home/bzz/.m2/repository/com/fasterxml/jackson/core/jackson-annotations/2.9.0/jackson-annotations-2.9.0.jar
7f97a0aa6000-7f97a0ab8000 r--s 00137000 fe:00 1708225                    /home/bzz/.m2/repository/com/fasterxml/jackson/core/jackson-databind/2.9.8/jackson-databind-2.9.8.jar
7f97a0ab8000-7f97a0ab9000 r--s 00000000 fe:00 862                        /home/bzz/.m2/repository/org/springframework/boot/spring-boot-starter-json/2.1.4.RELEASE/spring-boot-starter-json-2.1.4.RELEASE.jar
7f97a0ab9000-7f97a0ac0000 r--s 00043000 fe:00 860                        /home/bzz/.m2/repository/org/yaml/snakeyaml/1.23/snakeyaml-1.23.jar
7f97a0ac0000-7f97a0ac1000 r--s 00005000 fe:00 1835959                    /home/bzz/.m2/repository/org/springframework/spring-jcl/5.1.6.RELEASE/spring-jcl-5.1.6.RELEASE.jar
7f97a0ac1000-7f97a0ad9000 r--s 00124000 fe:00 1835957                    /home/bzz/.m2/repository/org/springframework/spring-core/5.1.6.RELEASE/spring-core-5.1.6.RELEASE.jar
7f97a0ad9000-7f97a0adb000 r--s 00005000 fe:00 1574625                    /home/bzz/.m2/repository/javax/annotation/javax.annotation-api/1.3.2/javax.annotation-api-1.3.2.jar
7f97a0adb000-7f97a0add000 r--s 00000000 fe:00 1177352                    /home/bzz/.m2/repository/org/slf4j/jul-to-slf4j/1.7.26/jul-to-slf4j-1.7.26.jar
7f97a0add000-7f97a0ae3000 r--s 0003c000 fe:00 858                        /home/bzz/.m2/repository/org/apache/logging/log4j/log4j-api/2.11.2/log4j-api-2.11.2.jar
7f97a0ae3000-7f97a0aee000 r--s 00069000 fe:00 852                        /home/bzz/.m2/repository/ch/qos/logback/logback-core/1.2.3/logback-core-1.2.3.jar
7f97a0aee000-7f97a0af4000 r--s 00041000 fe:00 850                        /home/bzz/.m2/repository/ch/qos/logback/logback-classic/1.2.3/logback-classic-1.2.3.jar
7f97a0af4000-7f97a0b18000 r--s 00111000 fe:00 846                        /home/bzz/.m2/repository/org/springframework/boot/spring-boot-autoconfigure/2.1.4.RELEASE/spring-boot-autoconfigure-2.1.4.RELEASE.jar
7f97a0b18000-7f97a0b2d000 r--s 000d4000 fe:00 844                        /home/bzz/.m2/repository/org/springframework/boot/spring-boot/2.1.4.RELEASE/spring-boot-2.1.4.RELEASE.jar
7f97a0b2d000-7f97a0b2e000 ---p 00000000 00:00 0 
7f97a0b2e000-7f97a0c2e000 rw-p 00000000 00:00 0 
7f97a0c2e000-7f97a0c31000 ---p 00000000 00:00 0 
7f97a0c31000-7f97a0d2f000 rw-p 00000000 00:00 0 
7f97a0d2f000-7f97a0d32000 ---p 00000000 00:00 0 
7f97a0d32000-7f97a0e30000 rw-p 00000000 00:00 0 
7f97a0e30000-7f97a0e33000 ---p 00000000 00:00 0 
7f97a0e33000-7f97a0f31000 rw-p 00000000 00:00 0 
7f97a0f31000-7f97a0f34000 ---p 00000000 00:00 0 
7f97a0f34000-7f97a1032000 rw-p 00000000 00:00 0 
7f97a1032000-7f97a11cd000 r--p 00000000 fe:00 392923                     /usr/lib/locale/locale-archive
7f97a11cd000-7f97a11d0000 ---p 00000000 00:00 0 
7f97a11d0000-7f97a12ce000 rw-p 00000000 00:00 0 
7f97a12ce000-7f97a12d1000 ---p 00000000 00:00 0 
7f97a12d1000-7f97a13cf000 rw-p 00000000 00:00 0 
7f97a13cf000-7f97a13d0000 ---p 00000000 00:00 0 
7f97a13d0000-7f97a211e000 rw-p 00000000 00:00 0 
7f97a211e000-7f97a22f7000 r--s 03d5a000 fe:00 1183635                    /opt/java-jdk/jdk1.8.0_151/jre/lib/rt.jar
7f97a22f7000-7f97a4bb4000 rw-p 00000000 00:00 0 
7f97a4bb4000-7f97a4bb5000 ---p 00000000 00:00 0 
7f97a4bb5000-7f97a4cb5000 rw-p 00000000 00:00 0 
7f97a4cb5000-7f97a4cb6000 ---p 00000000 00:00 0 
7f97a4cb6000-7f97a4db6000 rw-p 00000000 00:00 0 
7f97a4db6000-7f97a4db7000 ---p 00000000 00:00 0 
7f97a4db7000-7f97a4eb7000 rw-p 00000000 00:00 0 
7f97a4eb7000-7f97a4ec9000 rw-p 00000000 00:00 0 
7f97a4ec9000-7f97a4ecc000 ---p 00000000 00:00 0 
7f97a4ecc000-7f97a5000000 ---p 00000000 00:00 0 
7f97a5000000-7f97a5a40000 rwxp 00000000 00:00 0 
7f97a5a40000-7f97b4000000 ---p 00000000 00:00 0 
7f97b4000000-7f97b4ace000 rw-p 00000000 00:00 0 
7f97b4ace000-7f97b8000000 ---p 00000000 00:00 0 
7f97b8000000-7f97b8002000 r--s 00003000 fe:00 856                        /home/bzz/.m2/repository/org/apache/logging/log4j/log4j-to-slf4j/2.11.2/log4j-to-slf4j-2.11.2.jar
7f97b8002000-7f97b8003000 r--s 00000000 fe:00 848                        /home/bzz/.m2/repository/org/springframework/boot/spring-boot-starter-logging/2.1.4.RELEASE/spring-boot-starter-logging-2.1.4.RELEASE.jar
7f97b8003000-7f97b8004000 r--s 00000000 fe:00 842                        /home/bzz/.m2/repository/org/springframework/boot/spring-boot-starter/2.1.4.RELEASE/spring-boot-starter-2.1.4.RELEASE.jar
7f97b8004000-7f97b8007000 r--s 00015000 fe:00 1451998                    /home/bzz/.m2/repository/javax/servlet/javax.servlet-api/3.1.0/javax.servlet-api-3.1.0.jar
7f97b8007000-7f97b800c000 r--s 00084000 fe:00 1183606                    /opt/java-jdk/jdk1.8.0_151/jre/lib/jfr.jar
7f97b800c000-7f97b8011000 r--s 002f9000 fe:00 1183633                    /opt/java-jdk/jdk1.8.0_151/jre/lib/charsets.jar
7f97b8011000-7f97b8016000 r--s 0009a000 fe:00 1183645                    /opt/java-jdk/jdk1.8.0_151/jre/lib/jsse.jar
7f97b8016000-7f97b80db000 rw-p 00000000 00:00 0 
7f97b80db000-7f97b80ed000 rw-p 00000000 00:00 0 
7f97b80ed000-7f97b80f0000 ---p 00000000 00:00 0 
7f97b80f0000-7f97b8223000 ---p 00000000 00:00 0 
7f97b8223000-7f97b825f000 rw-p 00000000 00:00 0 
7f97b825f000-7f97b82c8000 ---p 00000000 00:00 0 
7f97b82c8000-7f97b82f2000 rw-p 00000000 00:00 0 
7f97b82f2000-7f97b8689000 ---p 00000000 00:00 0 
7f97b8689000-7f97b86a4000 r-xp 00000000 fe:00 1183696                    /opt/java-jdk/jdk1.8.0_151/jre/lib/amd64/libzip.so
7f97b86a4000-7f97b88a4000 ---p 0001b000 fe:00 1183696                    /opt/java-jdk/jdk1.8.0_151/jre/lib/amd64/libzip.so
7f97b88a4000-7f97b88a5000 rw-p 0001b000 fe:00 1183696                    /opt/java-jdk/jdk1.8.0_151/jre/lib/amd64/libzip.so
7f97b88a5000-7f97b88af000 r-xp 00000000 fe:00 1305618                    /lib/x86_64-linux-gnu/libnss_files-2.24.so
7f97b88af000-7f97b8aaf000 ---p 0000a000 fe:00 1305618                    /lib/x86_64-linux-gnu/libnss_files-2.24.so
7f97b8aaf000-7f97b8ab0000 r--p 0000a000 fe:00 1305618                    /lib/x86_64-linux-gnu/libnss_files-2.24.so
7f97b8ab0000-7f97b8ab1000 rw-p 0000b000 fe:00 1305618                    /lib/x86_64-linux-gnu/libnss_files-2.24.so
7f97b8ab1000-7f97b8ab7000 rw-p 00000000 00:00 0 
7f97b8ab7000-7f97b8ac2000 r-xp 00000000 fe:00 1305620                    /lib/x86_64-linux-gnu/libnss_nis-2.24.so
7f97b8ac2000-7f97b8cc1000 ---p 0000b000 fe:00 1305620                    /lib/x86_64-linux-gnu/libnss_nis-2.24.so
7f97b8cc1000-7f97b8cc2000 r--p 0000a000 fe:00 1305620                    /lib/x86_64-linux-gnu/libnss_nis-2.24.so
7f97b8cc2000-7f97b8cc3000 rw-p 0000b000 fe:00 1305620                    /lib/x86_64-linux-gnu/libnss_nis-2.24.so
7f97b8cc3000-7f97b8cd7000 r-xp 00000000 fe:00 1305615                    /lib/x86_64-linux-gnu/libnsl-2.24.so
7f97b8cd7000-7f97b8ed7000 ---p 00014000 fe:00 1305615                    /lib/x86_64-linux-gnu/libnsl-2.24.so
7f97b8ed7000-7f97b8ed8000 r--p 00014000 fe:00 1305615                    /lib/x86_64-linux-gnu/libnsl-2.24.so
7f97b8ed8000-7f97b8ed9000 rw-p 00015000 fe:00 1305615                    /lib/x86_64-linux-gnu/libnsl-2.24.so
7f97b8ed9000-7f97b8edb000 rw-p 00000000 00:00 0 
7f97b8edb000-7f97b8ee2000 r-xp 00000000 fe:00 1305616                    /lib/x86_64-linux-gnu/libnss_compat-2.24.so
7f97b8ee2000-7f97b90e1000 ---p 00007000 fe:00 1305616                    /lib/x86_64-linux-gnu/libnss_compat-2.24.so
7f97b90e1000-7f97b90e2000 r--p 00006000 fe:00 1305616                    /lib/x86_64-linux-gnu/libnss_compat-2.24.so
7f97b90e2000-7f97b90e3000 rw-p 00007000 fe:00 1305616                    /lib/x86_64-linux-gnu/libnss_compat-2.24.so
7f97b90e3000-7f97b910e000 r-xp 00000000 fe:00 1183690                    /opt/java-jdk/jdk1.8.0_151/jre/lib/amd64/libjava.so
7f97b910e000-7f97b930d000 ---p 0002b000 fe:00 1183690                    /opt/java-jdk/jdk1.8.0_151/jre/lib/amd64/libjava.so
7f97b930d000-7f97b930f000 rw-p 0002a000 fe:00 1183690                    /opt/java-jdk/jdk1.8.0_151/jre/lib/amd64/libjava.so
7f97b930f000-7f97b931c000 r-xp 00000000 fe:00 1183695                    /opt/java-jdk/jdk1.8.0_151/jre/lib/amd64/libverify.so
7f97b931c000-7f97b951c000 ---p 0000d000 fe:00 1183695                    /opt/java-jdk/jdk1.8.0_151/jre/lib/amd64/libverify.so
7f97b951c000-7f97b951e000 rw-p 0000d000 fe:00 1183695                    /opt/java-jdk/jdk1.8.0_151/jre/lib/amd64/libverify.so
7f97b951e000-7f97b9525000 r-xp 00000000 fe:00 1305625                    /lib/x86_64-linux-gnu/librt-2.24.so
7f97b9525000-7f97b9724000 ---p 00007000 fe:00 1305625                    /lib/x86_64-linux-gnu/librt-2.24.so
7f97b9724000-7f97b9725000 r--p 00006000 fe:00 1305625                    /lib/x86_64-linux-gnu/librt-2.24.so
7f97b9725000-7f97b9726000 rw-p 00007000 fe:00 1305625                    /lib/x86_64-linux-gnu/librt-2.24.so
7f97b9726000-7f97b9829000 r-xp 00000000 fe:00 1305612                    /lib/x86_64-linux-gnu/libm-2.24.so
7f97b9829000-7f97b9a28000 ---p 00103000 fe:00 1305612                    /lib/x86_64-linux-gnu/libm-2.24.so
7f97b9a28000-7f97b9a29000 r--p 00102000 fe:00 1305612                    /lib/x86_64-linux-gnu/libm-2.24.so
7f97b9a29000-7f97b9a2a000 rw-p 00103000 fe:00 1305612                    /lib/x86_64-linux-gnu/libm-2.24.so
7f97b9a2a000-7f97ba6fd000 r-xp 00000000 fe:00 1312866                    /opt/java-jdk/jdk1.8.0_151/jre/lib/amd64/server/libjvm.so
7f97ba6fd000-7f97ba8fc000 ---p 00cd3000 fe:00 1312866                    /opt/java-jdk/jdk1.8.0_151/jre/lib/amd64/server/libjvm.so
7f97ba8fc000-7f97ba9d6000 rw-p 00cd2000 fe:00 1312866                    /opt/java-jdk/jdk1.8.0_151/jre/lib/amd64/server/libjvm.so
7f97ba9d6000-7f97baa21000 rw-p 00000000 00:00 0 
7f97baa21000-7f97babb6000 r-xp 00000000 fe:00 1305608                    /lib/x86_64-linux-gnu/libc-2.24.so
7f97babb6000-7f97badb6000 ---p 00195000 fe:00 1305608                    /lib/x86_64-linux-gnu/libc-2.24.so
7f97badb6000-7f97badba000 r--p 00195000 fe:00 1305608                    /lib/x86_64-linux-gnu/libc-2.24.so
7f97badba000-7f97badbc000 rw-p 00199000 fe:00 1305608                    /lib/x86_64-linux-gnu/libc-2.24.so
7f97badbc000-7f97badc0000 rw-p 00000000 00:00 0 
7f97badc0000-7f97badc3000 r-xp 00000000 fe:00 1305611                    /lib/x86_64-linux-gnu/libdl-2.24.so
7f97badc3000-7f97bafc2000 ---p 00003000 fe:00 1305611                    /lib/x86_64-linux-gnu/libdl-2.24.so
7f97bafc2000-7f97bafc3000 r--p 00002000 fe:00 1305611                    /lib/x86_64-linux-gnu/libdl-2.24.so
7f97bafc3000-7f97bafc4000 rw-p 00003000 fe:00 1305611                    /lib/x86_64-linux-gnu/libdl-2.24.so
7f97bafc4000-7f97bafda000 r-xp 00000000 fe:00 802619                     /opt/java-jdk/jdk1.8.0_151/lib/amd64/jli/libjli.so
7f97bafda000-7f97bb1d9000 ---p 00016000 fe:00 802619                     /opt/java-jdk/jdk1.8.0_151/lib/amd64/jli/libjli.so
7f97bb1d9000-7f97bb1da000 rw-p 00015000 fe:00 802619                     /opt/java-jdk/jdk1.8.0_151/lib/amd64/jli/libjli.so
7f97bb1da000-7f97bb1f2000 r-xp 00000000 fe:00 1305623                    /lib/x86_64-linux-gnu/libpthread-2.24.so
7f97bb1f2000-7f97bb3f1000 ---p 00018000 fe:00 1305623                    /lib/x86_64-linux-gnu/libpthread-2.24.so
7f97bb3f1000-7f97bb3f2000 r--p 00017000 fe:00 1305623                    /lib/x86_64-linux-gnu/libpthread-2.24.so
7f97bb3f2000-7f97bb3f3000 rw-p 00018000 fe:00 1305623                    /lib/x86_64-linux-gnu/libpthread-2.24.so
7f97bb3f3000-7f97bb3f7000 rw-p 00000000 00:00 0 
7f97bb3f7000-7f97bb41a000 r-xp 00000000 fe:00 1305603                    /lib/x86_64-linux-gnu/ld-2.24.so
7f97bb41a000-7f97bb41b000 r--s 00000000 fe:00 840                        /home/bzz/.m2/repository/org/springframework/boot/spring-boot-starter-web/2.1.4.RELEASE/spring-boot-starter-web-2.1.4.RELEASE.jar
7f97bb41b000-7f97bb41e000 r--s 0001a000 fe:00 1183716                    /opt/java-jdk/jdk1.8.0_151/jre/lib/jce.jar
7f97bb41e000-7f97bb4e3000 rw-p 00000000 00:00 0 
7f97bb4e3000-7f97bb4f7000 rw-p 00000000 00:00 0 
7f97bb4f7000-7f97bb4fa000 ---p 00000000 00:00 0 
7f97bb4fa000-7f97bb5fa000 rw-p 00000000 00:00 0 
7f97bb5fa000-7f97bb60d000 r--s 00345000 fe:00 1183644                    /opt/java-jdk/jdk1.8.0_151/jre/lib/resources.jar
7f97bb60d000-7f97bb615000 rw-s 00000000 fe:00 656496                     /tmp/hsperfdata_bzz/22673
7f97bb615000-7f97bb616000 rw-p 00000000 00:00 0 
7f97bb616000-7f97bb617000 ---p 00000000 00:00 0 
7f97bb617000-7f97bb61a000 rw-p 00000000 00:00 0 
7f97bb61a000-7f97bb61b000 r--p 00023000 fe:00 1305603                    /lib/x86_64-linux-gnu/ld-2.24.so
7f97bb61b000-7f97bb61c000 rw-p 00024000 fe:00 1305603                    /lib/x86_64-linux-gnu/ld-2.24.so
7f97bb61c000-7f97bb61d000 rw-p 00000000 00:00 0 
7ffd6c792000-7ffd6c7b5000 rw-p 00000000 00:00 0                          [stack]
7ffd6c7d6000-7ffd6c7d8000 r--p 00000000 00:00 0                          [vvar]
7ffd6c7d8000-7ffd6c7da000 r-xp 00000000 00:00 0                          [vdso]
ffffffffff600000-ffffffffff601000 r-xp 00000000 00:00 0                  [vsyscall]

VM Arguments:
jvm_args: -Dfile.encoding=UTF-8 
java_command: modul.api.App
java_class_path (initial): /opt/java-jdk/jdk1.8.0_151/jre/lib/resources.jar:/opt/java-jdk/jdk1.8.0_151/jre/lib/rt.jar:/opt/java-jdk/jdk1.8.0_151/jre/lib/jsse.jar:/opt/java-jdk/jdk1.8.0_151/jre/lib/jce.jar:/opt/java-jdk/jdk1.8.0_151/jre/lib/charsets.jar:/opt/java-jdk/jdk1.8.0_151/jre/lib/jfr.jar:/opt/java-jdk/jdk1.8.0_151/jre/lib/ext/sunjce_provider.jar:/opt/java-jdk/jdk1.8.0_151/jre/lib/ext/zipfs.jar:/opt/java-jdk/jdk1.8.0_151/jre/lib/ext/jaccess.jar:/opt/java-jdk/jdk1.8.0_151/jre/lib/ext/localedata.jar:/opt/java-jdk/jdk1.8.0_151/jre/lib/ext/dnsns.jar:/opt/java-jdk/jdk1.8.0_151/jre/lib/ext/jfxrt.jar:/opt/java-jdk/jdk1.8.0_151/jre/lib/ext/sunec.jar:/opt/java-jdk/jdk1.8.0_151/jre/lib/ext/cldrdata.jar:/opt/java-jdk/jdk1.8.0_151/jre/lib/ext/sunpkcs11.jar:/opt/java-jdk/jdk1.8.0_151/jre/lib/ext/nashorn.jar:/home/bzz/workspace/jsf/api/target/classes:/home/bzz/.m2/repository/javax/servlet/javax.servlet-api/3.1.0/javax.servlet-api-3.1.0.jar:/home/bzz/.m2/repository/org/springframework/boot/spring-boot-starter-web/2.1.4.RELEASE/spring-boot-starter-web-2.1.4.RELEASE.jar:/home/bzz/.m2/repository/org/springframework/boot/spring-boot-starter/2.1.4.RELEASE/spring-boot-starter-2.1.4.RELEASE.jar:/home/bzz/.m2/repository/org/springframework/boot/spring-boot/2.1.4.RELEASE/spring-boot-2.1.4.RELEASE.jar:/home/bzz/.m2/repository/org/springframework/boot/spring-boot-autoconfigure/2.1.4.RELEASE/spring-boot-autoconfigure-2.1.4.RELEASE.jar:/home/bzz/.m2/repository/org/springframework/boot/spring-boot-starter-logging/2.1.4.RELEASE/spring-boot-starter-logging-2.1.4.RELEASE.jar:/home/bzz/.m2/repository/ch/qos/logback/logback-classic/1.2.3/logback-classic-1.2.3.jar:/home/bzz/.m2/repository/ch/qos/logback/logback-core/1.2.3/logback-core-1.2.3.jar:/home/bzz/.m2/repository/org/apache/logging/log4j/log4j-to-slf4j/2.11.2/log4j-to-slf4j-2.11.2.jar:/home/bzz/.m2/repository/org/apache/logging/log4j/log4j-api/2.11.2/log4j-api-2.11.2.jar:/home/bzz/.m2/repository/org/slf4j/jul-to-slf4j/1.7.26/jul-to-slf4
Launcher Type: SUN_STANDARD

Environment Variables:
PATH=/usr/local/bin:/usr/bin:/bin:/usr/local/games:/usr/games
SHELL=/bin/bash
DISPLAY=:0

Signal Handlers:
SIGSEGV: [libjvm.so+0xacbe10], sa_mask[0]=11111111011111111101111111111110, sa_flags=SA_RESTART|SA_SIGINFO
SIGBUS: [libjvm.so+0xacbe10], sa_mask[0]=11111111011111111101111111111110, sa_flags=SA_RESTART|SA_SIGINFO
SIGFPE: [libjvm.so+0x924f90], sa_mask[0]=11111111011111111101111111111110, sa_flags=SA_RESTART|SA_SIGINFO
SIGPIPE: [libjvm.so+0x924f90], sa_mask[0]=11111111011111111101111111111110, sa_flags=SA_RESTART|SA_SIGINFO
SIGXFSZ: [libjvm.so+0x924f90], sa_mask[0]=11111111011111111101111111111110, sa_flags=SA_RESTART|SA_SIGINFO
SIGILL: [libjvm.so+0x924f90], sa_mask[0]=11111111011111111101111111111110, sa_flags=SA_RESTART|SA_SIGINFO
SIGUSR1: SIG_DFL, sa_mask[0]=00000000000000000000000000000000, sa_flags=none
SIGUSR2: [libjvm.so+0x9267d0], sa_mask[0]=00100000000000000000000000000000, sa_flags=SA_RESTART|SA_SIGINFO
SIGHUP: [libjvm.so+0x927bd0], sa_mask[0]=11111111011111111101111111111110, sa_flags=SA_RESTART|SA_SIGINFO
SIGINT: [libjvm.so+0x927bd0], sa_mask[0]=11111111011111111101111111111110, sa_flags=SA_RESTART|SA_SIGINFO
SIGTERM: [libjvm.so+0x927bd0], sa_mask[0]=11111111011111111101111111111110, sa_flags=SA_RESTART|SA_SIGINFO
SIGQUIT: [libjvm.so+0x927bd0], sa_mask[0]=11111111011111111101111111111110, sa_flags=SA_RESTART|SA_SIGINFO


---------------  S Y S T E M  ---------------

OS:PRETTY_NAME="Debian GNU/Linux 9 (stretch)"
NAME="Debian GNU/Linux"
VERSION_ID="9"
VERSION="9 (stretch)"
ID=debian
HOME_URL="https://www.debian.org/"
SUPPORT_URL="https://www.debian.org/support"
BUG_REPORT_URL="https://bugs.debian.org/"

uname:Linux 4.9.0-4-amd64 #1 SMP Debian 4.9.65-3+deb9u1 (2017-12-23) x86_64
libc:glibc 2.24 NPTL 2.24 
rlimit: STACK 8192k, CORE 0k, NPROC 15658, NOFILE 1048576, AS infinity
load average:2.02 1.60 1.39

/proc/meminfo:
MemTotal:        4032220 kB
MemFree:          108828 kB
MemAvailable:      20276 kB
Buffers:             956 kB
Cached:            87176 kB
SwapCached:         4024 kB
Active:          3107468 kB
Inactive:         632668 kB
Active(anon):    3086372 kB
Inactive(anon):   611348 kB
Active(file):      21096 kB
Inactive(file):    21320 kB
Unevictable:          40 kB
Mlocked:              40 kB
SwapTotal:        524284 kB
SwapFree:              0 kB
Dirty:              3916 kB
Writeback:             0 kB
AnonPages:       3648360 kB
Mapped:            69824 kB
Shmem:             45600 kB
Slab:              64188 kB
SReclaimable:      21596 kB
SUnreclaim:        42592 kB
KernelStack:       13840 kB
PageTables:        50616 kB
NFS_Unstable:          0 kB
Bounce:                0 kB
WritebackTmp:          0 kB
CommitLimit:     2540392 kB
Committed_AS:    7474084 kB
VmallocTotal:   34359738367 kB
VmallocUsed:           0 kB
VmallocChunk:          0 kB
HardwareCorrupted:     0 kB
AnonHugePages:         0 kB
ShmemHugePages:        0 kB
ShmemPmdMapped:        0 kB
HugePages_Total:       0
HugePages_Free:        0
HugePages_Rsvd:        0
HugePages_Surp:        0
Hugepagesize:       2048 kB
DirectMap4k:      118656 kB
DirectMap2M:     4075520 kB
DirectMap1G:     2097152 kB


CPU:total 3 (initial active 3) (3 cores per cpu, 1 threads per core) family 6 model 158 stepping 9, cmov, cx8, fxsr, mmx, sse, sse2, sse3, ssse3, sse4.1, sse4.2, popcnt, avx, avx2, aes, clmul, erms, 3dnowpref, lzcnt, tsc, tscinvbit, bmi1, bmi2, adx

/proc/cpuinfo:
processor	: 0
vendor_id	: GenuineIntel
cpu family	: 6
model		: 158
model name	: Intel(R) Core(TM) i7-7700HQ CPU @ 2.80GHz
stepping	: 9
microcode	: 0xb4
cpu MHz		: 2807.532
cache size	: 6144 KB
physical id	: 0
siblings	: 3
core id		: 0
cpu cores	: 3
apicid		: 0
initial apicid	: 0
fpu		: yes
fpu_exception	: yes
cpuid level	: 22
wp		: yes
flags		: fpu vme de pse tsc msr pae mce cx8 apic sep mtrr pge mca cmov pat pse36 clflush mmx fxsr sse sse2 ss ht syscall nx pdpe1gb rdtscp lm constant_tsc arch_perfmon nopl xtopology tsc_reliable nonstop_tsc eagerfpu pni pclmulqdq ssse3 fma cx16 pcid sse4_1 sse4_2 x2apic movbe popcnt tsc_deadline_timer aes xsave avx f16c rdrand hypervisor lahf_lm abm 3dnowprefetch fsgsbase tsc_adjust bmi1 avx2 smep bmi2 invpcid mpx rdseed adx smap clflushopt xsaveopt xsavec xsaves arat
bugs		:
bogomips	: 5615.47
clflush size	: 64
cache_alignment	: 64
address sizes	: 43 bits physical, 48 bits virtual
power management:

processor	: 1
vendor_id	: GenuineIntel
cpu family	: 6
model		: 158
model name	: Intel(R) Core(TM) i7-7700HQ CPU @ 2.80GHz
stepping	: 9
microcode	: 0xb4
cpu MHz		: 2807.532
cache size	: 6144 KB
physical id	: 0
siblings	: 3
core id		: 1
cpu cores	: 3
apicid		: 1
initial apicid	: 1
fpu		: yes
fpu_exception	: yes
cpuid level	: 22
wp		: yes
flags		: fpu vme de pse tsc msr pae mce cx8 apic sep mtrr pge mca cmov pat pse36 clflush mmx fxsr sse sse2 ss ht syscall nx pdpe1gb rdtscp lm constant_tsc arch_perfmon nopl xtopology tsc_reliable nonstop_tsc eagerfpu pni pclmulqdq ssse3 fma cx16 pcid sse4_1 sse4_2 x2apic movbe popcnt tsc_deadline_timer aes xsave avx f16c rdrand hypervisor lahf_lm abm 3dnowprefetch fsgsbase tsc_adjust bmi1 avx2 smep bmi2 invpcid mpx rdseed adx smap clflushopt xsaveopt xsavec xsaves arat
bugs		:
bogomips	: 5615.47
clflush size	: 64
cache_alignment	: 64
address sizes	: 43 bits physical, 48 bits virtual
power management:

processor	: 2
vendor_id	: GenuineIntel
cpu family	: 6
model		: 158
model name	: Intel(R) Core(TM) i7-7700HQ CPU @ 2.80GHz
stepping	: 9
microcode	: 0xb4
cpu MHz		: 2807.532
cache size	: 6144 KB
physical id	: 0
siblings	: 3
core id		: 2
cpu cores	: 3
apicid		: 2
initial apicid	: 2
fpu		: yes
fpu_exception	: yes
cpuid level	: 22
wp		: yes
flags		: fpu vme de pse tsc msr pae mce cx8 apic sep mtrr pge mca cmov pat pse36 clflush mmx fxsr sse sse2 ss ht syscall nx pdpe1gb rdtscp lm constant_tsc arch_perfmon nopl xtopology tsc_reliable nonstop_tsc eagerfpu pni pclmulqdq ssse3 fma cx16 pcid sse4_1 sse4_2 x2apic movbe popcnt tsc_deadline_timer aes xsave avx f16c rdrand hypervisor lahf_lm abm 3dnowprefetch fsgsbase tsc_adjust bmi1 avx2 smep bmi2 invpcid mpx rdseed adx smap clflushopt xsaveopt xsavec xsaves arat
bugs		:
bogomips	: 5615.47
clflush size	: 64
cache_alignment	: 64
address sizes	: 43 bits physical, 48 bits virtual
power management:



Memory: 4k page, physical 4032220k(108828k free), swap 524284k(0k free)

vm_info: Java HotSpot(TM) 64-Bit Server VM (25.151-b12) for linux-amd64 JRE (1.8.0_151-b12), built on Sep  5 2017 19:20:58 by "java_re" with gcc 4.3.0 20080428 (Red Hat 4.3.0-8)

time: Thu Oct 31 10:13:56 2019
elapsed time: 6 seconds (0d 0h 0m 6s)

