#
# There is insufficient memory for the Java Runtime Environment to continue.
# Native memory allocation (mmap) failed to map 43515904 bytes for committing reserved memory.
# Possible reasons:
#   The system is out of physical RAM or swap space
#   In 32 bit mode, the process size limit was hit
# Possible solutions:
#   Reduce memory load on the system
#   Increase physical memory or swap space
#   Check if swap backing store is full
#   Use 64 bit Java on a 64 bit OS
#   Decrease Java heap size (-Xmx/-Xms)
#   Decrease number of Java threads
#   Decrease Java thread stack sizes (-Xss)
#   Set larger code cache with -XX:ReservedCodeCacheSize=
# This output file may be truncated or incomplete.
#
#  Out of Memory Error (os_linux.cpp:2640), pid=20406, tid=0x00007f002e62a700
#
# JRE version:  (8.0_151-b12) (build )
# Java VM: Java HotSpot(TM) 64-Bit Server VM (25.151-b12 mixed mode linux-amd64 compressed oops)
# Failed to write core dump. Core dumps have been disabled. To enable core dumping, try "ulimit -c unlimited" before starting Java again
#

---------------  T H R E A D  ---------------

Current thread (0x00007f002800d000):  JavaThread "Unknown thread" [_thread_in_vm, id=20411, stack(0x00007f002e52a000,0x00007f002e62b000)]

Stack: [0x00007f002e52a000,0x00007f002e62b000],  sp=0x00007f002e6293c0,  free space=1020k
Native frames: (J=compiled Java code, j=interpreted, Vv=VM code, C=native code)
V  [libjvm.so+0xacb58a]  VMError::report_and_die()+0x2ba
V  [libjvm.so+0x4ff4ab]  report_vm_out_of_memory(char const*, int, unsigned long, VMErrorType, char const*)+0x8b
V  [libjvm.so+0x928113]  os::Linux::commit_memory_impl(char*, unsigned long, bool)+0x103
V  [libjvm.so+0x928669]  os::pd_commit_memory(char*, unsigned long, unsigned long, bool)+0x29
V  [libjvm.so+0x92288a]  os::commit_memory(char*, unsigned long, unsigned long, bool)+0x2a
V  [libjvm.so+0x9973e3]  PSVirtualSpace::expand_by(unsigned long)+0x53
V  [libjvm.so+0x9874f7]  PSOldGen::initialize(ReservedSpace, unsigned long, char const*, int)+0xb7
V  [libjvm.so+0x2dac3a]  AdjoiningGenerations::AdjoiningGenerations(ReservedSpace, GenerationSizer*, unsigned long)+0x39a
V  [libjvm.so+0x94b796]  ParallelScavengeHeap::initialize()+0x1d6
V  [libjvm.so+0xa93603]  Universe::initialize_heap()+0xf3
V  [libjvm.so+0xa93b6e]  universe_init()+0x3e
V  [libjvm.so+0x640545]  init_globals()+0x65
V  [libjvm.so+0xa7725e]  Threads::create_vm(JavaVMInitArgs*, bool*)+0x23e
V  [libjvm.so+0x6d4e44]  JNI_CreateJavaVM+0x74
C  [libjli.so+0x797e]  JavaMain+0x9e
C  [libpthread.so.0+0x7494]  start_thread+0xc4


---------------  P R O C E S S  ---------------

Java Threads: ( => current thread )

Other Threads:

=>0x00007f002800d000 (exited) JavaThread "Unknown thread" [_thread_in_vm, id=20411, stack(0x00007f002e52a000,0x00007f002e62b000)]

VM state:not at safepoint (not fully initialized)

VM Mutex/Monitor currently owned by a thread: None

GC Heap History (0 events):
No events

Deoptimization events (0 events):
No events

Internal exceptions (0 events):
No events

Events (0 events):
No events


Dynamic libraries:
00400000-00401000 r-xp 00000000 fe:00 801902                             /opt/java-jdk/jdk1.8.0_151/bin/java
00600000-00601000 rw-p 00000000 fe:00 801902                             /opt/java-jdk/jdk1.8.0_151/bin/java
01c48000-01c69000 rw-p 00000000 00:00 0                                  [heap]
c4f80000-eb780000 ---p 00000000 00:00 0 
eb780000-ecc00000 rw-p 00000000 00:00 0 
ecc00000-100000000 ---p 00000000 00:00 0 
7f0017e61000-7f0017ff8000 rw-p 00000000 00:00 0 
7f0017ff8000-7f0018140000 ---p 00000000 00:00 0 
7f0018140000-7f001814b000 rw-p 00000000 00:00 0 
7f001814b000-7f00181e5000 ---p 00000000 00:00 0 
7f00181e5000-7f00181f0000 rw-p 00000000 00:00 0 
7f00181f0000-7f00185a6000 ---p 00000000 00:00 0 
7f00185a6000-7f0018816000 rwxp 00000000 00:00 0 
7f0018816000-7f00275a6000 ---p 00000000 00:00 0 
7f00275a6000-7f00275c1000 r-xp 00000000 fe:00 1183696                    /opt/java-jdk/jdk1.8.0_151/jre/lib/amd64/libzip.so
7f00275c1000-7f00277c1000 ---p 0001b000 fe:00 1183696                    /opt/java-jdk/jdk1.8.0_151/jre/lib/amd64/libzip.so
7f00277c1000-7f00277c2000 rw-p 0001b000 fe:00 1183696                    /opt/java-jdk/jdk1.8.0_151/jre/lib/amd64/libzip.so
7f00277c2000-7f00277cc000 r-xp 00000000 fe:00 1305618                    /lib/x86_64-linux-gnu/libnss_files-2.24.so
7f00277cc000-7f00279cc000 ---p 0000a000 fe:00 1305618                    /lib/x86_64-linux-gnu/libnss_files-2.24.so
7f00279cc000-7f00279cd000 r--p 0000a000 fe:00 1305618                    /lib/x86_64-linux-gnu/libnss_files-2.24.so
7f00279cd000-7f00279ce000 rw-p 0000b000 fe:00 1305618                    /lib/x86_64-linux-gnu/libnss_files-2.24.so
7f00279ce000-7f00279d4000 rw-p 00000000 00:00 0 
7f00279d4000-7f00279df000 r-xp 00000000 fe:00 1305620                    /lib/x86_64-linux-gnu/libnss_nis-2.24.so
7f00279df000-7f0027bde000 ---p 0000b000 fe:00 1305620                    /lib/x86_64-linux-gnu/libnss_nis-2.24.so
7f0027bde000-7f0027bdf000 r--p 0000a000 fe:00 1305620                    /lib/x86_64-linux-gnu/libnss_nis-2.24.so
7f0027bdf000-7f0027be0000 rw-p 0000b000 fe:00 1305620                    /lib/x86_64-linux-gnu/libnss_nis-2.24.so
7f0027be0000-7f0027bf4000 r-xp 00000000 fe:00 1305615                    /lib/x86_64-linux-gnu/libnsl-2.24.so
7f0027bf4000-7f0027df4000 ---p 00014000 fe:00 1305615                    /lib/x86_64-linux-gnu/libnsl-2.24.so
7f0027df4000-7f0027df5000 r--p 00014000 fe:00 1305615                    /lib/x86_64-linux-gnu/libnsl-2.24.so
7f0027df5000-7f0027df6000 rw-p 00015000 fe:00 1305615                    /lib/x86_64-linux-gnu/libnsl-2.24.so
7f0027df6000-7f0027df8000 rw-p 00000000 00:00 0 
7f0027df8000-7f0027dff000 r-xp 00000000 fe:00 1305616                    /lib/x86_64-linux-gnu/libnss_compat-2.24.so
7f0027dff000-7f0027ffe000 ---p 00007000 fe:00 1305616                    /lib/x86_64-linux-gnu/libnss_compat-2.24.so
7f0027ffe000-7f0027fff000 r--p 00006000 fe:00 1305616                    /lib/x86_64-linux-gnu/libnss_compat-2.24.so
7f0027fff000-7f0028000000 rw-p 00007000 fe:00 1305616                    /lib/x86_64-linux-gnu/libnss_compat-2.24.so
7f0028000000-7f0028038000 rw-p 00000000 00:00 0 
7f0028038000-7f002c000000 ---p 00000000 00:00 0 
7f002c026000-7f002c116000 rw-p 00000000 00:00 0 
7f002c116000-7f002c141000 r-xp 00000000 fe:00 1183690                    /opt/java-jdk/jdk1.8.0_151/jre/lib/amd64/libjava.so
7f002c141000-7f002c340000 ---p 0002b000 fe:00 1183690                    /opt/java-jdk/jdk1.8.0_151/jre/lib/amd64/libjava.so
7f002c340000-7f002c342000 rw-p 0002a000 fe:00 1183690                    /opt/java-jdk/jdk1.8.0_151/jre/lib/amd64/libjava.so
7f002c342000-7f002c34f000 r-xp 00000000 fe:00 1183695                    /opt/java-jdk/jdk1.8.0_151/jre/lib/amd64/libverify.so
7f002c34f000-7f002c54f000 ---p 0000d000 fe:00 1183695                    /opt/java-jdk/jdk1.8.0_151/jre/lib/amd64/libverify.so
7f002c54f000-7f002c551000 rw-p 0000d000 fe:00 1183695                    /opt/java-jdk/jdk1.8.0_151/jre/lib/amd64/libverify.so
7f002c551000-7f002c558000 r-xp 00000000 fe:00 1305625                    /lib/x86_64-linux-gnu/librt-2.24.so
7f002c558000-7f002c757000 ---p 00007000 fe:00 1305625                    /lib/x86_64-linux-gnu/librt-2.24.so
7f002c757000-7f002c758000 r--p 00006000 fe:00 1305625                    /lib/x86_64-linux-gnu/librt-2.24.so
7f002c758000-7f002c759000 rw-p 00007000 fe:00 1305625                    /lib/x86_64-linux-gnu/librt-2.24.so
7f002c759000-7f002c85c000 r-xp 00000000 fe:00 1305612                    /lib/x86_64-linux-gnu/libm-2.24.so
7f002c85c000-7f002ca5b000 ---p 00103000 fe:00 1305612                    /lib/x86_64-linux-gnu/libm-2.24.so
7f002ca5b000-7f002ca5c000 r--p 00102000 fe:00 1305612                    /lib/x86_64-linux-gnu/libm-2.24.so
7f002ca5c000-7f002ca5d000 rw-p 00103000 fe:00 1305612                    /lib/x86_64-linux-gnu/libm-2.24.so
7f002ca5d000-7f002d730000 r-xp 00000000 fe:00 1312866                    /opt/java-jdk/jdk1.8.0_151/jre/lib/amd64/server/libjvm.so
7f002d730000-7f002d92f000 ---p 00cd3000 fe:00 1312866                    /opt/java-jdk/jdk1.8.0_151/jre/lib/amd64/server/libjvm.so
7f002d92f000-7f002da09000 rw-p 00cd2000 fe:00 1312866                    /opt/java-jdk/jdk1.8.0_151/jre/lib/amd64/server/libjvm.so
7f002da09000-7f002da54000 rw-p 00000000 00:00 0 
7f002da54000-7f002dbe9000 r-xp 00000000 fe:00 1305608                    /lib/x86_64-linux-gnu/libc-2.24.so
7f002dbe9000-7f002dde9000 ---p 00195000 fe:00 1305608                    /lib/x86_64-linux-gnu/libc-2.24.so
7f002dde9000-7f002dded000 r--p 00195000 fe:00 1305608                    /lib/x86_64-linux-gnu/libc-2.24.so
7f002dded000-7f002ddef000 rw-p 00199000 fe:00 1305608                    /lib/x86_64-linux-gnu/libc-2.24.so
7f002ddef000-7f002ddf3000 rw-p 00000000 00:00 0 
7f002ddf3000-7f002ddf6000 r-xp 00000000 fe:00 1305611                    /lib/x86_64-linux-gnu/libdl-2.24.so
7f002ddf6000-7f002dff5000 ---p 00003000 fe:00 1305611                    /lib/x86_64-linux-gnu/libdl-2.24.so
7f002dff5000-7f002dff6000 r--p 00002000 fe:00 1305611                    /lib/x86_64-linux-gnu/libdl-2.24.so
7f002dff6000-7f002dff7000 rw-p 00003000 fe:00 1305611                    /lib/x86_64-linux-gnu/libdl-2.24.so
7f002dff7000-7f002e00d000 r-xp 00000000 fe:00 802619                     /opt/java-jdk/jdk1.8.0_151/lib/amd64/jli/libjli.so
7f002e00d000-7f002e20c000 ---p 00016000 fe:00 802619                     /opt/java-jdk/jdk1.8.0_151/lib/amd64/jli/libjli.so
7f002e20c000-7f002e20d000 rw-p 00015000 fe:00 802619                     /opt/java-jdk/jdk1.8.0_151/lib/amd64/jli/libjli.so
7f002e20d000-7f002e225000 r-xp 00000000 fe:00 1305623                    /lib/x86_64-linux-gnu/libpthread-2.24.so
7f002e225000-7f002e424000 ---p 00018000 fe:00 1305623                    /lib/x86_64-linux-gnu/libpthread-2.24.so
7f002e424000-7f002e425000 r--p 00017000 fe:00 1305623                    /lib/x86_64-linux-gnu/libpthread-2.24.so
7f002e425000-7f002e426000 rw-p 00018000 fe:00 1305623                    /lib/x86_64-linux-gnu/libpthread-2.24.so
7f002e426000-7f002e42a000 rw-p 00000000 00:00 0 
7f002e42a000-7f002e44d000 r-xp 00000000 fe:00 1305603                    /lib/x86_64-linux-gnu/ld-2.24.so
7f002e52a000-7f002e52d000 ---p 00000000 00:00 0 
7f002e52d000-7f002e62d000 rw-p 00000000 00:00 0 
7f002e640000-7f002e648000 rw-s 00000000 fe:00 656505                     /tmp/hsperfdata_bzz/20406
7f002e648000-7f002e649000 rw-p 00000000 00:00 0 
7f002e649000-7f002e64a000 r--p 00000000 00:00 0 
7f002e64a000-7f002e64d000 rw-p 00000000 00:00 0 
7f002e64d000-7f002e64e000 r--p 00023000 fe:00 1305603                    /lib/x86_64-linux-gnu/ld-2.24.so
7f002e64e000-7f002e64f000 rw-p 00024000 fe:00 1305603                    /lib/x86_64-linux-gnu/ld-2.24.so
7f002e64f000-7f002e650000 rw-p 00000000 00:00 0 
7ffdd851d000-7ffdd8540000 rw-p 00000000 00:00 0                          [stack]
7ffdd85be000-7ffdd85c0000 r--p 00000000 00:00 0                          [vvar]
7ffdd85c0000-7ffdd85c2000 r-xp 00000000 00:00 0                          [vdso]
ffffffffff600000-ffffffffff601000 r-xp 00000000 00:00 0                  [vsyscall]

VM Arguments:
jvm_args: -Dfile.encoding=UTF-8 
java_command: modul.api.App
java_class_path (initial): /opt/java-jdk/jdk1.8.0_151/jre/lib/resources.jar:/opt/java-jdk/jdk1.8.0_151/jre/lib/rt.jar:/opt/java-jdk/jdk1.8.0_151/jre/lib/jsse.jar:/opt/java-jdk/jdk1.8.0_151/jre/lib/jce.jar:/opt/java-jdk/jdk1.8.0_151/jre/lib/charsets.jar:/opt/java-jdk/jdk1.8.0_151/jre/lib/jfr.jar:/opt/java-jdk/jdk1.8.0_151/jre/lib/ext/sunjce_provider.jar:/opt/java-jdk/jdk1.8.0_151/jre/lib/ext/zipfs.jar:/opt/java-jdk/jdk1.8.0_151/jre/lib/ext/jaccess.jar:/opt/java-jdk/jdk1.8.0_151/jre/lib/ext/localedata.jar:/opt/java-jdk/jdk1.8.0_151/jre/lib/ext/dnsns.jar:/opt/java-jdk/jdk1.8.0_151/jre/lib/ext/jfxrt.jar:/opt/java-jdk/jdk1.8.0_151/jre/lib/ext/sunec.jar:/opt/java-jdk/jdk1.8.0_151/jre/lib/ext/cldrdata.jar:/opt/java-jdk/jdk1.8.0_151/jre/lib/ext/sunpkcs11.jar:/opt/java-jdk/jdk1.8.0_151/jre/lib/ext/nashorn.jar:/home/bzz/workspace/jsf/api/target/classes:/home/bzz/.m2/repository/javax/servlet/javax.servlet-api/3.1.0/javax.servlet-api-3.1.0.jar:/home/bzz/.m2/repository/org/springframework/boot/spring-boot-starter-web/2.1.4.RELEASE/spring-boot-starter-web-2.1.4.RELEASE.jar:/home/bzz/.m2/repository/org/springframework/boot/spring-boot-starter/2.1.4.RELEASE/spring-boot-starter-2.1.4.RELEASE.jar:/home/bzz/.m2/repository/org/springframework/boot/spring-boot/2.1.4.RELEASE/spring-boot-2.1.4.RELEASE.jar:/home/bzz/.m2/repository/org/springframework/boot/spring-boot-autoconfigure/2.1.4.RELEASE/spring-boot-autoconfigure-2.1.4.RELEASE.jar:/home/bzz/.m2/repository/org/springframework/boot/spring-boot-starter-logging/2.1.4.RELEASE/spring-boot-starter-logging-2.1.4.RELEASE.jar:/home/bzz/.m2/repository/ch/qos/logback/logback-classic/1.2.3/logback-classic-1.2.3.jar:/home/bzz/.m2/repository/ch/qos/logback/logback-core/1.2.3/logback-core-1.2.3.jar:/home/bzz/.m2/repository/org/apache/logging/log4j/log4j-to-slf4j/2.11.2/log4j-to-slf4j-2.11.2.jar:/home/bzz/.m2/repository/org/apache/logging/log4j/log4j-api/2.11.2/log4j-api-2.11.2.jar:/home/bzz/.m2/repository/org/slf4j/jul-to-slf4j/1.7.26/jul-to-slf4
Launcher Type: SUN_STANDARD

Environment Variables:
PATH=/usr/local/bin:/usr/bin:/bin:/usr/local/games:/usr/games
SHELL=/bin/bash
DISPLAY=:0

Signal Handlers:
SIGSEGV: [libjvm.so+0xacbe10], sa_mask[0]=11111111011111111101111111111110, sa_flags=SA_RESTART|SA_SIGINFO
SIGBUS: [libjvm.so+0xacbe10], sa_mask[0]=11111111011111111101111111111110, sa_flags=SA_RESTART|SA_SIGINFO
SIGFPE: [libjvm.so+0x924f90], sa_mask[0]=11111111011111111101111111111110, sa_flags=SA_RESTART|SA_SIGINFO
SIGPIPE: [libjvm.so+0x924f90], sa_mask[0]=11111111011111111101111111111110, sa_flags=SA_RESTART|SA_SIGINFO
SIGXFSZ: [libjvm.so+0x924f90], sa_mask[0]=11111111011111111101111111111110, sa_flags=SA_RESTART|SA_SIGINFO
SIGILL: [libjvm.so+0x924f90], sa_mask[0]=11111111011111111101111111111110, sa_flags=SA_RESTART|SA_SIGINFO
SIGUSR1: SIG_DFL, sa_mask[0]=00000000000000000000000000000000, sa_flags=none
SIGUSR2: [libjvm.so+0x9267d0], sa_mask[0]=00100000000000000000000000000000, sa_flags=SA_RESTART|SA_SIGINFO
SIGHUP: SIG_DFL, sa_mask[0]=00000000000000000000000000000000, sa_flags=none
SIGINT: SIG_DFL, sa_mask[0]=00000000000000000000000000000000, sa_flags=none
SIGTERM: SIG_DFL, sa_mask[0]=00000000000000000000000000000000, sa_flags=none
SIGQUIT: SIG_DFL, sa_mask[0]=00000000000000000000000000000000, sa_flags=none


---------------  S Y S T E M  ---------------

OS:PRETTY_NAME="Debian GNU/Linux 9 (stretch)"
NAME="Debian GNU/Linux"
VERSION_ID="9"
VERSION="9 (stretch)"
ID=debian
HOME_URL="https://www.debian.org/"
SUPPORT_URL="https://www.debian.org/support"
BUG_REPORT_URL="https://bugs.debian.org/"

uname:Linux 4.9.0-4-amd64 #1 SMP Debian 4.9.65-3+deb9u1 (2017-12-23) x86_64
libc:glibc 2.24 NPTL 2.24 
rlimit: STACK 8192k, CORE 0k, NPROC 15658, NOFILE 1048576, AS infinity
load average:1.90 1.19 0.95

/proc/meminfo:
MemTotal:        4032220 kB
MemFree:           98948 kB
MemAvailable:       4284 kB
Buffers:             576 kB
Cached:           137168 kB
SwapCached:         2480 kB
Active:          3107456 kB
Inactive:         634616 kB
Active(anon):    3092712 kB
Inactive(anon):   620772 kB
Active(file):      14744 kB
Inactive(file):    13844 kB
Unevictable:          40 kB
Mlocked:              40 kB
SwapTotal:        524284 kB
SwapFree:              0 kB
Dirty:                48 kB
Writeback:            36 kB
AnonPages:       3602364 kB
Mapped:           133248 kB
Shmem:            108824 kB
Slab:              66992 kB
SReclaimable:      23200 kB
SUnreclaim:        43792 kB
KernelStack:       15388 kB
PageTables:        53092 kB
NFS_Unstable:          0 kB
Bounce:                0 kB
WritebackTmp:          0 kB
CommitLimit:     2540392 kB
Committed_AS:    8384576 kB
VmallocTotal:   34359738367 kB
VmallocUsed:           0 kB
VmallocChunk:          0 kB
HardwareCorrupted:     0 kB
AnonHugePages:         0 kB
ShmemHugePages:        0 kB
ShmemPmdMapped:        0 kB
HugePages_Total:       0
HugePages_Free:        0
HugePages_Rsvd:        0
HugePages_Surp:        0
Hugepagesize:       2048 kB
DirectMap4k:      118656 kB
DirectMap2M:     4075520 kB
DirectMap1G:     2097152 kB


CPU:total 3 (initial active 3) (3 cores per cpu, 1 threads per core) family 6 model 158 stepping 9, cmov, cx8, fxsr, mmx, sse, sse2, sse3, ssse3, sse4.1, sse4.2, popcnt, avx, avx2, aes, clmul, erms, 3dnowpref, lzcnt, tsc, tscinvbit, bmi1, bmi2, adx

/proc/cpuinfo:
processor	: 0
vendor_id	: GenuineIntel
cpu family	: 6
model		: 158
model name	: Intel(R) Core(TM) i7-7700HQ CPU @ 2.80GHz
stepping	: 9
microcode	: 0xb4
cpu MHz		: 2807.532
cache size	: 6144 KB
physical id	: 0
siblings	: 3
core id		: 0
cpu cores	: 3
apicid		: 0
initial apicid	: 0
fpu		: yes
fpu_exception	: yes
cpuid level	: 22
wp		: yes
flags		: fpu vme de pse tsc msr pae mce cx8 apic sep mtrr pge mca cmov pat pse36 clflush mmx fxsr sse sse2 ss ht syscall nx pdpe1gb rdtscp lm constant_tsc arch_perfmon nopl xtopology tsc_reliable nonstop_tsc eagerfpu pni pclmulqdq ssse3 fma cx16 pcid sse4_1 sse4_2 x2apic movbe popcnt tsc_deadline_timer aes xsave avx f16c rdrand hypervisor lahf_lm abm 3dnowprefetch fsgsbase tsc_adjust bmi1 avx2 smep bmi2 invpcid mpx rdseed adx smap clflushopt xsaveopt xsavec xsaves arat
bugs		:
bogomips	: 5615.47
clflush size	: 64
cache_alignment	: 64
address sizes	: 43 bits physical, 48 bits virtual
power management:

processor	: 1
vendor_id	: GenuineIntel
cpu family	: 6
model		: 158
model name	: Intel(R) Core(TM) i7-7700HQ CPU @ 2.80GHz
stepping	: 9
microcode	: 0xb4
cpu MHz		: 2807.532
cache size	: 6144 KB
physical id	: 0
siblings	: 3
core id		: 1
cpu cores	: 3
apicid		: 1
initial apicid	: 1
fpu		: yes
fpu_exception	: yes
cpuid level	: 22
wp		: yes
flags		: fpu vme de pse tsc msr pae mce cx8 apic sep mtrr pge mca cmov pat pse36 clflush mmx fxsr sse sse2 ss ht syscall nx pdpe1gb rdtscp lm constant_tsc arch_perfmon nopl xtopology tsc_reliable nonstop_tsc eagerfpu pni pclmulqdq ssse3 fma cx16 pcid sse4_1 sse4_2 x2apic movbe popcnt tsc_deadline_timer aes xsave avx f16c rdrand hypervisor lahf_lm abm 3dnowprefetch fsgsbase tsc_adjust bmi1 avx2 smep bmi2 invpcid mpx rdseed adx smap clflushopt xsaveopt xsavec xsaves arat
bugs		:
bogomips	: 5615.47
clflush size	: 64
cache_alignment	: 64
address sizes	: 43 bits physical, 48 bits virtual
power management:

processor	: 2
vendor_id	: GenuineIntel
cpu family	: 6
model		: 158
model name	: Intel(R) Core(TM) i7-7700HQ CPU @ 2.80GHz
stepping	: 9
microcode	: 0xb4
cpu MHz		: 2807.532
cache size	: 6144 KB
physical id	: 0
siblings	: 3
core id		: 2
cpu cores	: 3
apicid		: 2
initial apicid	: 2
fpu		: yes
fpu_exception	: yes
cpuid level	: 22
wp		: yes
flags		: fpu vme de pse tsc msr pae mce cx8 apic sep mtrr pge mca cmov pat pse36 clflush mmx fxsr sse sse2 ss ht syscall nx pdpe1gb rdtscp lm constant_tsc arch_perfmon nopl xtopology tsc_reliable nonstop_tsc eagerfpu pni pclmulqdq ssse3 fma cx16 pcid sse4_1 sse4_2 x2apic movbe popcnt tsc_deadline_timer aes xsave avx f16c rdrand hypervisor lahf_lm abm 3dnowprefetch fsgsbase tsc_adjust bmi1 avx2 smep bmi2 invpcid mpx rdseed adx smap clflushopt xsaveopt xsavec xsaves arat
bugs		:
bogomips	: 5615.47
clflush size	: 64
cache_alignment	: 64
address sizes	: 43 bits physical, 48 bits virtual
power management:



Memory: 4k page, physical 4032220k(99588k free), swap 524284k(0k free)

vm_info: Java HotSpot(TM) 64-Bit Server VM (25.151-b12) for linux-amd64 JRE (1.8.0_151-b12), built on Sep  5 2017 19:20:58 by "java_re" with gcc 4.3.0 20080428 (Red Hat 4.3.0-8)

time: Thu Oct 31 09:46:43 2019
elapsed time: 0 seconds (0d 0h 0m 0s)

