#
# There is insufficient memory for the Java Runtime Environment to continue.
# Native memory allocation (mmap) failed to map 262144 bytes for committing reserved memory.
# Possible reasons:
#   The system is out of physical RAM or swap space
#   In 32 bit mode, the process size limit was hit
# Possible solutions:
#   Reduce memory load on the system
#   Increase physical memory or swap space
#   Check if swap backing store is full
#   Use 64 bit Java on a 64 bit OS
#   Decrease Java heap size (-Xmx/-Xms)
#   Decrease number of Java threads
#   Decrease Java thread stack sizes (-Xss)
#   Set larger code cache with -XX:ReservedCodeCacheSize=
# This output file may be truncated or incomplete.
#
#  Out of Memory Error (os_linux.cpp:2640), pid=23958, tid=0x00007f5e1b73c700
#
# JRE version: Java(TM) SE Runtime Environment (8.0_151-b12) (build 1.8.0_151-b12)
# Java VM: Java HotSpot(TM) 64-Bit Server VM (25.151-b12 mixed mode linux-amd64 compressed oops)
# Failed to write core dump. Core dumps have been disabled. To enable core dumping, try "ulimit -c unlimited" before starting Java again
#

---------------  T H R E A D  ---------------

Current thread (0x00007f5e1400d000):  JavaThread "main" [_thread_in_vm, id=23962, stack(0x00007f5e1b63c000,0x00007f5e1b73d000)]

Stack: [0x00007f5e1b63c000,0x00007f5e1b73d000],  sp=0x00007f5e1b7382d0,  free space=1008k
Native frames: (J=compiled Java code, j=interpreted, Vv=VM code, C=native code)
V  [libjvm.so+0xacb58a]  VMError::report_and_die()+0x2ba
V  [libjvm.so+0x4ff4ab]  report_vm_out_of_memory(char const*, int, unsigned long, VMErrorType, char const*)+0x8b
V  [libjvm.so+0x928113]  os::Linux::commit_memory_impl(char*, unsigned long, bool)+0x103
V  [libjvm.so+0x928669]  os::pd_commit_memory(char*, unsigned long, unsigned long, bool)+0x29
V  [libjvm.so+0x92288a]  os::commit_memory(char*, unsigned long, unsigned long, bool)+0x2a
V  [libjvm.so+0xac72e9]  VirtualSpace::expand_by(unsigned long, bool)+0x199
V  [libjvm.so+0x8a66a6]  VirtualSpaceList::expand_node_by(VirtualSpaceNode*, unsigned long, unsigned long)+0x76
V  [libjvm.so+0x8a94c0]  VirtualSpaceList::expand_by(unsigned long, unsigned long)+0xf0
V  [libjvm.so+0x8a9653]  VirtualSpaceList::get_new_chunk(unsigned long, unsigned long, unsigned long)+0xb3
V  [libjvm.so+0x8ab1a2]  SpaceManager::grow_and_allocate(unsigned long)+0x2d2
V  [libjvm.so+0x8ab3ab]  SpaceManager::allocate_work(unsigned long)+0x14b
V  [libjvm.so+0x8ab43c]  SpaceManager::allocate(unsigned long)+0x7c
V  [libjvm.so+0x8ab68e]  Metaspace::allocate(ClassLoaderData*, unsigned long, bool, MetaspaceObj::Type, Thread*)+0x17e
V  [libjvm.so+0x4f3276]  ConstMethod::allocate(ClassLoaderData*, int, InlineTableSizes*, ConstMethod::MethodType, Thread*)+0xf6
V  [libjvm.so+0x8b4678]  Method::allocate(ClassLoaderData*, int, AccessFlags, InlineTableSizes*, ConstMethod::MethodType, Thread*)+0x38
V  [libjvm.so+0x46218f]  ClassFileParser::parse_method(bool, AccessFlags*, Thread*)+0x173f
V  [libjvm.so+0x462923]  ClassFileParser::parse_methods(bool, AccessFlags*, bool*, bool*, Thread*)+0x293
V  [libjvm.so+0x4637aa]  ClassFileParser::parseClassFile(Symbol*, ClassLoaderData*, Handle, KlassHandle, GrowableArray<Handle>*, TempNewSymbol&, bool, Thread*)+0xcca
V  [libjvm.so+0xa3b95f]  SystemDictionary::resolve_from_stream(Symbol*, Handle, Handle, ClassFileStream*, bool, Thread*)+0x14f
V  [libjvm.so+0x71402e]  jvm_define_class_common(JNIEnv_*, char const*, _jobject*, signed char const*, int, _jobject*, char const*, unsigned char, Thread*)+0x2ae
V  [libjvm.so+0x718b01]  JVM_DefineClassWithSource+0xe1
C  [libjava.so+0xebb5]  Java_java_lang_ClassLoader_defineClass1+0x155
J 754  java.lang.ClassLoader.defineClass1(Ljava/lang/String;[BIILjava/security/ProtectionDomain;Ljava/lang/String;)Ljava/lang/Class; (0 bytes) @ 0x00007f5e052d9c8b [0x00007f5e052d9b80+0x10b]
J 4509 C1 java.lang.ClassLoader.defineClass(Ljava/lang/String;[BIILjava/security/ProtectionDomain;)Ljava/lang/Class; (43 bytes) @ 0x00007f5e05891224 [0x00007f5e05891100+0x124]
j  sun.reflect.GeneratedMethodAccessor22.invoke(Ljava/lang/Object;[Ljava/lang/Object;)Ljava/lang/Object;+220
J 2433 C2 sun.reflect.DelegatingMethodAccessorImpl.invoke(Ljava/lang/Object;[Ljava/lang/Object;)Ljava/lang/Object; (10 bytes) @ 0x00007f5e0586f0e4 [0x00007f5e0586f0a0+0x44]
J 1641 C1 java.lang.reflect.Method.invoke(Ljava/lang/Object;[Ljava/lang/Object;)Ljava/lang/Object; (62 bytes) @ 0x00007f5e055383cc [0x00007f5e05537fe0+0x3ec]
j  org.springframework.cglib.core.ReflectUtils.defineClass(Ljava/lang/String;[BLjava/lang/ClassLoader;Ljava/security/ProtectionDomain;Ljava/lang/Class;)Ljava/lang/Class;+208
j  org.springframework.cglib.core.AbstractClassGenerator.generate(Lorg/springframework/cglib/core/AbstractClassGenerator$ClassLoaderData;)Ljava/lang/Class;+184
j  org.springframework.cglib.core.AbstractClassGenerator$ClassLoaderData$3.apply(Lorg/springframework/cglib/core/AbstractClassGenerator;)Ljava/lang/Object;+5
j  org.springframework.cglib.core.AbstractClassGenerator$ClassLoaderData$3.apply(Ljava/lang/Object;)Ljava/lang/Object;+5
j  org.springframework.cglib.core.internal.LoadingCache$2.call()Ljava/lang/Object;+11
j  java.util.concurrent.FutureTask.run()V+42
j  org.springframework.cglib.core.internal.LoadingCache.createEntry(Ljava/lang/Object;Ljava/lang/Object;Ljava/lang/Object;)Ljava/lang/Object;+58
j  org.springframework.cglib.core.internal.LoadingCache.get(Ljava/lang/Object;)Ljava/lang/Object;+39
j  org.springframework.cglib.core.AbstractClassGenerator$ClassLoaderData.get(Lorg/springframework/cglib/core/AbstractClassGenerator;Z)Ljava/lang/Object;+15
j  org.springframework.cglib.core.AbstractClassGenerator.create(Ljava/lang/Object;)Ljava/lang/Object;+115
j  org.springframework.cglib.reflect.FastClass$Generator.create()Lorg/springframework/cglib/reflect/FastClass;+19
j  org.springframework.cglib.proxy.MethodProxy.helper(Lorg/springframework/cglib/proxy/MethodProxy$CreateInfo;Ljava/lang/Class;)Lorg/springframework/cglib/reflect/FastClass;+54
j  org.springframework.cglib.proxy.MethodProxy.init()V+41
j  org.springframework.cglib.proxy.MethodProxy.invokeSuper(Ljava/lang/Object;[Ljava/lang/Object;)Ljava/lang/Object;+1
j  org.springframework.context.annotation.ConfigurationClassEnhancer$BeanMethodInterceptor.intercept(Ljava/lang/Object;Ljava/lang/reflect/Method;[Ljava/lang/Object;Lorg/springframework/cglib/proxy/MethodProxy;)Ljava/lang/Object;+207
j  org.springframework.boot.autoconfigure.web.client.RestTemplateAutoConfiguration$$EnhancerBySpringCGLIB$$5a5fbbef.restTemplateBuilder()Lorg/springframework/boot/web/client/RestTemplateBuilder;+31
v  ~StubRoutines::call_stub
V  [libjvm.so+0x693e76]  JavaCalls::call_helper(JavaValue*, methodHandle*, JavaCallArguments*, Thread*)+0x1056
V  [libjvm.so+0x9a0837]  Reflection::invoke(instanceKlassHandle, methodHandle, Handle, bool, objArrayHandle, BasicType, objArrayHandle, bool, Thread*)+0x5d7
V  [libjvm.so+0x9a3f47]  Reflection::invoke_method(oopDesc*, Handle, objArrayHandle, Thread*)+0x147
V  [libjvm.so+0x72752b]  JVM_InvokeMethod+0x26b
J 2271  sun.reflect.NativeMethodAccessorImpl.invoke0(Ljava/lang/reflect/Method;Ljava/lang/Object;[Ljava/lang/Object;)Ljava/lang/Object; (0 bytes) @ 0x00007f5e05799bed [0x00007f5e05799b00+0xed]
J 2270 C1 sun.reflect.NativeMethodAccessorImpl.invoke(Ljava/lang/Object;[Ljava/lang/Object;)Ljava/lang/Object; (104 bytes) @ 0x00007f5e0579b14c [0x00007f5e05799fc0+0x118c]
J 2433 C2 sun.reflect.DelegatingMethodAccessorImpl.invoke(Ljava/lang/Object;[Ljava/lang/Object;)Ljava/lang/Object; (10 bytes) @ 0x00007f5e0586f0e4 [0x00007f5e0586f0a0+0x44]
J 1641 C1 java.lang.reflect.Method.invoke(Ljava/lang/Object;[Ljava/lang/Object;)Ljava/lang/Object; (62 bytes) @ 0x00007f5e055383cc [0x00007f5e05537fe0+0x3ec]
j  org.springframework.beans.factory.support.SimpleInstantiationStrategy.instantiate(Lorg/springframework/beans/factory/support/RootBeanDefinition;Ljava/lang/String;Lorg/springframework/beans/factory/BeanFactory;Ljava/lang/Object;Ljava/lang/reflect/Method;[Ljava/lang/Object;)Ljava/lang/Object;+50
j  org.springframework.beans.factory.support.ConstructorResolver.instantiate(Ljava/lang/String;Lorg/springframework/beans/factory/support/RootBeanDefinition;Ljava/lang/Object;Ljava/lang/reflect/Method;[Ljava/lang/Object;)Ljava/lang/Object;+48
j  org.springframework.beans.factory.support.ConstructorResolver.instantiateUsingFactoryMethod(Ljava/lang/String;Lorg/springframework/beans/factory/support/RootBeanDefinition;[Ljava/lang/Object;)Lorg/springframework/beans/BeanWrapper;+439
j  org.springframework.beans.factory.support.AbstractAutowireCapableBeanFactory.instantiateUsingFactoryMethod(Ljava/lang/String;Lorg/springframework/beans/factory/support/RootBeanDefinition;[Ljava/lang/Object;)Lorg/springframework/beans/BeanWrapper;+11
j  org.springframework.beans.factory.support.AbstractAutowireCapableBeanFactory.createBeanInstance(Ljava/lang/String;Lorg/springframework/beans/factory/support/RootBeanDefinition;[Ljava/lang/Object;)Lorg/springframework/beans/BeanWrapper;+101
j  org.springframework.beans.factory.support.AbstractAutowireCapableBeanFactory.doCreateBean(Ljava/lang/String;Lorg/springframework/beans/factory/support/RootBeanDefinition;[Ljava/lang/Object;)Ljava/lang/Object;+34
j  org.springframework.beans.factory.support.AbstractAutowireCapableBeanFactory.createBean(Ljava/lang/String;Lorg/springframework/beans/factory/support/RootBeanDefinition;[Ljava/lang/Object;)Ljava/lang/Object;+169
j  org.springframework.beans.factory.support.AbstractBeanFactory.lambda$doGetBean$0(Ljava/lang/String;Lorg/springframework/beans/factory/support/RootBeanDefinition;[Ljava/lang/Object;)Ljava/lang/Object;+4
j  org.springframework.beans.factory.support.AbstractBeanFactory$$Lambda$96.getObject()Ljava/lang/Object;+16
j  org.springframework.beans.factory.support.DefaultSingletonBeanRegistry.getSingleton(Ljava/lang/String;Lorg/springframework/beans/factory/ObjectFactory;)Ljava/lang/Object;+132
J 2676 C1 org.springframework.beans.factory.support.AbstractBeanFactory.doGetBean(Ljava/lang/String;Ljava/lang/Class;[Ljava/lang/Object;Z)Ljava/lang/Object; (833 bytes) @ 0x00007f5e058f498c [0x00007f5e058f2880+0x210c]
j  org.springframework.beans.factory.support.AbstractBeanFactory.getBean(Ljava/lang/String;)Ljava/lang/Object;+5
j  org.springframework.beans.factory.support.DefaultListableBeanFactory.preInstantiateSingletons()V+248
j  org.springframework.context.support.AbstractApplicationContext.finishBeanFactoryInitialization(Lorg/springframework/beans/factory/config/ConfigurableListableBeanFactory;)V+124
j  org.springframework.context.support.AbstractApplicationContext.refresh()V+54
j  org.springframework.boot.web.servlet.context.ServletWebServerApplicationContext.refresh()V+1
j  org.springframework.boot.SpringApplication.refresh(Lorg/springframework/context/ApplicationContext;)V+10
j  org.springframework.boot.SpringApplication.refreshContext(Lorg/springframework/context/ConfigurableApplicationContext;)V+2
j  org.springframework.boot.SpringApplication.run([Ljava/lang/String;)Lorg/springframework/context/ConfigurableApplicationContext;+118
j  org.springframework.boot.SpringApplication.run([Ljava/lang/Class;[Ljava/lang/String;)Lorg/springframework/context/ConfigurableApplicationContext;+9
j  org.springframework.boot.SpringApplication.run(Ljava/lang/Class;[Ljava/lang/String;)Lorg/springframework/context/ConfigurableApplicationContext;+9
j  modul.api.App.main([Ljava/lang/String;)V+3
v  ~StubRoutines::call_stub
V  [libjvm.so+0x693e76]  JavaCalls::call_helper(JavaValue*, methodHandle*, JavaCallArguments*, Thread*)+0x1056
V  [libjvm.so+0x6d5292]  jni_invoke_static(JNIEnv_*, JavaValue*, _jobject*, JNICallType, _jmethodID*, JNI_ArgumentPusher*, Thread*)+0x362
V  [libjvm.so+0x6f1afa]  jni_CallStaticVoidMethod+0x17a
C  [libjli.so+0x80ff]  JavaMain+0x81f
C  [libpthread.so.0+0x7494]  start_thread+0xc4

Java frames: (J=compiled Java code, j=interpreted, Vv=VM code)
J 754  java.lang.ClassLoader.defineClass1(Ljava/lang/String;[BIILjava/security/ProtectionDomain;Ljava/lang/String;)Ljava/lang/Class; (0 bytes) @ 0x00007f5e052d9c11 [0x00007f5e052d9b80+0x91]
J 4509 C1 java.lang.ClassLoader.defineClass(Ljava/lang/String;[BIILjava/security/ProtectionDomain;)Ljava/lang/Class; (43 bytes) @ 0x00007f5e05891224 [0x00007f5e05891100+0x124]
j  sun.reflect.GeneratedMethodAccessor22.invoke(Ljava/lang/Object;[Ljava/lang/Object;)Ljava/lang/Object;+220
J 2433 C2 sun.reflect.DelegatingMethodAccessorImpl.invoke(Ljava/lang/Object;[Ljava/lang/Object;)Ljava/lang/Object; (10 bytes) @ 0x00007f5e0586f0e4 [0x00007f5e0586f0a0+0x44]
J 1641 C1 java.lang.reflect.Method.invoke(Ljava/lang/Object;[Ljava/lang/Object;)Ljava/lang/Object; (62 bytes) @ 0x00007f5e055383cc [0x00007f5e05537fe0+0x3ec]
j  org.springframework.cglib.core.ReflectUtils.defineClass(Ljava/lang/String;[BLjava/lang/ClassLoader;Ljava/security/ProtectionDomain;Ljava/lang/Class;)Ljava/lang/Class;+208
j  org.springframework.cglib.core.AbstractClassGenerator.generate(Lorg/springframework/cglib/core/AbstractClassGenerator$ClassLoaderData;)Ljava/lang/Class;+184
j  org.springframework.cglib.core.AbstractClassGenerator$ClassLoaderData$3.apply(Lorg/springframework/cglib/core/AbstractClassGenerator;)Ljava/lang/Object;+5
j  org.springframework.cglib.core.AbstractClassGenerator$ClassLoaderData$3.apply(Ljava/lang/Object;)Ljava/lang/Object;+5
j  org.springframework.cglib.core.internal.LoadingCache$2.call()Ljava/lang/Object;+11
j  java.util.concurrent.FutureTask.run()V+42
j  org.springframework.cglib.core.internal.LoadingCache.createEntry(Ljava/lang/Object;Ljava/lang/Object;Ljava/lang/Object;)Ljava/lang/Object;+58
j  org.springframework.cglib.core.internal.LoadingCache.get(Ljava/lang/Object;)Ljava/lang/Object;+39
j  org.springframework.cglib.core.AbstractClassGenerator$ClassLoaderData.get(Lorg/springframework/cglib/core/AbstractClassGenerator;Z)Ljava/lang/Object;+15
j  org.springframework.cglib.core.AbstractClassGenerator.create(Ljava/lang/Object;)Ljava/lang/Object;+115
j  org.springframework.cglib.reflect.FastClass$Generator.create()Lorg/springframework/cglib/reflect/FastClass;+19
j  org.springframework.cglib.proxy.MethodProxy.helper(Lorg/springframework/cglib/proxy/MethodProxy$CreateInfo;Ljava/lang/Class;)Lorg/springframework/cglib/reflect/FastClass;+54
j  org.springframework.cglib.proxy.MethodProxy.init()V+41
j  org.springframework.cglib.proxy.MethodProxy.invokeSuper(Ljava/lang/Object;[Ljava/lang/Object;)Ljava/lang/Object;+1
j  org.springframework.context.annotation.ConfigurationClassEnhancer$BeanMethodInterceptor.intercept(Ljava/lang/Object;Ljava/lang/reflect/Method;[Ljava/lang/Object;Lorg/springframework/cglib/proxy/MethodProxy;)Ljava/lang/Object;+207
j  org.springframework.boot.autoconfigure.web.client.RestTemplateAutoConfiguration$$EnhancerBySpringCGLIB$$5a5fbbef.restTemplateBuilder()Lorg/springframework/boot/web/client/RestTemplateBuilder;+31
v  ~StubRoutines::call_stub
J 2271  sun.reflect.NativeMethodAccessorImpl.invoke0(Ljava/lang/reflect/Method;Ljava/lang/Object;[Ljava/lang/Object;)Ljava/lang/Object; (0 bytes) @ 0x00007f5e05799b77 [0x00007f5e05799b00+0x77]
J 2270 C1 sun.reflect.NativeMethodAccessorImpl.invoke(Ljava/lang/Object;[Ljava/lang/Object;)Ljava/lang/Object; (104 bytes) @ 0x00007f5e0579b14c [0x00007f5e05799fc0+0x118c]
J 2433 C2 sun.reflect.DelegatingMethodAccessorImpl.invoke(Ljava/lang/Object;[Ljava/lang/Object;)Ljava/lang/Object; (10 bytes) @ 0x00007f5e0586f0e4 [0x00007f5e0586f0a0+0x44]
J 1641 C1 java.lang.reflect.Method.invoke(Ljava/lang/Object;[Ljava/lang/Object;)Ljava/lang/Object; (62 bytes) @ 0x00007f5e055383cc [0x00007f5e05537fe0+0x3ec]
j  org.springframework.beans.factory.support.SimpleInstantiationStrategy.instantiate(Lorg/springframework/beans/factory/support/RootBeanDefinition;Ljava/lang/String;Lorg/springframework/beans/factory/BeanFactory;Ljava/lang/Object;Ljava/lang/reflect/Method;[Ljava/lang/Object;)Ljava/lang/Object;+50
j  org.springframework.beans.factory.support.ConstructorResolver.instantiate(Ljava/lang/String;Lorg/springframework/beans/factory/support/RootBeanDefinition;Ljava/lang/Object;Ljava/lang/reflect/Method;[Ljava/lang/Object;)Ljava/lang/Object;+48
j  org.springframework.beans.factory.support.ConstructorResolver.instantiateUsingFactoryMethod(Ljava/lang/String;Lorg/springframework/beans/factory/support/RootBeanDefinition;[Ljava/lang/Object;)Lorg/springframework/beans/BeanWrapper;+439
j  org.springframework.beans.factory.support.AbstractAutowireCapableBeanFactory.instantiateUsingFactoryMethod(Ljava/lang/String;Lorg/springframework/beans/factory/support/RootBeanDefinition;[Ljava/lang/Object;)Lorg/springframework/beans/BeanWrapper;+11
j  org.springframework.beans.factory.support.AbstractAutowireCapableBeanFactory.createBeanInstance(Ljava/lang/String;Lorg/springframework/beans/factory/support/RootBeanDefinition;[Ljava/lang/Object;)Lorg/springframework/beans/BeanWrapper;+101
j  org.springframework.beans.factory.support.AbstractAutowireCapableBeanFactory.doCreateBean(Ljava/lang/String;Lorg/springframework/beans/factory/support/RootBeanDefinition;[Ljava/lang/Object;)Ljava/lang/Object;+34
j  org.springframework.beans.factory.support.AbstractAutowireCapableBeanFactory.createBean(Ljava/lang/String;Lorg/springframework/beans/factory/support/RootBeanDefinition;[Ljava/lang/Object;)Ljava/lang/Object;+169
j  org.springframework.beans.factory.support.AbstractBeanFactory.lambda$doGetBean$0(Ljava/lang/String;Lorg/springframework/beans/factory/support/RootBeanDefinition;[Ljava/lang/Object;)Ljava/lang/Object;+4
j  org.springframework.beans.factory.support.AbstractBeanFactory$$Lambda$96.getObject()Ljava/lang/Object;+16
j  org.springframework.beans.factory.support.DefaultSingletonBeanRegistry.getSingleton(Ljava/lang/String;Lorg/springframework/beans/factory/ObjectFactory;)Ljava/lang/Object;+132
J 2676 C1 org.springframework.beans.factory.support.AbstractBeanFactory.doGetBean(Ljava/lang/String;Ljava/lang/Class;[Ljava/lang/Object;Z)Ljava/lang/Object; (833 bytes) @ 0x00007f5e058f498c [0x00007f5e058f2880+0x210c]
j  org.springframework.beans.factory.support.AbstractBeanFactory.getBean(Ljava/lang/String;)Ljava/lang/Object;+5
j  org.springframework.beans.factory.support.DefaultListableBeanFactory.preInstantiateSingletons()V+248
j  org.springframework.context.support.AbstractApplicationContext.finishBeanFactoryInitialization(Lorg/springframework/beans/factory/config/ConfigurableListableBeanFactory;)V+124
j  org.springframework.context.support.AbstractApplicationContext.refresh()V+54
j  org.springframework.boot.web.servlet.context.ServletWebServerApplicationContext.refresh()V+1
j  org.springframework.boot.SpringApplication.refresh(Lorg/springframework/context/ApplicationContext;)V+10
j  org.springframework.boot.SpringApplication.refreshContext(Lorg/springframework/context/ConfigurableApplicationContext;)V+2
j  org.springframework.boot.SpringApplication.run([Ljava/lang/String;)Lorg/springframework/context/ConfigurableApplicationContext;+118
j  org.springframework.boot.SpringApplication.run([Ljava/lang/Class;[Ljava/lang/String;)Lorg/springframework/context/ConfigurableApplicationContext;+9
j  org.springframework.boot.SpringApplication.run(Ljava/lang/Class;[Ljava/lang/String;)Lorg/springframework/context/ConfigurableApplicationContext;+9
j  modul.api.App.main([Ljava/lang/String;)V+3
v  ~StubRoutines::call_stub

---------------  P R O C E S S  ---------------

Java Threads: ( => current thread )
  0x00007f5db0001000 JavaThread "HikariPool-1 connection adder" daemon [_thread_blocked, id=23984, stack(0x00007f5dc699e000,0x00007f5dc6a9f000)]
  0x00007f5e14c8a800 JavaThread "HikariPool-1 housekeeper" daemon [_thread_blocked, id=23983, stack(0x00007f5dc6a9f000,0x00007f5dc6ba0000)]
  0x00007f5e14af9800 JavaThread "Abandoned connection cleanup thread" daemon [_thread_blocked, id=23982, stack(0x00007f5dc75fe000,0x00007f5dc76ff000)]
  0x00007f5e14ace800 JavaThread "container-0" [_thread_blocked, id=23981, stack(0x00007f5dc76ff000,0x00007f5dc7800000)]
  0x00007f5e14acd000 JavaThread "ContainerBackgroundProcessor[StandardEngine[Tomcat]]" daemon [_thread_blocked, id=23980, stack(0x00007f5dd00ed000,0x00007f5dd01ee000)]
  0x00007f5dcc302800 JavaThread "localhost-startStop-1" daemon [_thread_blocked, id=23979, stack(0x00007f5e000a2000,0x00007f5e001a3000)]
  0x00007f5e14acc000 JavaThread "Tomcat-startStop-1" daemon [_thread_blocked, id=23978, stack(0x00007f5e00859000,0x00007f5e0095a000)]
  0x00007f5e140bf800 JavaThread "Service Thread" daemon [_thread_blocked, id=23974, stack(0x00007f5e00d77000,0x00007f5e00e78000)]
  0x00007f5e140bc800 JavaThread "C1 CompilerThread1" daemon [_thread_blocked, id=23973, stack(0x00007f5e00e78000,0x00007f5e00f79000)]
  0x00007f5e140ba000 JavaThread "C2 CompilerThread0" daemon [_thread_in_native, id=23972, stack(0x00007f5e00f79000,0x00007f5e0107a000)]
  0x00007f5e140b8800 JavaThread "Signal Dispatcher" daemon [_thread_blocked, id=23971, stack(0x00007f5e0107a000,0x00007f5e0117b000)]
  0x00007f5e14085800 JavaThread "Finalizer" daemon [_thread_blocked, id=23970, stack(0x00007f5e01316000,0x00007f5e01417000)]
  0x00007f5e14080800 JavaThread "Reference Handler" daemon [_thread_blocked, id=23969, stack(0x00007f5e01417000,0x00007f5e01518000)]
=>0x00007f5e1400d000 JavaThread "main" [_thread_in_vm, id=23962, stack(0x00007f5e1b63c000,0x00007f5e1b73d000)]

Other Threads:
  0x00007f5e14079000 VMThread [stack: 0x00007f5e01518000,0x00007f5e01619000] [id=23968]
  0x00007f5e140c2800 WatcherThread [stack: 0x00007f5e00c76000,0x00007f5e00d77000] [id=23975]

VM state:not at safepoint (normal execution)

VM Mutex/Monitor currently owned by a thread: None

Heap:
 PSYoungGen      total 187392K, used 170449K [0x00000000eb780000, 0x00000000f7f00000, 0x0000000100000000)
  eden space 176128K, 96% used [0x00000000eb780000,0x00000000f5df46b8,0x00000000f6380000)
  from space 11264K, 0% used [0x00000000f6f00000,0x00000000f6f00000,0x00000000f7a00000)
  to   space 11776K, 0% used [0x00000000f6380000,0x00000000f6380000,0x00000000f6f00000)
 ParOldGen       total 47104K, used 19059K [0x00000000c2600000, 0x00000000c5400000, 0x00000000eb780000)
  object space 47104K, 40% used [0x00000000c2600000,0x00000000c389cc70,0x00000000c5400000)
 Metaspace       used 49614K, capacity 51238K, committed 51376K, reserved 1093632K
  class space    used 6498K, capacity 6817K, committed 6832K, reserved 1048576K

Card table byte_map: [0x00007f5e18220000,0x00007f5e1840e000] byte_map_base: 0x00007f5e17c0d000

Marking Bits: (ParMarkBitMap*) 0x00007f5e1ab38f80
 Begin Bits: [0x00007f5e02e2d000, 0x00007f5e03d95000)
 End Bits:   [0x00007f5e03d95000, 0x00007f5e04cfd000)

Polling page: 0x00007f5e1b75b000

CodeCache: size=245760Kb used=13438Kb max_used=13438Kb free=232321Kb
 bounds [0x00007f5e05000000, 0x00007f5e05d40000, 0x00007f5e14000000]
 total_blobs=4509 nmethods=3990 adapters=431
 compilation: enabled

Compilation events (10 events):
Event: 8.354 Thread 0x00007f5e140bc800 4538   !   2       org.springframework.util.ClassUtils::isVisible (26 bytes)
Event: 8.355 Thread 0x00007f5e140bc800 nmethod 4538 0x00007f5e05410350 code [0x00007f5e05410500, 0x00007f5e05410918]
Event: 8.355 Thread 0x00007f5e140bc800 4540       2       java.lang.reflect.Constructor::getDeclaredAnnotations (5 bytes)
Event: 8.355 Thread 0x00007f5e140bc800 nmethod 4540 0x00007f5e0540fe50 code [0x00007f5e0540ffe0, 0x00007f5e05410208]
Event: 8.355 Thread 0x00007f5e140bc800 4539       1       org.springframework.core.MethodParameter::getAnnotatedElement (5 bytes)
Event: 8.355 Thread 0x00007f5e140bc800 nmethod 4539 0x00007f5e0540fb90 code [0x00007f5e0540fce0, 0x00007f5e0540fdf0]
Event: 8.363 Thread 0x00007f5e140bc800 4542       2       java.lang.Class::copyFields (36 bytes)
Event: 8.364 Thread 0x00007f5e140bc800 nmethod 4542 0x00007f5e0540f210 code [0x00007f5e0540f3c0, 0x00007f5e0540f858]
Event: 8.364 Thread 0x00007f5e140bc800 4543       2       org.springframework.beans.TypeConverterDelegate::<init> (15 bytes)
Event: 8.364 Thread 0x00007f5e140bc800 nmethod 4543 0x00007f5e0540eed0 code [0x00007f5e0540f020, 0x00007f5e0540f190]

GC Heap History (10 events):
Event: 2.070 GC heap before
{Heap before GC invocations=8 (full 1):
 PSYoungGen      total 68608K, used 3980K [0x00000000eb780000, 0x00000000f3c80000, 0x0000000100000000)
  eden space 61440K, 0% used [0x00000000eb780000,0x00000000eb780000,0x00000000ef380000)
  from space 7168K, 55% used [0x00000000ef380000,0x00000000ef7631e8,0x00000000efa80000)
  to   space 6656K, 0% used [0x00000000f3600000,0x00000000f3600000,0x00000000f3c80000)
 ParOldGen       total 42496K, used 9230K [0x00000000c2600000, 0x00000000c4f80000, 0x00000000eb780000)
  object space 42496K, 21% used [0x00000000c2600000,0x00000000c2f03b78,0x00000000c4f80000)
 Metaspace       used 20749K, capacity 21258K, committed 21296K, reserved 1067008K
  class space    used 2678K, capacity 2827K, committed 2864K, reserved 1048576K
Event: 2.093 GC heap after
Heap after GC invocations=8 (full 1):
 PSYoungGen      total 68608K, used 0K [0x00000000eb780000, 0x00000000f3c80000, 0x0000000100000000)
  eden space 61440K, 0% used [0x00000000eb780000,0x00000000eb780000,0x00000000ef380000)
  from space 7168K, 0% used [0x00000000ef380000,0x00000000ef380000,0x00000000efa80000)
  to   space 6656K, 0% used [0x00000000f3600000,0x00000000f3600000,0x00000000f3c80000)
 ParOldGen       total 27648K, used 7269K [0x00000000c2600000, 0x00000000c4100000, 0x00000000eb780000)
  object space 27648K, 26% used [0x00000000c2600000,0x00000000c2d19490,0x00000000c4100000)
 Metaspace       used 20747K, capacity 21252K, committed 21296K, reserved 1067008K
  class space    used 2677K, capacity 2826K, committed 2864K, reserved 1048576K
}
Event: 2.461 GC heap before
{Heap before GC invocations=9 (full 1):
 PSYoungGen      total 68608K, used 61440K [0x00000000eb780000, 0x00000000f3c80000, 0x0000000100000000)
  eden space 61440K, 100% used [0x00000000eb780000,0x00000000ef380000,0x00000000ef380000)
  from space 7168K, 0% used [0x00000000ef380000,0x00000000ef380000,0x00000000efa80000)
  to   space 6656K, 0% used [0x00000000f3600000,0x00000000f3600000,0x00000000f3c80000)
 ParOldGen       total 27648K, used 7269K [0x00000000c2600000, 0x00000000c4100000, 0x00000000eb780000)
  object space 27648K, 26% used [0x00000000c2600000,0x00000000c2d19490,0x00000000c4100000)
 Metaspace       used 23447K, capacity 24178K, committed 24496K, reserved 1071104K
  class space    used 2999K, capacity 3189K, committed 3248K, reserved 1048576K
Event: 2.465 GC heap after
Heap after GC invocations=9 (full 1):
 PSYoungGen      total 120320K, used 3879K [0x00000000eb780000, 0x00000000f3a00000, 0x0000000100000000)
  eden space 116224K, 0% used [0x00000000eb780000,0x00000000eb780000,0x00000000f2900000)
  from space 4096K, 94% used [0x00000000f3600000,0x00000000f39c9cb8,0x00000000f3a00000)
  to   space 6656K, 0% used [0x00000000f2d00000,0x00000000f2d00000,0x00000000f3380000)
 ParOldGen       total 27648K, used 7277K [0x00000000c2600000, 0x00000000c4100000, 0x00000000eb780000)
  object space 27648K, 26% used [0x00000000c2600000,0x00000000c2d1b490,0x00000000c4100000)
 Metaspace       used 23447K, capacity 24178K, committed 24496K, reserved 1071104K
  class space    used 2999K, capacity 3189K, committed 3248K, reserved 1048576K
}
Event: 3.862 GC heap before
{Heap before GC invocations=10 (full 1):
 PSYoungGen      total 120320K, used 120086K [0x00000000eb780000, 0x00000000f3a00000, 0x0000000100000000)
  eden space 116224K, 99% used [0x00000000eb780000,0x00000000f28fbf10,0x00000000f2900000)
  from space 4096K, 94% used [0x00000000f3600000,0x00000000f39c9cb8,0x00000000f3a00000)
  to   space 6656K, 0% used [0x00000000f2d00000,0x00000000f2d00000,0x00000000f3380000)
 ParOldGen       total 27648K, used 7277K [0x00000000c2600000, 0x00000000c4100000, 0x00000000eb780000)
  object space 27648K, 26% used [0x00000000c2600000,0x00000000c2d1b490,0x00000000c4100000)
 Metaspace       used 31857K, capacity 33184K, committed 33328K, reserved 1079296K
  class space    used 4099K, capacity 4362K, committed 4400K, reserved 1048576K
Event: 3.880 GC heap after
Heap after GC invocations=10 (full 1):
 PSYoungGen      total 126976K, used 6639K [0x00000000eb780000, 0x00000000f7a00000, 0x0000000100000000)
  eden space 120320K, 0% used [0x00000000eb780000,0x00000000eb780000,0x00000000f2d00000)
  from space 6656K, 99% used [0x00000000f2d00000,0x00000000f337bf68,0x00000000f3380000)
  to   space 11264K, 0% used [0x00000000f6f00000,0x00000000f6f00000,0x00000000f7a00000)
 ParOldGen       total 27648K, used 16769K [0x00000000c2600000, 0x00000000c4100000, 0x00000000eb780000)
  object space 27648K, 60% used [0x00000000c2600000,0x00000000c3660728,0x00000000c4100000)
 Metaspace       used 31857K, capacity 33184K, committed 33328K, reserved 1079296K
  class space    used 4099K, capacity 4362K, committed 4400K, reserved 1048576K
}
Event: 4.944 GC heap before
{Heap before GC invocations=11 (full 1):
 PSYoungGen      total 126976K, used 74329K [0x00000000eb780000, 0x00000000f7a00000, 0x0000000100000000)
  eden space 120320K, 56% used [0x00000000eb780000,0x00000000ef99a710,0x00000000f2d00000)
  from space 6656K, 99% used [0x00000000f2d00000,0x00000000f337bf68,0x00000000f3380000)
  to   space 11264K, 0% used [0x00000000f6f00000,0x00000000f6f00000,0x00000000f7a00000)
 ParOldGen       total 27648K, used 16769K [0x00000000c2600000, 0x00000000c4100000, 0x00000000eb780000)
  object space 27648K, 60% used [0x00000000c2600000,0x00000000c3660728,0x00000000c4100000)
 Metaspace       used 33940K, capacity 35352K, committed 35496K, reserved 1081344K
  class space    used 4347K, capacity 4616K, committed 4656K, reserved 1048576K
Event: 4.961 GC heap after
Heap after GC invocations=11 (full 1):
 PSYoungGen      total 187392K, used 8942K [0x00000000eb780000, 0x00000000f7f00000, 0x0000000100000000)
  eden space 176128K, 0% used [0x00000000eb780000,0x00000000eb780000,0x00000000f6380000)
  from space 11264K, 79% used [0x00000000f6f00000,0x00000000f77bbad8,0x00000000f7a00000)
  to   space 11776K, 0% used [0x00000000f6380000,0x00000000f6380000,0x00000000f6f00000)
 ParOldGen       total 27648K, used 18722K [0x00000000c2600000, 0x00000000c4100000, 0x00000000eb780000)
  object space 27648K, 67% used [0x00000000c2600000,0x00000000c3848a80,0x00000000c4100000)
 Metaspace       used 33940K, capacity 35352K, committed 35496K, reserved 1081344K
  class space    used 4347K, capacity 4616K, committed 4656K, reserved 1048576K
}
Event: 4.961 GC heap before
{Heap before GC invocations=12 (full 2):
 PSYoungGen      total 187392K, used 8942K [0x00000000eb780000, 0x00000000f7f00000, 0x0000000100000000)
  eden space 176128K, 0% used [0x00000000eb780000,0x00000000eb780000,0x00000000f6380000)
  from space 11264K, 79% used [0x00000000f6f00000,0x00000000f77bbad8,0x00000000f7a00000)
  to   space 11776K, 0% used [0x00000000f6380000,0x00000000f6380000,0x00000000f6f00000)
 ParOldGen       total 27648K, used 18722K [0x00000000c2600000, 0x00000000c4100000, 0x00000000eb780000)
  object space 27648K, 67% used [0x00000000c2600000,0x00000000c3848a80,0x00000000c4100000)
 Metaspace       used 33940K, capacity 35352K, committed 35496K, reserved 1081344K
  class space    used 4347K, capacity 4616K, committed 4656K, reserved 1048576K
Event: 5.040 GC heap after
Heap after GC invocations=12 (full 2):
 PSYoungGen      total 187392K, used 0K [0x00000000eb780000, 0x00000000f7f00000, 0x0000000100000000)
  eden space 176128K, 0% used [0x00000000eb780000,0x00000000eb780000,0x00000000f6380000)
  from space 11264K, 0% used [0x00000000f6f00000,0x00000000f6f00000,0x00000000f7a00000)
  to   space 11776K, 0% used [0x00000000f6380000,0x00000000f6380000,0x00000000f6f00000)
 ParOldGen       total 47104K, used 19059K [0x00000000c2600000, 0x00000000c5400000, 0x00000000eb780000)
  object space 47104K, 40% used [0x00000000c2600000,0x00000000c389cc70,0x00000000c5400000)
 Metaspace       used 33940K, capacity 35352K, committed 35496K, reserved 1081344K
  class space    used 4347K, capacity 4616K, committed 4656K, reserved 1048576K
}

Deoptimization events (10 events):
Event: 6.547 Thread 0x00007f5db0001000 Uncommon trap: reason=predicate action=maybe_recompile pc=0x00007f5e05173068 method=java.util.regex.Pattern$SliceI.match(Ljava/util/regex/Matcher;ILjava/lang/CharSequence;)Z @ 21
Event: 6.632 Thread 0x00007f5e1400d000 Uncommon trap: reason=unstable_if action=reinterpret pc=0x00007f5e059ea878 method=java.lang.Class$MethodArray.addIfNotPresent(Ljava/lang/reflect/Method;)V @ 19
Event: 6.765 Thread 0x00007f5e1400d000 Uncommon trap: reason=unstable_if action=reinterpret pc=0x00007f5e056b99a0 method=java.lang.String$CaseInsensitiveComparator.compare(Ljava/lang/String;Ljava/lang/String;)I @ 70
Event: 6.800 Thread 0x00007f5e1400d000 Uncommon trap: reason=class_check action=maybe_recompile pc=0x00007f5e05cb2bdc method=org.springframework.beans.factory.support.AbstractBeanFactory.isTypeMatch(Ljava/lang/String;Lorg/springframework/core/ResolvableType;)Z @ 47
Event: 6.802 Thread 0x00007f5e1400d000 Uncommon trap: reason=class_check action=maybe_recompile pc=0x00007f5e05cb2bdc method=org.springframework.beans.factory.support.AbstractBeanFactory.isTypeMatch(Ljava/lang/String;Lorg/springframework/core/ResolvableType;)Z @ 47
Event: 6.805 Thread 0x00007f5e1400d000 Uncommon trap: reason=class_check action=maybe_recompile pc=0x00007f5e05cb2bdc method=org.springframework.beans.factory.support.AbstractBeanFactory.isTypeMatch(Ljava/lang/String;Lorg/springframework/core/ResolvableType;)Z @ 47
Event: 6.807 Thread 0x00007f5e1400d000 Uncommon trap: reason=class_check action=maybe_recompile pc=0x00007f5e05cb2bdc method=org.springframework.beans.factory.support.AbstractBeanFactory.isTypeMatch(Ljava/lang/String;Lorg/springframework/core/ResolvableType;)Z @ 47
Event: 7.026 Thread 0x00007f5e1400d000 Uncommon trap: reason=unstable_if action=reinterpret pc=0x00007f5e059bdba8 method=org.springframework.beans.factory.support.AbstractBeanFactory.isTypeMatch(Ljava/lang/String;Lorg/springframework/core/ResolvableType;)Z @ 26
Event: 8.003 Thread 0x00007f5e1400d000 Uncommon trap: reason=unstable_if action=reinterpret pc=0x00007f5e057c06b4 method=java.util.concurrent.ConcurrentHashMap.putVal(Ljava/lang/Object;Ljava/lang/Object;Z)Ljava/lang/Object; @ 331
Event: 8.021 Thread 0x00007f5e1400d000 Uncommon trap: reason=unstable_if action=reinterpret pc=0x00007f5e0513669c method=java.util.concurrent.ConcurrentHashMap.get(Ljava/lang/Object;)Ljava/lang/Object; @ 86

Internal exceptions (10 events):
Event: 6.797 Thread 0x00007f5e1400d000 Exception <a 'java/lang/ClassNotFoundException': org/springframework/web/servlet/config/annotation/WebMvcConfigurationSupportCustomizer> (0x00000000f322dd58) thrown at [/HUDSON/workspace/8-2-build-linux-amd64/jdk8u151/9699/hotspot/src/share/vm/classfile/s
Event: 6.797 Thread 0x00007f5e1400d000 Exception <a 'java/lang/ClassNotFoundException': org/springframework/web/servlet/config/annotation/DelegatingWebMvcConfigurationCustomizer> (0x00000000f325a378) thrown at [/HUDSON/workspace/8-2-build-linux-amd64/jdk8u151/9699/hotspot/src/share/vm/classfil
Event: 6.798 Thread 0x00007f5e1400d000 Exception <a 'java/lang/ClassNotFoundException': org/springframework/web/servlet/config/annotation/DelegatingWebMvcConfiguration$$EnhancerBySpringCGLIB$$840aa7a4Customizer> (0x00000000f3352068) thrown at [/HUDSON/workspace/8-2-build-linux-amd64/jdk8u151/9
Event: 6.798 Thread 0x00007f5e1400d000 Exception <a 'java/lang/ClassNotFoundException': org/springframework/context/annotation/ConfigurationClassEnhancer$EnhancedConfigurationCustomizer> (0x00000000f338e240) thrown at [/HUDSON/workspace/8-2-build-linux-amd64/jdk8u151/9699/hotspot/src/share/vm/
Event: 6.798 Thread 0x00007f5e1400d000 Exception <a 'java/lang/ClassNotFoundException': org/springframework/beans/factory/BeanFactoryAwareCustomizer> (0x00000000f33a2588) thrown at [/HUDSON/workspace/8-2-build-linux-amd64/jdk8u151/9699/hotspot/src/share/vm/classfile/systemDictionary.cpp, line 
Event: 6.799 Thread 0x00007f5e1400d000 Exception <a 'java/lang/ClassNotFoundException': org/springframework/beans/factory/AwareCustomizer> (0x00000000f33b5210) thrown at [/HUDSON/workspace/8-2-build-linux-amd64/jdk8u151/9699/hotspot/src/share/vm/classfile/systemDictionary.cpp, line 210]
Event: 6.799 Thread 0x00007f5e1400d000 Exception <a 'java/lang/ClassNotFoundException': org/springframework/context/ApplicationContextAwareCustomizer> (0x00000000f33c98c8) thrown at [/HUDSON/workspace/8-2-build-linux-amd64/jdk8u151/9699/hotspot/src/share/vm/classfile/systemDictionary.cpp, line
Event: 6.799 Thread 0x00007f5e1400d000 Exception <a 'java/lang/ClassNotFoundException': org/springframework/beans/factory/AwareCustomizer> (0x00000000f33dc528) thrown at [/HUDSON/workspace/8-2-build-linux-amd64/jdk8u151/9699/hotspot/src/share/vm/classfile/systemDictionary.cpp, line 210]
Event: 6.799 Thread 0x00007f5e1400d000 Exception <a 'java/lang/ClassNotFoundException': org/springframework/web/context/ServletContextAwareCustomizer> (0x00000000f33f0b70) thrown at [/HUDSON/workspace/8-2-build-linux-amd64/jdk8u151/9699/hotspot/src/share/vm/classfile/systemDictionary.cpp, line
Event: 6.799 Thread 0x00007f5e1400d000 Exception <a 'java/lang/ClassNotFoundException': org/springframework/beans/factory/AwareCustomizer> (0x00000000f3403240) thrown at [/HUDSON/workspace/8-2-build-linux-amd64/jdk8u151/9699/hotspot/src/share/vm/classfile/systemDictionary.cpp, line 210]

Events (10 events):
Event: 8.339 loading class org/springframework/jdbc/core/PreparedStatementCreatorFactory
Event: 8.339 loading class org/springframework/jdbc/core/PreparedStatementCreatorFactory done
Event: 8.340 loading class org/springframework/jdbc/core/namedparam/ParsedSql
Event: 8.340 loading class org/springframework/jdbc/core/namedparam/ParsedSql done
Event: 8.344 loading class org/springframework/boot/task/TaskSchedulerCustomizer
Event: 8.344 loading class org/springframework/boot/task/TaskSchedulerCustomizer done
Event: 8.359 loading class org/springframework/transaction/support/TransactionCallback
Event: 8.359 loading class org/springframework/transaction/support/TransactionCallback done
Event: 8.362 loading class org/springframework/boot/web/client/RestTemplateCustomizer
Event: 8.362 loading class org/springframework/boot/web/client/RestTemplateCustomizer done


Dynamic libraries:
00400000-00401000 r-xp 00000000 fe:00 801902                             /opt/java-jdk/jdk1.8.0_151/bin/java
00600000-00601000 rw-p 00000000 fe:00 801902                             /opt/java-jdk/jdk1.8.0_151/bin/java
01092000-010b3000 rw-p 00000000 00:00 0                                  [heap]
c2600000-c5400000 rw-p 00000000 00:00 0 
c5400000-eb780000 ---p 00000000 00:00 0 
eb780000-f7f00000 rw-p 00000000 00:00 0 
f7f00000-100000000 ---p 00000000 00:00 0 
100000000-1006ac000 rw-p 00000000 00:00 0 
1006ac000-140000000 ---p 00000000 00:00 0 
7f5db0000000-7f5db0021000 rw-p 00000000 00:00 0 
7f5db0021000-7f5db4000000 ---p 00000000 00:00 0 
7f5db4000000-7f5db4021000 rw-p 00000000 00:00 0 
7f5db4021000-7f5db8000000 ---p 00000000 00:00 0 
7f5db8000000-7f5db8021000 rw-p 00000000 00:00 0 
7f5db8021000-7f5dbc000000 ---p 00000000 00:00 0 
7f5dbc000000-7f5dbc021000 rw-p 00000000 00:00 0 
7f5dbc021000-7f5dc0000000 ---p 00000000 00:00 0 
7f5dc0000000-7f5dc0021000 rw-p 00000000 00:00 0 
7f5dc0021000-7f5dc4000000 ---p 00000000 00:00 0 
7f5dc619e000-7f5dc631e000 rw-p 00000000 00:00 0 
7f5dc635e000-7f5dc639e000 ---p 00000000 00:00 0 
7f5dc639e000-7f5dc659e000 rw-p 00000000 00:00 0 
7f5dc659e000-7f5dc679e000 rw-p 00000000 00:00 0 
7f5dc679e000-7f5dc699e000 rw-p 00000000 00:00 0 
7f5dc699e000-7f5dc69a1000 ---p 00000000 00:00 0 
7f5dc69a1000-7f5dc6a9f000 rw-p 00000000 00:00 0 
7f5dc6a9f000-7f5dc6aa2000 ---p 00000000 00:00 0 
7f5dc6aa2000-7f5dc6ba0000 rw-p 00000000 00:00 0 
7f5dc6ba0000-7f5dc6da0000 rw-p 00000000 00:00 0 
7f5dc6da0000-7f5dc6db6000 r-xp 00000000 fe:00 1305707                    /lib/x86_64-linux-gnu/libgcc_s.so.1
7f5dc6db6000-7f5dc6fb5000 ---p 00016000 fe:00 1305707                    /lib/x86_64-linux-gnu/libgcc_s.so.1
7f5dc6fb5000-7f5dc6fb6000 r--p 00015000 fe:00 1305707                    /lib/x86_64-linux-gnu/libgcc_s.so.1
7f5dc6fb6000-7f5dc6fb7000 rw-p 00016000 fe:00 1305707                    /lib/x86_64-linux-gnu/libgcc_s.so.1
7f5dc6fb7000-7f5dc6fe9000 r-xp 00000000 fe:00 1183656                    /opt/java-jdk/jdk1.8.0_151/jre/lib/amd64/libsunec.so
7f5dc6fe9000-7f5dc71e8000 ---p 00032000 fe:00 1183656                    /opt/java-jdk/jdk1.8.0_151/jre/lib/amd64/libsunec.so
7f5dc71e8000-7f5dc71ee000 rw-p 00031000 fe:00 1183656                    /opt/java-jdk/jdk1.8.0_151/jre/lib/amd64/libsunec.so
7f5dc71ee000-7f5dc73fe000 rw-p 00000000 00:00 0 
7f5dc73fe000-7f5dc75fe000 rw-p 00000000 00:00 0 
7f5dc75fe000-7f5dc7601000 ---p 00000000 00:00 0 
7f5dc7601000-7f5dc76ff000 rw-p 00000000 00:00 0 
7f5dc76ff000-7f5dc7702000 ---p 00000000 00:00 0 
7f5dc7702000-7f5dc7800000 rw-p 00000000 00:00 0 
7f5dc7800000-7f5dc7a00000 rw-p 00000000 00:00 0 
7f5dc7a00000-7f5dc7c00000 rw-p 00000000 00:00 0 
7f5dc7c00000-7f5dc7e00000 rw-p 00000000 00:00 0 
7f5dc7e00000-7f5dc8000000 rw-p 00000000 00:00 0 
7f5dc8000000-7f5dc82b9000 rw-p 00000000 00:00 0 
7f5dc82b9000-7f5dcc000000 ---p 00000000 00:00 0 
7f5dcc000000-7f5dcc31b000 rw-p 00000000 00:00 0 
7f5dcc31b000-7f5dd0000000 ---p 00000000 00:00 0 
7f5dd00ed000-7f5dd00f0000 ---p 00000000 00:00 0 
7f5dd00f0000-7f5dd01ee000 rw-p 00000000 00:00 0 
7f5dd01ee000-7f5dd03ee000 rw-p 00000000 00:00 0 
7f5dd03ee000-7f5dd05ee000 rw-p 00000000 00:00 0 
7f5dd05ee000-7f5dd07ee000 rw-p 00000000 00:00 0 
7f5dd07ee000-7f5dd07ff000 r-xp 00000000 fe:00 1183703                    /opt/java-jdk/jdk1.8.0_151/jre/lib/amd64/libnio.so
7f5dd07ff000-7f5dd09fe000 ---p 00011000 fe:00 1183703                    /opt/java-jdk/jdk1.8.0_151/jre/lib/amd64/libnio.so
7f5dd09fe000-7f5dd09ff000 rw-p 00010000 fe:00 1183703                    /opt/java-jdk/jdk1.8.0_151/jre/lib/amd64/libnio.so
7f5dd09ff000-7f5dd0bff000 rw-p 00000000 00:00 0 
7f5dd0bff000-7f5dd0dff000 rw-p 00000000 00:00 0 
7f5dd0dff000-7f5dd0fff000 rw-p 00000000 00:00 0 
7f5dd0fff000-7f5dd4000000 rw-p 00000000 00:00 0 
7f5dd4000000-7f5dd4021000 rw-p 00000000 00:00 0 
7f5dd4021000-7f5dd8000000 ---p 00000000 00:00 0 
7f5dd8000000-7f5dd8021000 rw-p 00000000 00:00 0 
7f5dd8021000-7f5ddc000000 ---p 00000000 00:00 0 
7f5ddc000000-7f5ddd881000 rw-p 00000000 00:00 0 
7f5ddd881000-7f5de0000000 ---p 00000000 00:00 0 
7f5de0000000-7f5de1140000 rw-p 00000000 00:00 0 
7f5de1140000-7f5de4000000 ---p 00000000 00:00 0 
7f5de4000000-7f5de4021000 rw-p 00000000 00:00 0 
7f5de4021000-7f5de8000000 ---p 00000000 00:00 0 
7f5de8000000-7f5de8021000 rw-p 00000000 00:00 0 
7f5de8021000-7f5dec000000 ---p 00000000 00:00 0 
7f5dec000000-7f5dec021000 rw-p 00000000 00:00 0 
7f5dec021000-7f5df0000000 ---p 00000000 00:00 0 
7f5df0000000-7f5df0021000 rw-p 00000000 00:00 0 
7f5df0021000-7f5df4000000 ---p 00000000 00:00 0 
7f5df4000000-7f5df4021000 rw-p 00000000 00:00 0 
7f5df4021000-7f5df8000000 ---p 00000000 00:00 0 
7f5df8000000-7f5df8021000 rw-p 00000000 00:00 0 
7f5df8021000-7f5dfc000000 ---p 00000000 00:00 0 
7f5dfc000000-7f5dfc021000 rw-p 00000000 00:00 0 
7f5dfc021000-7f5e00000000 ---p 00000000 00:00 0 
7f5e0008e000-7f5e00093000 r--s 0003e000 fe:00 1441800                    /opt/java-jdk/jdk1.8.0_151/jre/lib/ext/sunjce_provider.jar
7f5e00093000-7f5e00095000 r--s 00009000 fe:00 1441790                    /opt/java-jdk/jdk1.8.0_151/jre/lib/ext/sunec.jar
7f5e00095000-7f5e00098000 r--s 0001a000 fe:00 1183716                    /opt/java-jdk/jdk1.8.0_151/jre/lib/jce.jar
7f5e00098000-7f5e0009d000 r--s 002f9000 fe:00 1183633                    /opt/java-jdk/jdk1.8.0_151/jre/lib/charsets.jar
7f5e0009d000-7f5e000a2000 r--s 0009a000 fe:00 1183645                    /opt/java-jdk/jdk1.8.0_151/jre/lib/jsse.jar
7f5e000a2000-7f5e000a5000 ---p 00000000 00:00 0 
7f5e000a5000-7f5e001a3000 rw-p 00000000 00:00 0 
7f5e001a3000-7f5e00239000 r--s 01110000 fe:00 1441793                    /opt/java-jdk/jdk1.8.0_151/jre/lib/ext/jfxrt.jar
7f5e00239000-7f5e00250000 r-xp 00000000 fe:00 1183700                    /opt/java-jdk/jdk1.8.0_151/jre/lib/amd64/libnet.so
7f5e00250000-7f5e0044f000 ---p 00017000 fe:00 1183700                    /opt/java-jdk/jdk1.8.0_151/jre/lib/amd64/libnet.so
7f5e0044f000-7f5e00450000 rw-p 00016000 fe:00 1183700                    /opt/java-jdk/jdk1.8.0_151/jre/lib/amd64/libnet.so
7f5e00450000-7f5e00459000 r-xp 00000000 fe:00 1183708                    /opt/java-jdk/jdk1.8.0_151/jre/lib/amd64/libmanagement.so
7f5e00459000-7f5e00658000 ---p 00009000 fe:00 1183708                    /opt/java-jdk/jdk1.8.0_151/jre/lib/amd64/libmanagement.so
7f5e00658000-7f5e00659000 rw-p 00008000 fe:00 1183708                    /opt/java-jdk/jdk1.8.0_151/jre/lib/amd64/libmanagement.so
7f5e00659000-7f5e00859000 rw-p 00000000 00:00 0 
7f5e00859000-7f5e0085c000 ---p 00000000 00:00 0 
7f5e0085c000-7f5e0095a000 rw-p 00000000 00:00 0 
7f5e0095a000-7f5e00964000 r--s 00116000 fe:00 1441799                    /opt/java-jdk/jdk1.8.0_151/jre/lib/ext/localedata.jar
7f5e00964000-7f5e0096b000 r--s 00000000 fe:00 393953                     /usr/lib/x86_64-linux-gnu/gconv/gconv-modules.cache
7f5e0096b000-7f5e00991000 r--p 00000000 fe:00 397017                     /usr/share/locale/de/LC_MESSAGES/libc.mo
7f5e00991000-7f5e0099b000 r--s 0005c000 fe:00 155                        /home/bzz/.m2/repository/javax/servlet/jstl/1.2/jstl-1.2.jar
7f5e0099b000-7f5e009ae000 r--s 00244000 fe:00 1090                       /home/bzz/.m2/repository/org/eclipse/jdt/ecj/3.12.3/ecj-3.12.3.jar
7f5e009ae000-7f5e009b3000 r--s 00038000 fe:00 1085                       /home/bzz/.m2/repository/org/apache/tomcat/embed/tomcat-embed-el/8.5.37/tomcat-embed-el-8.5.37.jar
7f5e009b3000-7f5e009b5000 r--s 00002000 fe:00 167                        /home/bzz/.m2/repository/org/apache/tomcat/tomcat-annotations-api/8.5.37/tomcat-annotations-api-8.5.37.jar
7f5e009b5000-7f5e009df000 r--s 002d8000 fe:00 1083                       /home/bzz/.m2/repository/org/apache/tomcat/embed/tomcat-embed-core/8.5.37/tomcat-embed-core-8.5.37.jar
7f5e009df000-7f5e009e8000 r--s 00097000 fe:00 165                        /home/bzz/.m2/repository/org/apache/tomcat/embed/tomcat-embed-jasper/8.5.37/tomcat-embed-jasper-8.5.37.jar
7f5e009e8000-7f5e009f2000 r--s 000ec000 fe:00 1060                       /home/bzz/.m2/repository/mysql/mysql-connector-java/5.1.46/mysql-connector-java-5.1.46.jar
7f5e009f2000-7f5e009fb000 r--s 00058000 fe:00 1177387                    /home/bzz/.m2/repository/taglibs/standard/1.1.2/standard-1.1.2.jar
7f5e009fb000-7f5e00a05000 r--s 0005c000 fe:00 1177385                    /home/bzz/.m2/repository/jstl/jstl/1.2/jstl-1.2.jar
7f5e00a05000-7f5e00a07000 r--s 0000a000 fe:00 1015                       /home/bzz/.m2/repository/org/springframework/spring-aspects/5.1.6.RELEASE/spring-aspects-5.1.6.RELEASE.jar
7f5e00a07000-7f5e00a09000 r--s 00009000 fe:00 854                        /home/bzz/.m2/repository/org/slf4j/slf4j-api/1.7.26/slf4j-api-1.7.26.jar
7f5e00a09000-7f5e00a11000 r--s 00037000 fe:00 1013                       /home/bzz/.m2/repository/org/springframework/spring-tx/5.1.6.RELEASE/spring-tx-5.1.6.RELEASE.jar
7f5e00a11000-7f5e00a15000 r--s 0002d000 fe:00 1011                       /home/bzz/.m2/repository/org/springframework/spring-orm/5.1.6.RELEASE/spring-orm-5.1.6.RELEASE.jar
7f5e00a15000-7f5e00a2d000 r--s 00106000 fe:00 1708246                    /home/bzz/.m2/repository/org/springframework/data/spring-data-commons/2.1.6.RELEASE/spring-data-commons-2.1.6.RELEASE.jar
7f5e00a2d000-7f5e00a35000 r--s 0004f000 fe:00 1452741                    /home/bzz/.m2/repository/org/springframework/data/spring-data-jpa/2.1.6.RELEASE/spring-data-jpa-2.1.6.RELEASE.jar
7f5e00a35000-7f5e00a38000 r--s 00010000 fe:00 1009                       /home/bzz/.m2/repository/org/hibernate/common/hibernate-commons-annotations/5.0.4.Final/hibernate-commons-annotations-5.0.4.Final.jar
7f5e00a38000-7f5e00a3d000 r--s 0004b000 fe:00 1007                       /home/bzz/.m2/repository/org/dom4j/dom4j/2.1.1/dom4j-2.1.1.jar
7f5e00a3d000-7f5e00a40000 r--s 0002b000 fe:00 1005                       /home/bzz/.m2/repository/org/jboss/jandex/2.0.5.Final/jandex-2.0.5.Final.jar
7f5e00a40000-7f5e00a45000 r--s 00068000 fe:00 1003                       /home/bzz/.m2/repository/antlr/antlr/2.7.7/antlr-2.7.7.jar
7f5e00a45000-7f5e00a8c000 r--s 002da000 fe:00 1001                       /home/bzz/.m2/repository/net/bytebuddy/byte-buddy/1.9.12/byte-buddy-1.9.12.jar
7f5e00a8c000-7f5e00a97000 r--s 000b2000 fe:00 999                        /home/bzz/.m2/repository/org/javassist/javassist/3.23.1-GA/javassist-3.23.1-GA.jar
7f5e00a97000-7f5e00a9d000 r--s 00023000 fe:00 997                        /home/bzz/.m2/repository/javax/persistence/javax.persistence-api/2.2/javax.persistence-api-2.2.jar
7f5e00a9d000-7f5e00b20000 r--s 00626000 fe:00 1835970                    /home/bzz/.m2/repository/org/hibernate/hibernate-core/5.3.9.Final/hibernate-core-5.3.9.Final.jar
7f5e00b20000-7f5e00b22000 r--s 0000c000 fe:00 1708244                    /home/bzz/.m2/repository/javax/activation/javax.activation-api/1.2.0/javax.activation-api-1.2.0.jar
7f5e00b22000-7f5e00b26000 r--s 0001c000 fe:00 1574645                    /home/bzz/.m2/repository/javax/xml/bind/jaxb-api/2.3.1/jaxb-api-2.3.1.jar
7f5e00b26000-7f5e00b27000 r--s 00006000 fe:00 1452739                    /home/bzz/.m2/repository/javax/transaction/javax.transaction-api/1.3/javax.transaction-api-1.3.jar
7f5e00b27000-7f5e00b30000 r--s 0005a000 fe:00 995                        /home/bzz/.m2/repository/org/springframework/spring-jdbc/5.1.6.RELEASE/spring-jdbc-5.1.6.RELEASE.jar
7f5e00b30000-7f5e00b34000 r--s 00020000 fe:00 1307995                    /home/bzz/.m2/repository/com/zaxxer/HikariCP/3.2.0/HikariCP-3.2.0.jar
7f5e00b34000-7f5e00b35000 r--s 00000000 fe:00 993                        /home/bzz/.m2/repository/org/springframework/boot/spring-boot-starter-jdbc/2.1.4.RELEASE/spring-boot-starter-jdbc-2.1.4.RELEASE.jar
7f5e00b35000-7f5e00b4e000 r--s 001de000 fe:00 991                        /home/bzz/.m2/repository/org/aspectj/aspectjweaver/1.9.2/aspectjweaver-1.9.2.jar
7f5e00b4e000-7f5e00b4f000 r--s 00000000 fe:00 989                        /home/bzz/.m2/repository/org/springframework/boot/spring-boot-starter-aop/2.1.4.RELEASE/spring-boot-starter-aop-2.1.4.RELEASE.jar
7f5e00b4f000-7f5e00b50000 r--s 00000000 fe:00 987                        /home/bzz/.m2/repository/org/springframework/boot/spring-boot-starter-data-jpa/2.1.4.RELEASE/spring-boot-starter-data-jpa-2.1.4.RELEASE.jar
7f5e00b50000-7f5e00b55000 r--s 00040000 fe:00 892                        /home/bzz/.m2/repository/org/springframework/spring-expression/5.1.6.RELEASE/spring-expression-5.1.6.RELEASE.jar
7f5e00b55000-7f5e00b6f000 r--s 000f3000 fe:00 890                        /home/bzz/.m2/repository/org/springframework/spring-context/5.1.6.RELEASE/spring-context-5.1.6.RELEASE.jar
7f5e00b6f000-7f5e00b79000 r--s 00051000 fe:00 888                        /home/bzz/.m2/repository/org/springframework/spring-aop/5.1.6.RELEASE/spring-aop-5.1.6.RELEASE.jar
7f5e00b79000-7f5e00b88000 r--s 000b5000 fe:00 886                        /home/bzz/.m2/repository/org/springframework/spring-webmvc/5.1.6.RELEASE/spring-webmvc-5.1.6.RELEASE.jar
7f5e00b88000-7f5e00b95000 r--s 00098000 fe:00 884                        /home/bzz/.m2/repository/org/springframework/spring-beans/5.1.6.RELEASE/spring-beans-5.1.6.RELEASE.jar
7f5e00b95000-7f5e00bb1000 r--s 00137000 fe:00 882                        /home/bzz/.m2/repository/org/springframework/spring-web/5.1.6.RELEASE/spring-web-5.1.6.RELEASE.jar
7f5e00bb1000-7f5e00bb3000 r--s 0000f000 fe:00 1574627                    /home/bzz/.m2/repository/com/fasterxml/classmate/1.4.0/classmate-1.4.0.jar
7f5e00bb3000-7f5e00bb5000 r--s 0000f000 fe:00 1448391                    /home/bzz/.m2/repository/org/jboss/logging/jboss-logging/3.3.2.Final/jboss-logging-3.3.2.Final.jar
7f5e00bb5000-7f5e00bba000 r--s 00012000 fe:00 1448387                    /home/bzz/.m2/repository/javax/validation/validation-api/2.0.1.Final/validation-api-2.0.1.Final.jar
7f5e00bba000-7f5e00bd7000 r--s 000fe000 fe:00 1452725                    /home/bzz/.m2/repository/org/hibernate/validator/hibernate-validator/6.0.16.Final/hibernate-validator-6.0.16.Final.jar
7f5e00bd7000-7f5e00bdc000 r--s 0003a000 fe:00 1087                       /home/bzz/.m2/repository/org/apache/tomcat/embed/tomcat-embed-websocket/8.5.37/tomcat-embed-websocket-8.5.37.jar
7f5e00bdc000-7f5e00bdd000 r--s 00000000 fe:00 874                        /home/bzz/.m2/repository/org/springframework/boot/spring-boot-starter-tomcat/2.1.4.RELEASE/spring-boot-starter-tomcat-2.1.4.RELEASE.jar
7f5e00bdd000-7f5e00bdf000 r--s 00001000 fe:00 872                        /home/bzz/.m2/repository/com/fasterxml/jackson/module/jackson-module-parameter-names/2.9.8/jackson-module-parameter-names-2.9.8.jar
7f5e00bdf000-7f5e00be2000 r--s 00016000 fe:00 870                        /home/bzz/.m2/repository/com/fasterxml/jackson/datatype/jackson-datatype-jsr310/2.9.8/jackson-datatype-jsr310-2.9.8.jar
7f5e00be2000-7f5e00be4000 r--s 00007000 fe:00 868                        /home/bzz/.m2/repository/com/fasterxml/jackson/datatype/jackson-datatype-jdk8/2.9.8/jackson-datatype-jdk8-2.9.8.jar
7f5e00be4000-7f5e00be8000 r--s 0004c000 fe:00 866                        /home/bzz/.m2/repository/com/fasterxml/jackson/core/jackson-core/2.9.8/jackson-core-2.9.8.jar
7f5e00be8000-7f5e00beb000 r--s 0000e000 fe:00 864                        /home/bzz/.m2/repository/com/fasterxml/jackson/core/jackson-annotations/2.9.0/jackson-annotations-2.9.0.jar
7f5e00beb000-7f5e00bfd000 r--s 00137000 fe:00 1708225                    /home/bzz/.m2/repository/com/fasterxml/jackson/core/jackson-databind/2.9.8/jackson-databind-2.9.8.jar
7f5e00bfd000-7f5e00bfe000 r--s 00000000 fe:00 862                        /home/bzz/.m2/repository/org/springframework/boot/spring-boot-starter-json/2.1.4.RELEASE/spring-boot-starter-json-2.1.4.RELEASE.jar
7f5e00bfe000-7f5e00c05000 r--s 00043000 fe:00 860                        /home/bzz/.m2/repository/org/yaml/snakeyaml/1.23/snakeyaml-1.23.jar
7f5e00c05000-7f5e00c06000 r--s 00005000 fe:00 1835959                    /home/bzz/.m2/repository/org/springframework/spring-jcl/5.1.6.RELEASE/spring-jcl-5.1.6.RELEASE.jar
7f5e00c06000-7f5e00c1e000 r--s 00124000 fe:00 1835957                    /home/bzz/.m2/repository/org/springframework/spring-core/5.1.6.RELEASE/spring-core-5.1.6.RELEASE.jar
7f5e00c1e000-7f5e00c20000 r--s 00005000 fe:00 1574625                    /home/bzz/.m2/repository/javax/annotation/javax.annotation-api/1.3.2/javax.annotation-api-1.3.2.jar
7f5e00c20000-7f5e00c22000 r--s 00000000 fe:00 1177352                    /home/bzz/.m2/repository/org/slf4j/jul-to-slf4j/1.7.26/jul-to-slf4j-1.7.26.jar
7f5e00c22000-7f5e00c28000 r--s 0003c000 fe:00 858                        /home/bzz/.m2/repository/org/apache/logging/log4j/log4j-api/2.11.2/log4j-api-2.11.2.jar
7f5e00c28000-7f5e00c2a000 r--s 00003000 fe:00 856                        /home/bzz/.m2/repository/org/apache/logging/log4j/log4j-to-slf4j/2.11.2/log4j-to-slf4j-2.11.2.jar
7f5e00c2a000-7f5e00c35000 r--s 00069000 fe:00 852                        /home/bzz/.m2/repository/ch/qos/logback/logback-core/1.2.3/logback-core-1.2.3.jar
7f5e00c35000-7f5e00c3b000 r--s 00041000 fe:00 850                        /home/bzz/.m2/repository/ch/qos/logback/logback-classic/1.2.3/logback-classic-1.2.3.jar
7f5e00c3b000-7f5e00c3c000 r--s 00000000 fe:00 848                        /home/bzz/.m2/repository/org/springframework/boot/spring-boot-starter-logging/2.1.4.RELEASE/spring-boot-starter-logging-2.1.4.RELEASE.jar
7f5e00c3c000-7f5e00c60000 r--s 00111000 fe:00 846                        /home/bzz/.m2/repository/org/springframework/boot/spring-boot-autoconfigure/2.1.4.RELEASE/spring-boot-autoconfigure-2.1.4.RELEASE.jar
7f5e00c60000-7f5e00c75000 r--s 000d4000 fe:00 844                        /home/bzz/.m2/repository/org/springframework/boot/spring-boot/2.1.4.RELEASE/spring-boot-2.1.4.RELEASE.jar
7f5e00c75000-7f5e00c76000 r--s 00000000 fe:00 842                        /home/bzz/.m2/repository/org/springframework/boot/spring-boot-starter/2.1.4.RELEASE/spring-boot-starter-2.1.4.RELEASE.jar
7f5e00c76000-7f5e00c77000 ---p 00000000 00:00 0 
7f5e00c77000-7f5e00d77000 rw-p 00000000 00:00 0 
7f5e00d77000-7f5e00d7a000 ---p 00000000 00:00 0 
7f5e00d7a000-7f5e00e78000 rw-p 00000000 00:00 0 
7f5e00e78000-7f5e00e7b000 ---p 00000000 00:00 0 
7f5e00e7b000-7f5e00f79000 rw-p 00000000 00:00 0 
7f5e00f79000-7f5e00f7c000 ---p 00000000 00:00 0 
7f5e00f7c000-7f5e0107a000 rw-p 00000000 00:00 0 
7f5e0107a000-7f5e0107d000 ---p 00000000 00:00 0 
7f5e0107d000-7f5e0117b000 rw-p 00000000 00:00 0 
7f5e0117b000-7f5e01316000 r--p 00000000 fe:00 392923                     /usr/lib/locale/locale-archive
7f5e01316000-7f5e01319000 ---p 00000000 00:00 0 
7f5e01319000-7f5e01417000 rw-p 00000000 00:00 0 
7f5e01417000-7f5e0141a000 ---p 00000000 00:00 0 
7f5e0141a000-7f5e01518000 rw-p 00000000 00:00 0 
7f5e01518000-7f5e01519000 ---p 00000000 00:00 0 
7f5e01519000-7f5e02267000 rw-p 00000000 00:00 0 
7f5e02267000-7f5e02440000 r--s 03d5a000 fe:00 1183635                    /opt/java-jdk/jdk1.8.0_151/jre/lib/rt.jar
7f5e02440000-7f5e04cfd000 rw-p 00000000 00:00 0 
7f5e04cfd000-7f5e04cfe000 ---p 00000000 00:00 0 
7f5e04cfe000-7f5e04dfe000 rw-p 00000000 00:00 0 
7f5e04dfe000-7f5e04dff000 ---p 00000000 00:00 0 
7f5e04dff000-7f5e04eff000 rw-p 00000000 00:00 0 
7f5e04eff000-7f5e04f00000 ---p 00000000 00:00 0 
7f5e04f00000-7f5e05000000 rw-p 00000000 00:00 0 
7f5e05000000-7f5e05d40000 rwxp 00000000 00:00 0 
7f5e05d40000-7f5e14000000 ---p 00000000 00:00 0 
7f5e14000000-7f5e1530d000 rw-p 00000000 00:00 0 
7f5e1530d000-7f5e18000000 ---p 00000000 00:00 0 
7f5e18000000-7f5e18003000 r--s 00015000 fe:00 1453168                    /home/bzz/.m2/repository/javax/servlet/javax.servlet-api/4.0.1/javax.servlet-api-4.0.1.jar
7f5e18003000-7f5e18008000 r--s 00084000 fe:00 1183606                    /opt/java-jdk/jdk1.8.0_151/jre/lib/jfr.jar
7f5e18008000-7f5e1800d000 r--s 002f9000 fe:00 1183633                    /opt/java-jdk/jdk1.8.0_151/jre/lib/charsets.jar
7f5e1800d000-7f5e18012000 r--s 0009a000 fe:00 1183645                    /opt/java-jdk/jdk1.8.0_151/jre/lib/jsse.jar
7f5e18012000-7f5e180d7000 rw-p 00000000 00:00 0 
7f5e180d7000-7f5e180ee000 rw-p 00000000 00:00 0 
7f5e180ee000-7f5e18220000 ---p 00000000 00:00 0 
7f5e18220000-7f5e18237000 rw-p 00000000 00:00 0 
7f5e18237000-7f5e18368000 ---p 00000000 00:00 0 
7f5e18368000-7f5e183cd000 rw-p 00000000 00:00 0 
7f5e183cd000-7f5e1840d000 ---p 00000000 00:00 0 
7f5e1840d000-7f5e18443000 rw-p 00000000 00:00 0 
7f5e18443000-7f5e187ce000 ---p 00000000 00:00 0 
7f5e187ce000-7f5e187e9000 r-xp 00000000 fe:00 1183696                    /opt/java-jdk/jdk1.8.0_151/jre/lib/amd64/libzip.so
7f5e187e9000-7f5e189e9000 ---p 0001b000 fe:00 1183696                    /opt/java-jdk/jdk1.8.0_151/jre/lib/amd64/libzip.so
7f5e189e9000-7f5e189ea000 rw-p 0001b000 fe:00 1183696                    /opt/java-jdk/jdk1.8.0_151/jre/lib/amd64/libzip.so
7f5e189ea000-7f5e189f4000 r-xp 00000000 fe:00 1305618                    /lib/x86_64-linux-gnu/libnss_files-2.24.so
7f5e189f4000-7f5e18bf4000 ---p 0000a000 fe:00 1305618                    /lib/x86_64-linux-gnu/libnss_files-2.24.so
7f5e18bf4000-7f5e18bf5000 r--p 0000a000 fe:00 1305618                    /lib/x86_64-linux-gnu/libnss_files-2.24.so
7f5e18bf5000-7f5e18bf6000 rw-p 0000b000 fe:00 1305618                    /lib/x86_64-linux-gnu/libnss_files-2.24.so
7f5e18bf6000-7f5e18bfc000 rw-p 00000000 00:00 0 
7f5e18bfc000-7f5e18c07000 r-xp 00000000 fe:00 1305620                    /lib/x86_64-linux-gnu/libnss_nis-2.24.so
7f5e18c07000-7f5e18e06000 ---p 0000b000 fe:00 1305620                    /lib/x86_64-linux-gnu/libnss_nis-2.24.so
7f5e18e06000-7f5e18e07000 r--p 0000a000 fe:00 1305620                    /lib/x86_64-linux-gnu/libnss_nis-2.24.so
7f5e18e07000-7f5e18e08000 rw-p 0000b000 fe:00 1305620                    /lib/x86_64-linux-gnu/libnss_nis-2.24.so
7f5e18e08000-7f5e18e1c000 r-xp 00000000 fe:00 1305615                    /lib/x86_64-linux-gnu/libnsl-2.24.so
7f5e18e1c000-7f5e1901c000 ---p 00014000 fe:00 1305615                    /lib/x86_64-linux-gnu/libnsl-2.24.so
7f5e1901c000-7f5e1901d000 r--p 00014000 fe:00 1305615                    /lib/x86_64-linux-gnu/libnsl-2.24.so
7f5e1901d000-7f5e1901e000 rw-p 00015000 fe:00 1305615                    /lib/x86_64-linux-gnu/libnsl-2.24.so
7f5e1901e000-7f5e19020000 rw-p 00000000 00:00 0 
7f5e19020000-7f5e19027000 r-xp 00000000 fe:00 1305616                    /lib/x86_64-linux-gnu/libnss_compat-2.24.so
7f5e19027000-7f5e19226000 ---p 00007000 fe:00 1305616                    /lib/x86_64-linux-gnu/libnss_compat-2.24.so
7f5e19226000-7f5e19227000 r--p 00006000 fe:00 1305616                    /lib/x86_64-linux-gnu/libnss_compat-2.24.so
7f5e19227000-7f5e19228000 rw-p 00007000 fe:00 1305616                    /lib/x86_64-linux-gnu/libnss_compat-2.24.so
7f5e19228000-7f5e19253000 r-xp 00000000 fe:00 1183690                    /opt/java-jdk/jdk1.8.0_151/jre/lib/amd64/libjava.so
7f5e19253000-7f5e19452000 ---p 0002b000 fe:00 1183690                    /opt/java-jdk/jdk1.8.0_151/jre/lib/amd64/libjava.so
7f5e19452000-7f5e19454000 rw-p 0002a000 fe:00 1183690                    /opt/java-jdk/jdk1.8.0_151/jre/lib/amd64/libjava.so
7f5e19454000-7f5e19461000 r-xp 00000000 fe:00 1183695                    /opt/java-jdk/jdk1.8.0_151/jre/lib/amd64/libverify.so
7f5e19461000-7f5e19661000 ---p 0000d000 fe:00 1183695                    /opt/java-jdk/jdk1.8.0_151/jre/lib/amd64/libverify.so
7f5e19661000-7f5e19663000 rw-p 0000d000 fe:00 1183695                    /opt/java-jdk/jdk1.8.0_151/jre/lib/amd64/libverify.so
7f5e19663000-7f5e1966a000 r-xp 00000000 fe:00 1305625                    /lib/x86_64-linux-gnu/librt-2.24.so
7f5e1966a000-7f5e19869000 ---p 00007000 fe:00 1305625                    /lib/x86_64-linux-gnu/librt-2.24.so
7f5e19869000-7f5e1986a000 r--p 00006000 fe:00 1305625                    /lib/x86_64-linux-gnu/librt-2.24.so
7f5e1986a000-7f5e1986b000 rw-p 00007000 fe:00 1305625                    /lib/x86_64-linux-gnu/librt-2.24.so
7f5e1986b000-7f5e1996e000 r-xp 00000000 fe:00 1305612                    /lib/x86_64-linux-gnu/libm-2.24.so
7f5e1996e000-7f5e19b6d000 ---p 00103000 fe:00 1305612                    /lib/x86_64-linux-gnu/libm-2.24.so
7f5e19b6d000-7f5e19b6e000 r--p 00102000 fe:00 1305612                    /lib/x86_64-linux-gnu/libm-2.24.so
7f5e19b6e000-7f5e19b6f000 rw-p 00103000 fe:00 1305612                    /lib/x86_64-linux-gnu/libm-2.24.so
7f5e19b6f000-7f5e1a842000 r-xp 00000000 fe:00 1312866                    /opt/java-jdk/jdk1.8.0_151/jre/lib/amd64/server/libjvm.so
7f5e1a842000-7f5e1aa41000 ---p 00cd3000 fe:00 1312866                    /opt/java-jdk/jdk1.8.0_151/jre/lib/amd64/server/libjvm.so
7f5e1aa41000-7f5e1ab1b000 rw-p 00cd2000 fe:00 1312866                    /opt/java-jdk/jdk1.8.0_151/jre/lib/amd64/server/libjvm.so
7f5e1ab1b000-7f5e1ab66000 rw-p 00000000 00:00 0 
7f5e1ab66000-7f5e1acfb000 r-xp 00000000 fe:00 1305608                    /lib/x86_64-linux-gnu/libc-2.24.so
7f5e1acfb000-7f5e1aefb000 ---p 00195000 fe:00 1305608                    /lib/x86_64-linux-gnu/libc-2.24.so
7f5e1aefb000-7f5e1aeff000 r--p 00195000 fe:00 1305608                    /lib/x86_64-linux-gnu/libc-2.24.so
7f5e1aeff000-7f5e1af01000 rw-p 00199000 fe:00 1305608                    /lib/x86_64-linux-gnu/libc-2.24.so
7f5e1af01000-7f5e1af05000 rw-p 00000000 00:00 0 
7f5e1af05000-7f5e1af08000 r-xp 00000000 fe:00 1305611                    /lib/x86_64-linux-gnu/libdl-2.24.so
7f5e1af08000-7f5e1b107000 ---p 00003000 fe:00 1305611                    /lib/x86_64-linux-gnu/libdl-2.24.so
7f5e1b107000-7f5e1b108000 r--p 00002000 fe:00 1305611                    /lib/x86_64-linux-gnu/libdl-2.24.so
7f5e1b108000-7f5e1b109000 rw-p 00003000 fe:00 1305611                    /lib/x86_64-linux-gnu/libdl-2.24.so
7f5e1b109000-7f5e1b11f000 r-xp 00000000 fe:00 802619                     /opt/java-jdk/jdk1.8.0_151/lib/amd64/jli/libjli.so
7f5e1b11f000-7f5e1b31e000 ---p 00016000 fe:00 802619                     /opt/java-jdk/jdk1.8.0_151/lib/amd64/jli/libjli.so
7f5e1b31e000-7f5e1b31f000 rw-p 00015000 fe:00 802619                     /opt/java-jdk/jdk1.8.0_151/lib/amd64/jli/libjli.so
7f5e1b31f000-7f5e1b337000 r-xp 00000000 fe:00 1305623                    /lib/x86_64-linux-gnu/libpthread-2.24.so
7f5e1b337000-7f5e1b536000 ---p 00018000 fe:00 1305623                    /lib/x86_64-linux-gnu/libpthread-2.24.so
7f5e1b536000-7f5e1b537000 r--p 00017000 fe:00 1305623                    /lib/x86_64-linux-gnu/libpthread-2.24.so
7f5e1b537000-7f5e1b538000 rw-p 00018000 fe:00 1305623                    /lib/x86_64-linux-gnu/libpthread-2.24.so
7f5e1b538000-7f5e1b53c000 rw-p 00000000 00:00 0 
7f5e1b53c000-7f5e1b55f000 r-xp 00000000 fe:00 1305603                    /lib/x86_64-linux-gnu/ld-2.24.so
7f5e1b55f000-7f5e1b560000 r--s 00000000 fe:00 840                        /home/bzz/.m2/repository/org/springframework/boot/spring-boot-starter-web/2.1.4.RELEASE/spring-boot-starter-web-2.1.4.RELEASE.jar
7f5e1b560000-7f5e1b563000 r--s 0001a000 fe:00 1183716                    /opt/java-jdk/jdk1.8.0_151/jre/lib/jce.jar
7f5e1b563000-7f5e1b628000 rw-p 00000000 00:00 0 
7f5e1b628000-7f5e1b63c000 rw-p 00000000 00:00 0 
7f5e1b63c000-7f5e1b63f000 ---p 00000000 00:00 0 
7f5e1b63f000-7f5e1b73f000 rw-p 00000000 00:00 0 
7f5e1b73f000-7f5e1b752000 r--s 00345000 fe:00 1183644                    /opt/java-jdk/jdk1.8.0_151/jre/lib/resources.jar
7f5e1b752000-7f5e1b75a000 rw-s 00000000 fe:00 656494                     /tmp/hsperfdata_bzz/23958
7f5e1b75a000-7f5e1b75b000 rw-p 00000000 00:00 0 
7f5e1b75b000-7f5e1b75c000 r--p 00000000 00:00 0 
7f5e1b75c000-7f5e1b75f000 rw-p 00000000 00:00 0 
7f5e1b75f000-7f5e1b760000 r--p 00023000 fe:00 1305603                    /lib/x86_64-linux-gnu/ld-2.24.so
7f5e1b760000-7f5e1b761000 rw-p 00024000 fe:00 1305603                    /lib/x86_64-linux-gnu/ld-2.24.so
7f5e1b761000-7f5e1b762000 rw-p 00000000 00:00 0 
7ffe78146000-7ffe78169000 rw-p 00000000 00:00 0                          [stack]
7ffe781bd000-7ffe781bf000 r--p 00000000 00:00 0                          [vvar]
7ffe781bf000-7ffe781c1000 r-xp 00000000 00:00 0                          [vdso]
ffffffffff600000-ffffffffff601000 r-xp 00000000 00:00 0                  [vsyscall]

VM Arguments:
jvm_args: -Dfile.encoding=UTF-8 
java_command: modul.api.App
java_class_path (initial): /opt/java-jdk/jdk1.8.0_151/jre/lib/resources.jar:/opt/java-jdk/jdk1.8.0_151/jre/lib/rt.jar:/opt/java-jdk/jdk1.8.0_151/jre/lib/jsse.jar:/opt/java-jdk/jdk1.8.0_151/jre/lib/jce.jar:/opt/java-jdk/jdk1.8.0_151/jre/lib/charsets.jar:/opt/java-jdk/jdk1.8.0_151/jre/lib/jfr.jar:/opt/java-jdk/jdk1.8.0_151/jre/lib/ext/sunjce_provider.jar:/opt/java-jdk/jdk1.8.0_151/jre/lib/ext/zipfs.jar:/opt/java-jdk/jdk1.8.0_151/jre/lib/ext/jaccess.jar:/opt/java-jdk/jdk1.8.0_151/jre/lib/ext/localedata.jar:/opt/java-jdk/jdk1.8.0_151/jre/lib/ext/dnsns.jar:/opt/java-jdk/jdk1.8.0_151/jre/lib/ext/jfxrt.jar:/opt/java-jdk/jdk1.8.0_151/jre/lib/ext/sunec.jar:/opt/java-jdk/jdk1.8.0_151/jre/lib/ext/cldrdata.jar:/opt/java-jdk/jdk1.8.0_151/jre/lib/ext/sunpkcs11.jar:/opt/java-jdk/jdk1.8.0_151/jre/lib/ext/nashorn.jar:/home/bzz/workspace/jsf/api/target/classes:/home/bzz/.m2/repository/javax/servlet/javax.servlet-api/4.0.1/javax.servlet-api-4.0.1.jar:/home/bzz/.m2/repository/org/springframework/boot/spring-boot-starter-web/2.1.4.RELEASE/spring-boot-starter-web-2.1.4.RELEASE.jar:/home/bzz/.m2/repository/org/springframework/boot/spring-boot-starter/2.1.4.RELEASE/spring-boot-starter-2.1.4.RELEASE.jar:/home/bzz/.m2/repository/org/springframework/boot/spring-boot/2.1.4.RELEASE/spring-boot-2.1.4.RELEASE.jar:/home/bzz/.m2/repository/org/springframework/boot/spring-boot-autoconfigure/2.1.4.RELEASE/spring-boot-autoconfigure-2.1.4.RELEASE.jar:/home/bzz/.m2/repository/org/springframework/boot/spring-boot-starter-logging/2.1.4.RELEASE/spring-boot-starter-logging-2.1.4.RELEASE.jar:/home/bzz/.m2/repository/ch/qos/logback/logback-classic/1.2.3/logback-classic-1.2.3.jar:/home/bzz/.m2/repository/ch/qos/logback/logback-core/1.2.3/logback-core-1.2.3.jar:/home/bzz/.m2/repository/org/apache/logging/log4j/log4j-to-slf4j/2.11.2/log4j-to-slf4j-2.11.2.jar:/home/bzz/.m2/repository/org/apache/logging/log4j/log4j-api/2.11.2/log4j-api-2.11.2.jar:/home/bzz/.m2/repository/org/slf4j/jul-to-slf4j/1.7.26/jul-to-slf4
Launcher Type: SUN_STANDARD

Environment Variables:
PATH=/usr/local/bin:/usr/bin:/bin:/usr/local/games:/usr/games
SHELL=/bin/bash
DISPLAY=:0

Signal Handlers:
SIGSEGV: [libjvm.so+0xacbe10], sa_mask[0]=11111111011111111101111111111110, sa_flags=SA_RESTART|SA_SIGINFO
SIGBUS: [libjvm.so+0xacbe10], sa_mask[0]=11111111011111111101111111111110, sa_flags=SA_RESTART|SA_SIGINFO
SIGFPE: [libjvm.so+0x924f90], sa_mask[0]=11111111011111111101111111111110, sa_flags=SA_RESTART|SA_SIGINFO
SIGPIPE: [libjvm.so+0x924f90], sa_mask[0]=11111111011111111101111111111110, sa_flags=SA_RESTART|SA_SIGINFO
SIGXFSZ: [libjvm.so+0x924f90], sa_mask[0]=11111111011111111101111111111110, sa_flags=SA_RESTART|SA_SIGINFO
SIGILL: [libjvm.so+0x924f90], sa_mask[0]=11111111011111111101111111111110, sa_flags=SA_RESTART|SA_SIGINFO
SIGUSR1: SIG_DFL, sa_mask[0]=00000000000000000000000000000000, sa_flags=none
SIGUSR2: [libjvm.so+0x9267d0], sa_mask[0]=00100000000000000000000000000000, sa_flags=SA_RESTART|SA_SIGINFO
SIGHUP: [libjvm.so+0x927bd0], sa_mask[0]=11111111011111111101111111111110, sa_flags=SA_RESTART|SA_SIGINFO
SIGINT: [libjvm.so+0x927bd0], sa_mask[0]=11111111011111111101111111111110, sa_flags=SA_RESTART|SA_SIGINFO
SIGTERM: [libjvm.so+0x927bd0], sa_mask[0]=11111111011111111101111111111110, sa_flags=SA_RESTART|SA_SIGINFO
SIGQUIT: [libjvm.so+0x927bd0], sa_mask[0]=11111111011111111101111111111110, sa_flags=SA_RESTART|SA_SIGINFO


---------------  S Y S T E M  ---------------

OS:PRETTY_NAME="Debian GNU/Linux 9 (stretch)"
NAME="Debian GNU/Linux"
VERSION_ID="9"
VERSION="9 (stretch)"
ID=debian
HOME_URL="https://www.debian.org/"
SUPPORT_URL="https://www.debian.org/support"
BUG_REPORT_URL="https://bugs.debian.org/"

uname:Linux 4.9.0-4-amd64 #1 SMP Debian 4.9.65-3+deb9u1 (2017-12-23) x86_64
libc:glibc 2.24 NPTL 2.24 
rlimit: STACK 8192k, CORE 0k, NPROC 15658, NOFILE 1048576, AS infinity
load average:1.95 1.68 1.49

/proc/meminfo:
MemTotal:        4032220 kB
MemFree:           86820 kB
MemAvailable:          0 kB
Buffers:             816 kB
Cached:            72020 kB
SwapCached:         3664 kB
Active:          3135440 kB
Inactive:         631508 kB
Active(anon):    3129268 kB
Inactive(anon):   625940 kB
Active(file):       6172 kB
Inactive(file):     5568 kB
Unevictable:          40 kB
Mlocked:              40 kB
SwapTotal:        524284 kB
SwapFree:              0 kB
Dirty:               100 kB
Writeback:            32 kB
AnonPages:       3690656 kB
Mapped:            67176 kB
Shmem:             61024 kB
Slab:              62344 kB
SReclaimable:      19976 kB
SUnreclaim:        42368 kB
KernelStack:       13216 kB
PageTables:        49880 kB
NFS_Unstable:          0 kB
Bounce:                0 kB
WritebackTmp:          0 kB
CommitLimit:     2540392 kB
Committed_AS:    7194404 kB
VmallocTotal:   34359738367 kB
VmallocUsed:           0 kB
VmallocChunk:          0 kB
HardwareCorrupted:     0 kB
AnonHugePages:         0 kB
ShmemHugePages:        0 kB
ShmemPmdMapped:        0 kB
HugePages_Total:       0
HugePages_Free:        0
HugePages_Rsvd:        0
HugePages_Surp:        0
Hugepagesize:       2048 kB
DirectMap4k:      122752 kB
DirectMap2M:     4071424 kB
DirectMap1G:     2097152 kB


CPU:total 3 (initial active 3) (3 cores per cpu, 1 threads per core) family 6 model 158 stepping 9, cmov, cx8, fxsr, mmx, sse, sse2, sse3, ssse3, sse4.1, sse4.2, popcnt, avx, avx2, aes, clmul, erms, 3dnowpref, lzcnt, tsc, tscinvbit, bmi1, bmi2, adx

/proc/cpuinfo:
processor	: 0
vendor_id	: GenuineIntel
cpu family	: 6
model		: 158
model name	: Intel(R) Core(TM) i7-7700HQ CPU @ 2.80GHz
stepping	: 9
microcode	: 0xb4
cpu MHz		: 2807.532
cache size	: 6144 KB
physical id	: 0
siblings	: 3
core id		: 0
cpu cores	: 3
apicid		: 0
initial apicid	: 0
fpu		: yes
fpu_exception	: yes
cpuid level	: 22
wp		: yes
flags		: fpu vme de pse tsc msr pae mce cx8 apic sep mtrr pge mca cmov pat pse36 clflush mmx fxsr sse sse2 ss ht syscall nx pdpe1gb rdtscp lm constant_tsc arch_perfmon nopl xtopology tsc_reliable nonstop_tsc eagerfpu pni pclmulqdq ssse3 fma cx16 pcid sse4_1 sse4_2 x2apic movbe popcnt tsc_deadline_timer aes xsave avx f16c rdrand hypervisor lahf_lm abm 3dnowprefetch fsgsbase tsc_adjust bmi1 avx2 smep bmi2 invpcid mpx rdseed adx smap clflushopt xsaveopt xsavec xsaves arat
bugs		:
bogomips	: 5615.47
clflush size	: 64
cache_alignment	: 64
address sizes	: 43 bits physical, 48 bits virtual
power management:

processor	: 1
vendor_id	: GenuineIntel
cpu family	: 6
model		: 158
model name	: Intel(R) Core(TM) i7-7700HQ CPU @ 2.80GHz
stepping	: 9
microcode	: 0xb4
cpu MHz		: 2807.532
cache size	: 6144 KB
physical id	: 0
siblings	: 3
core id		: 1
cpu cores	: 3
apicid		: 1
initial apicid	: 1
fpu		: yes
fpu_exception	: yes
cpuid level	: 22
wp		: yes
flags		: fpu vme de pse tsc msr pae mce cx8 apic sep mtrr pge mca cmov pat pse36 clflush mmx fxsr sse sse2 ss ht syscall nx pdpe1gb rdtscp lm constant_tsc arch_perfmon nopl xtopology tsc_reliable nonstop_tsc eagerfpu pni pclmulqdq ssse3 fma cx16 pcid sse4_1 sse4_2 x2apic movbe popcnt tsc_deadline_timer aes xsave avx f16c rdrand hypervisor lahf_lm abm 3dnowprefetch fsgsbase tsc_adjust bmi1 avx2 smep bmi2 invpcid mpx rdseed adx smap clflushopt xsaveopt xsavec xsaves arat
bugs		:
bogomips	: 5615.47
clflush size	: 64
cache_alignment	: 64
address sizes	: 43 bits physical, 48 bits virtual
power management:

processor	: 2
vendor_id	: GenuineIntel
cpu family	: 6
model		: 158
model name	: Intel(R) Core(TM) i7-7700HQ CPU @ 2.80GHz
stepping	: 9
microcode	: 0xb4
cpu MHz		: 2807.532
cache size	: 6144 KB
physical id	: 0
siblings	: 3
core id		: 2
cpu cores	: 3
apicid		: 2
initial apicid	: 2
fpu		: yes
fpu_exception	: yes
cpuid level	: 22
wp		: yes
flags		: fpu vme de pse tsc msr pae mce cx8 apic sep mtrr pge mca cmov pat pse36 clflush mmx fxsr sse sse2 ss ht syscall nx pdpe1gb rdtscp lm constant_tsc arch_perfmon nopl xtopology tsc_reliable nonstop_tsc eagerfpu pni pclmulqdq ssse3 fma cx16 pcid sse4_1 sse4_2 x2apic movbe popcnt tsc_deadline_timer aes xsave avx f16c rdrand hypervisor lahf_lm abm 3dnowprefetch fsgsbase tsc_adjust bmi1 avx2 smep bmi2 invpcid mpx rdseed adx smap clflushopt xsaveopt xsavec xsaves arat
bugs		:
bogomips	: 5615.47
clflush size	: 64
cache_alignment	: 64
address sizes	: 43 bits physical, 48 bits virtual
power management:



Memory: 4k page, physical 4032220k(86820k free), swap 524284k(0k free)

vm_info: Java HotSpot(TM) 64-Bit Server VM (25.151-b12) for linux-amd64 JRE (1.8.0_151-b12), built on Sep  5 2017 19:20:58 by "java_re" with gcc 4.3.0 20080428 (Red Hat 4.3.0-8)

time: Thu Oct 31 10:24:48 2019
elapsed time: 8 seconds (0d 0h 0m 8s)

