#
# There is insufficient memory for the Java Runtime Environment to continue.
# Native memory allocation (mmap) failed to map 46661632 bytes for committing reserved memory.
# Possible reasons:
#   The system is out of physical RAM or swap space
#   In 32 bit mode, the process size limit was hit
# Possible solutions:
#   Reduce memory load on the system
#   Increase physical memory or swap space
#   Check if swap backing store is full
#   Use 64 bit Java on a 64 bit OS
#   Decrease Java heap size (-Xmx/-Xms)
#   Decrease number of Java threads
#   Decrease Java thread stack sizes (-Xss)
#   Set larger code cache with -XX:ReservedCodeCacheSize=
# This output file may be truncated or incomplete.
#
#  Out of Memory Error (os_linux.cpp:2640), pid=23918, tid=0x00007f5370afa700
#
# JRE version: Java(TM) SE Runtime Environment (8.0_151-b12) (build 1.8.0_151-b12)
# Java VM: Java HotSpot(TM) 64-Bit Server VM (25.151-b12 mixed mode linux-amd64 compressed oops)
# Failed to write core dump. Core dumps have been disabled. To enable core dumping, try "ulimit -c unlimited" before starting Java again
#

---------------  T H R E A D  ---------------

Current thread (0x00007f5380079000):  VMThread [stack: 0x00007f53709fa000,0x00007f5370afb000] [id=23927]

Stack: [0x00007f53709fa000,0x00007f5370afb000],  sp=0x00007f5370af90a0,  free space=1020k
Native frames: (J=compiled Java code, j=interpreted, Vv=VM code, C=native code)
V  [libjvm.so+0xacb58a]  VMError::report_and_die()+0x2ba
V  [libjvm.so+0x4ff4ab]  report_vm_out_of_memory(char const*, int, unsigned long, VMErrorType, char const*)+0x8b
V  [libjvm.so+0x928113]  os::Linux::commit_memory_impl(char*, unsigned long, bool)+0x103
V  [libjvm.so+0x928669]  os::pd_commit_memory(char*, unsigned long, unsigned long, bool)+0x29
V  [libjvm.so+0x92288a]  os::commit_memory(char*, unsigned long, unsigned long, bool)+0x2a
V  [libjvm.so+0x9973e3]  PSVirtualSpace::expand_by(unsigned long)+0x53
V  [libjvm.so+0x9987e8]  PSYoungGen::resize_generation(unsigned long, unsigned long)+0xf8
V  [libjvm.so+0x997942]  PSYoungGen::resize(unsigned long, unsigned long)+0x22
V  [libjvm.so+0x994c1b]  PSScavenge::invoke_no_policy()+0xf3b
V  [libjvm.so+0x9953a1]  PSScavenge::invoke()+0x41
V  [libjvm.so+0x94c0d0]  ParallelScavengeHeap::failed_mem_allocate(unsigned long)+0x70
V  [libjvm.so+0xaccfa7]  VM_ParallelGCFailedAllocation::doit()+0x97
V  [libjvm.so+0xad4a85]  VM_Operation::evaluate()+0x55
V  [libjvm.so+0xad2e5a]  VMThread::evaluate_operation(VM_Operation*)+0xba
V  [libjvm.so+0xad31de]  VMThread::loop()+0x1ce
V  [libjvm.so+0xad3650]  VMThread::run()+0x70
V  [libjvm.so+0x92a728]  java_start(Thread*)+0x108

VM_Operation (0x00007f5388ddb840): ParallelGCFailedAllocation, mode: safepoint, requested by thread 0x00007f538000d000


---------------  P R O C E S S  ---------------

Java Threads: ( => current thread )
  0x00007f5328001000 JavaThread "HikariPool-1 connection adder" daemon [_thread_blocked, id=23953, stack(0x00007f533819d000,0x00007f533829e000)]
  0x00007f5380bf6800 JavaThread "HikariPool-1 housekeeper" daemon [_thread_blocked, id=23951, stack(0x00007f533829e000,0x00007f533839f000)]
  0x00007f5380ab7800 JavaThread "Abandoned connection cleanup thread" daemon [_thread_blocked, id=23946, stack(0x00007f5338dfd000,0x00007f5338efe000)]
  0x00007f5380abf000 JavaThread "container-0" [_thread_blocked, id=23942, stack(0x00007f5338efe000,0x00007f5338fff000)]
  0x00007f5380abd000 JavaThread "ContainerBackgroundProcessor[StandardEngine[Tomcat]]" daemon [_thread_blocked, id=23941, stack(0x00007f5368027000,0x00007f5368128000)]
  0x00007f534036f000 JavaThread "localhost-startStop-1" daemon [_thread_blocked, id=23938, stack(0x00007f5368d32000,0x00007f5368e33000)]
  0x00007f5380abc000 JavaThread "Tomcat-startStop-1" daemon [_thread_blocked, id=23937, stack(0x00007f5369efa000,0x00007f5369ffb000)]
  0x00007f53800d1800 JavaThread "Service Thread" daemon [_thread_blocked, id=23933, stack(0x00007f5370259000,0x00007f537035a000)]
  0x00007f53800bc800 JavaThread "C1 CompilerThread1" daemon [_thread_blocked, id=23932, stack(0x00007f537035a000,0x00007f537045b000)]
  0x00007f53800ba000 JavaThread "C2 CompilerThread0" daemon [_thread_blocked, id=23931, stack(0x00007f537045b000,0x00007f537055c000)]
  0x00007f53800b8800 JavaThread "Signal Dispatcher" daemon [_thread_blocked, id=23930, stack(0x00007f537055c000,0x00007f537065d000)]
  0x00007f5380085800 JavaThread "Finalizer" daemon [_thread_blocked, id=23929, stack(0x00007f53707f8000,0x00007f53708f9000)]
  0x00007f5380080800 JavaThread "Reference Handler" daemon [_thread_blocked, id=23928, stack(0x00007f53708f9000,0x00007f53709fa000)]
  0x00007f538000d000 JavaThread "main" [_thread_blocked, id=23923, stack(0x00007f5388cdd000,0x00007f5388dde000)]

Other Threads:
=>0x00007f5380079000 VMThread [stack: 0x00007f53709fa000,0x00007f5370afb000] [id=23927]
  0x00007f53800e4800 WatcherThread [stack: 0x00007f5370158000,0x00007f5370259000] [id=23934]

VM state:at safepoint (normal execution)

VM Mutex/Monitor currently owned by a thread:  ([mutex/lock_event])
[0x00007f5380009830] Threads_lock - owner thread: 0x00007f5380079000
[0x00007f5380009d30] Heap_lock - owner thread: 0x00007f538000d000

Heap:
 PSYoungGen      total 147968K, used 12286K [0x00000000eb780000, 0x00000000f5780000, 0x0000000100000000)
  eden space 135680K, 0% used [0x00000000eb780000,0x00000000eb780000,0x00000000f3c00000)
  from space 12288K, 99% used [0x00000000f3c00000,0x00000000f47ff860,0x00000000f4800000)
  to   space 12288K, 0% used [0x00000000f4800000,0x00000000f4800000,0x00000000f5400000)
 ParOldGen       total 56832K, used 20562K [0x00000000c2600000, 0x00000000c5d80000, 0x00000000eb780000)
  object space 56832K, 36% used [0x00000000c2600000,0x00000000c3a149c0,0x00000000c5d80000)
 Metaspace       used 47885K, capacity 49434K, committed 49880K, reserved 1093632K
  class space    used 6264K, capacity 6565K, committed 6616K, reserved 1048576K

Card table byte_map: [0x00007f53858c1000,0x00007f5385aaf000] byte_map_base: 0x00007f53852ae000

Marking Bits: (ParMarkBitMap*) 0x00007f53881d9f80
 Begin Bits: [0x00007f536a130000, 0x00007f536b098000)
 End Bits:   [0x00007f536b098000, 0x00007f536c000000)

Polling page: 0x00007f5388dfc000

CodeCache: size=245760Kb used=13506Kb max_used=13506Kb free=232253Kb
 bounds [0x00007f5371000000, 0x00007f5371d40000, 0x00007f5380000000]
 total_blobs=4411 nmethods=3893 adapters=431
 compilation: enabled

Compilation events (10 events):
Event: 8.853 Thread 0x00007f53800bc800 4275       3       java.lang.invoke.Invokers::checkGenericType (16 bytes)
Event: 8.854 Thread 0x00007f53800bc800 nmethod 4275 0x00007f5371d35e50 code [0x00007f5371d35fe0, 0x00007f5371d365e8]
Event: 8.854 Thread 0x00007f53800bc800 4276       3       java.lang.invoke.Invokers::checkCustomized (20 bytes)
Event: 8.854 Thread 0x00007f53800bc800 nmethod 4276 0x00007f5371d3b990 code [0x00007f5371d3bb00, 0x00007f5371d3bda8]
Event: 8.854 Thread 0x00007f53800bc800 4277       3       jdk.internal.org.objectweb.asm.ClassWriter::visitEnd (1 bytes)
Event: 8.854 Thread 0x00007f53800bc800 nmethod 4277 0x00007f5371d22450 code [0x00007f5371d225a0, 0x00007f5371d226f0]
Event: 8.854 Thread 0x00007f53800bc800 4278       1       org.springframework.boot.web.servlet.context.ServletWebServerApplicationContext::getServletConfig (5 bytes)
Event: 8.854 Thread 0x00007f53800bc800 nmethod 4278 0x00007f5371d24fd0 code [0x00007f5371d25120, 0x00007f5371d25230]
Event: 8.854 Thread 0x00007f53800bc800 4279       1       org.springframework.web.context.support.ServletContextAwareProcessor::getServletConfig (5 bytes)
Event: 8.854 Thread 0x00007f53800bc800 nmethod 4279 0x00007f5371d35b90 code [0x00007f5371d35ce0, 0x00007f5371d35df0]

GC Heap History (10 events):
Event: 3.130 GC heap after
Heap after GC invocations=8 (full 1):
 PSYoungGen      total 70656K, used 3990K [0x00000000eb780000, 0x00000000f2880000, 0x0000000100000000)
  eden space 63488K, 0% used [0x00000000eb780000,0x00000000eb780000,0x00000000ef580000)
  from space 7168K, 55% used [0x00000000ef580000,0x00000000ef965a08,0x00000000efc80000)
  to   space 6656K, 0% used [0x00000000f2200000,0x00000000f2200000,0x00000000f2880000)
 ParOldGen       total 36864K, used 10156K [0x00000000c2600000, 0x00000000c4a00000, 0x00000000eb780000)
  object space 36864K, 27% used [0x00000000c2600000,0x00000000c2feb348,0x00000000c4a00000)
 Metaspace       used 23538K, capacity 24242K, committed 24448K, reserved 1071104K
  class space    used 3012K, capacity 3189K, committed 3200K, reserved 1048576K
}
Event: 4.361 GC heap before
{Heap before GC invocations=9 (full 1):
 PSYoungGen      total 70656K, used 67478K [0x00000000eb780000, 0x00000000f2880000, 0x0000000100000000)
  eden space 63488K, 100% used [0x00000000eb780000,0x00000000ef580000,0x00000000ef580000)
  from space 7168K, 55% used [0x00000000ef580000,0x00000000ef965a08,0x00000000efc80000)
  to   space 6656K, 0% used [0x00000000f2200000,0x00000000f2200000,0x00000000f2880000)
 ParOldGen       total 36864K, used 10156K [0x00000000c2600000, 0x00000000c4a00000, 0x00000000eb780000)
  object space 36864K, 27% used [0x00000000c2600000,0x00000000c2feb348,0x00000000c4a00000)
 Metaspace       used 29145K, capacity 30442K, committed 30720K, reserved 1075200K
  class space    used 3771K, capacity 4035K, committed 4096K, reserved 1048576K
Event: 4.380 GC heap after
Heap after GC invocations=9 (full 1):
 PSYoungGen      total 107008K, used 6643K [0x00000000eb780000, 0x00000000f2b80000, 0x0000000100000000)
  eden space 100352K, 0% used [0x00000000eb780000,0x00000000eb780000,0x00000000f1980000)
  from space 6656K, 99% used [0x00000000f2200000,0x00000000f287ced8,0x00000000f2880000)
  to   space 8704K, 0% used [0x00000000f1980000,0x00000000f1980000,0x00000000f2200000)
 ParOldGen       total 36864K, used 13206K [0x00000000c2600000, 0x00000000c4a00000, 0x00000000eb780000)
  object space 36864K, 35% used [0x00000000c2600000,0x00000000c32e5ba8,0x00000000c4a00000)
 Metaspace       used 29145K, capacity 30442K, committed 30720K, reserved 1075200K
  class space    used 3771K, capacity 4035K, committed 4096K, reserved 1048576K
}
Event: 5.464 GC heap before
{Heap before GC invocations=10 (full 1):
 PSYoungGen      total 107008K, used 106995K [0x00000000eb780000, 0x00000000f2b80000, 0x0000000100000000)
  eden space 100352K, 100% used [0x00000000eb780000,0x00000000f1980000,0x00000000f1980000)
  from space 6656K, 99% used [0x00000000f2200000,0x00000000f287ced8,0x00000000f2880000)
  to   space 8704K, 0% used [0x00000000f1980000,0x00000000f1980000,0x00000000f2200000)
 ParOldGen       total 36864K, used 13206K [0x00000000c2600000, 0x00000000c4a00000, 0x00000000eb780000)
  object space 36864K, 35% used [0x00000000c2600000,0x00000000c32e5ba8,0x00000000c4a00000)
 Metaspace       used 32827K, capacity 34168K, committed 34176K, reserved 1079296K
  class space    used 4199K, capacity 4480K, committed 4480K, reserved 1048576K
Event: 5.484 GC heap after
Heap after GC invocations=10 (full 1):
 PSYoungGen      total 109056K, used 8676K [0x00000000eb780000, 0x00000000f5400000, 0x0000000100000000)
  eden space 100352K, 0% used [0x00000000eb780000,0x00000000eb780000,0x00000000f1980000)
  from space 8704K, 99% used [0x00000000f1980000,0x00000000f21f9388,0x00000000f2200000)
  to   space 12288K, 0% used [0x00000000f4800000,0x00000000f4800000,0x00000000f5400000)
 ParOldGen       total 36864K, used 19837K [0x00000000c2600000, 0x00000000c4a00000, 0x00000000eb780000)
  object space 36864K, 53% used [0x00000000c2600000,0x00000000c395f540,0x00000000c4a00000)
 Metaspace       used 32827K, capacity 34168K, committed 34176K, reserved 1079296K
  class space    used 4199K, capacity 4480K, committed 4480K, reserved 1048576K
}
Event: 5.948 GC heap before
{Heap before GC invocations=11 (full 1):
 PSYoungGen      total 109056K, used 25550K [0x00000000eb780000, 0x00000000f5400000, 0x0000000100000000)
  eden space 100352K, 16% used [0x00000000eb780000,0x00000000ec7fa7b8,0x00000000f1980000)
  from space 8704K, 99% used [0x00000000f1980000,0x00000000f21f9388,0x00000000f2200000)
  to   space 12288K, 0% used [0x00000000f4800000,0x00000000f4800000,0x00000000f5400000)
 ParOldGen       total 36864K, used 19837K [0x00000000c2600000, 0x00000000c4a00000, 0x00000000eb780000)
  object space 36864K, 53% used [0x00000000c2600000,0x00000000c395f540,0x00000000c4a00000)
 Metaspace       used 33890K, capacity 35280K, committed 35416K, reserved 1079296K
  class space    used 4345K, capacity 4616K, committed 4696K, reserved 1048576K
Event: 5.967 GC heap after
Heap after GC invocations=11 (full 1):
 PSYoungGen      total 147968K, used 4094K [0x00000000eb780000, 0x00000000f5780000, 0x0000000100000000)
  eden space 135680K, 0% used [0x00000000eb780000,0x00000000eb780000,0x00000000f3c00000)
  from space 12288K, 33% used [0x00000000f4800000,0x00000000f4bff958,0x00000000f5400000)
  to   space 12288K, 0% used [0x00000000f3c00000,0x00000000f3c00000,0x00000000f4800000)
 ParOldGen       total 36864K, used 25698K [0x00000000c2600000, 0x00000000c4a00000, 0x00000000eb780000)
  object space 36864K, 69% used [0x00000000c2600000,0x00000000c3f188f8,0x00000000c4a00000)
 Metaspace       used 33890K, capacity 35280K, committed 35416K, reserved 1079296K
  class space    used 4345K, capacity 4616K, committed 4696K, reserved 1048576K
}
Event: 5.967 GC heap before
{Heap before GC invocations=12 (full 2):
 PSYoungGen      total 147968K, used 4094K [0x00000000eb780000, 0x00000000f5780000, 0x0000000100000000)
  eden space 135680K, 0% used [0x00000000eb780000,0x00000000eb780000,0x00000000f3c00000)
  from space 12288K, 33% used [0x00000000f4800000,0x00000000f4bff958,0x00000000f5400000)
  to   space 12288K, 0% used [0x00000000f3c00000,0x00000000f3c00000,0x00000000f4800000)
 ParOldGen       total 36864K, used 25698K [0x00000000c2600000, 0x00000000c4a00000, 0x00000000eb780000)
  object space 36864K, 69% used [0x00000000c2600000,0x00000000c3f188f8,0x00000000c4a00000)
 Metaspace       used 33890K, capacity 35280K, committed 35416K, reserved 1079296K
  class space    used 4345K, capacity 4616K, committed 4696K, reserved 1048576K
Event: 6.042 GC heap after
Heap after GC invocations=12 (full 2):
 PSYoungGen      total 147968K, used 0K [0x00000000eb780000, 0x00000000f5780000, 0x0000000100000000)
  eden space 135680K, 0% used [0x00000000eb780000,0x00000000eb780000,0x00000000f3c00000)
  from space 12288K, 0% used [0x00000000f4800000,0x00000000f4800000,0x00000000f5400000)
  to   space 12288K, 0% used [0x00000000f3c00000,0x00000000f3c00000,0x00000000f4800000)
 ParOldGen       total 56832K, used 17248K [0x00000000c2600000, 0x00000000c5d80000, 0x00000000eb780000)
  object space 56832K, 30% used [0x00000000c2600000,0x00000000c36d80a0,0x00000000c5d80000)
 Metaspace       used 33890K, capacity 35280K, committed 35416K, reserved 1079296K
  class space    used 4345K, capacity 4616K, committed 4696K, reserved 1048576K
}
Event: 8.861 GC heap before
{Heap before GC invocations=13 (full 2):
 PSYoungGen      total 147968K, used 135680K [0x00000000eb780000, 0x00000000f5780000, 0x0000000100000000)
  eden space 135680K, 100% used [0x00000000eb780000,0x00000000f3c00000,0x00000000f3c00000)
  from space 12288K, 0% used [0x00000000f4800000,0x00000000f4800000,0x00000000f5400000)
  to   space 12288K, 0% used [0x00000000f3c00000,0x00000000f3c00000,0x00000000f4800000)
 ParOldGen       total 56832K, used 17248K [0x00000000c2600000, 0x00000000c5d80000, 0x00000000eb780000)
  object space 56832K, 30% used [0x00000000c2600000,0x00000000c36d80a0,0x00000000c5d80000)
 Metaspace       used 47885K, capacity 49434K, committed 49880K, reserved 1093632K
  class space    used 6264K, capacity 6565K, committed 6616K, reserved 1048576K

Deoptimization events (10 events):
Event: 7.997 Thread 0x00007f5328001000 Uncommon trap: reason=predicate action=maybe_recompile pc=0x00007f53714373a8 method=java.util.regex.Pattern$SliceI.match(Ljava/util/regex/Matcher;ILjava/lang/CharSequence;)Z @ 21
Event: 8.559 Thread 0x00007f538000d000 Uncommon trap: reason=unstable_if action=reinterpret pc=0x00007f5371962510 method=java.lang.Class$MethodArray.addIfNotPresent(Ljava/lang/reflect/Method;)V @ 19
Event: 8.653 Thread 0x00007f538000d000 Uncommon trap: reason=unstable_if action=reinterpret pc=0x00007f5371631960 method=java.lang.String$CaseInsensitiveComparator.compare(Ljava/lang/String;Ljava/lang/String;)I @ 70
Event: 8.674 Thread 0x00007f538000d000 Uncommon trap: reason=predicate action=maybe_recompile pc=0x00007f5371cacad4 method=java.util.AbstractCollection.toArray([Ljava/lang/Object;)[Ljava/lang/Object; @ 49
Event: 8.681 Thread 0x00007f538000d000 Uncommon trap: reason=class_check action=maybe_recompile pc=0x00007f5371124280 method=org.springframework.beans.factory.support.AbstractBeanFactory.isTypeMatch(Ljava/lang/String;Lorg/springframework/core/ResolvableType;)Z @ 47
Event: 8.683 Thread 0x00007f538000d000 Uncommon trap: reason=class_check action=maybe_recompile pc=0x00007f5371124280 method=org.springframework.beans.factory.support.AbstractBeanFactory.isTypeMatch(Ljava/lang/String;Lorg/springframework/core/ResolvableType;)Z @ 47
Event: 8.686 Thread 0x00007f538000d000 Uncommon trap: reason=class_check action=maybe_recompile pc=0x00007f5371124280 method=org.springframework.beans.factory.support.AbstractBeanFactory.isTypeMatch(Ljava/lang/String;Lorg/springframework/core/ResolvableType;)Z @ 47
Event: 8.689 Thread 0x00007f538000d000 Uncommon trap: reason=class_check action=maybe_recompile pc=0x00007f5371124280 method=org.springframework.beans.factory.support.AbstractBeanFactory.isTypeMatch(Ljava/lang/String;Lorg/springframework/core/ResolvableType;)Z @ 47
Event: 8.725 Thread 0x00007f538000d000 Uncommon trap: reason=class_check action=maybe_recompile pc=0x00007f5371bfad50 method=org.springframework.core.annotation.AnnotationUtils.getAnnotatedMethodsInBaseType(Ljava/lang/Class;)Ljava/util/Set; @ 29
Event: 8.815 Thread 0x00007f538000d000 Uncommon trap: reason=unstable_if action=reinterpret pc=0x00007f5371bf7fe0 method=org.springframework.core.annotation.AnnotationUtils.getAnnotatedMethodsInBaseType(Ljava/lang/Class;)Ljava/util/Set; @ 100

Internal exceptions (10 events):
Event: 8.676 Thread 0x00007f538000d000 Exception <a 'java/lang/ClassNotFoundException': org/springframework/web/servlet/config/annotation/WebMvcConfigurationSupportCustomizer> (0x00000000f33261c0) thrown at [/HUDSON/workspace/8-2-build-linux-amd64/jdk8u151/9699/hotspot/src/share/vm/classfile/s
Event: 8.677 Thread 0x00007f538000d000 Exception <a 'java/lang/ClassNotFoundException': org/springframework/web/servlet/config/annotation/DelegatingWebMvcConfigurationCustomizer> (0x00000000f33527e0) thrown at [/HUDSON/workspace/8-2-build-linux-amd64/jdk8u151/9699/hotspot/src/share/vm/classfil
Event: 8.677 Thread 0x00007f538000d000 Exception <a 'java/lang/ClassNotFoundException': org/springframework/web/servlet/config/annotation/DelegatingWebMvcConfiguration$$EnhancerBySpringCGLIB$$46d8fd5aCustomizer> (0x00000000f337a208) thrown at [/HUDSON/workspace/8-2-build-linux-amd64/jdk8u151/9
Event: 8.678 Thread 0x00007f538000d000 Exception <a 'java/lang/ClassNotFoundException': org/springframework/context/annotation/ConfigurationClassEnhancer$EnhancedConfigurationCustomizer> (0x00000000f33b6110) thrown at [/HUDSON/workspace/8-2-build-linux-amd64/jdk8u151/9699/hotspot/src/share/vm/
Event: 8.679 Thread 0x00007f538000d000 Exception <a 'java/lang/ClassNotFoundException': org/springframework/beans/factory/BeanFactoryAwareCustomizer> (0x00000000f33ca4b0) thrown at [/HUDSON/workspace/8-2-build-linux-amd64/jdk8u151/9699/hotspot/src/share/vm/classfile/systemDictionary.cpp, line 
Event: 8.679 Thread 0x00007f538000d000 Exception <a 'java/lang/ClassNotFoundException': org/springframework/beans/factory/AwareCustomizer> (0x00000000f33dd138) thrown at [/HUDSON/workspace/8-2-build-linux-amd64/jdk8u151/9699/hotspot/src/share/vm/classfile/systemDictionary.cpp, line 210]
Event: 8.679 Thread 0x00007f538000d000 Exception <a 'java/lang/ClassNotFoundException': org/springframework/context/ApplicationContextAwareCustomizer> (0x00000000f33f17f0) thrown at [/HUDSON/workspace/8-2-build-linux-amd64/jdk8u151/9699/hotspot/src/share/vm/classfile/systemDictionary.cpp, line
Event: 8.680 Thread 0x00007f538000d000 Exception <a 'java/lang/ClassNotFoundException': org/springframework/beans/factory/AwareCustomizer> (0x00000000f3404450) thrown at [/HUDSON/workspace/8-2-build-linux-amd64/jdk8u151/9699/hotspot/src/share/vm/classfile/systemDictionary.cpp, line 210]
Event: 8.680 Thread 0x00007f538000d000 Exception <a 'java/lang/ClassNotFoundException': org/springframework/web/context/ServletContextAwareCustomizer> (0x00000000f3418a98) thrown at [/HUDSON/workspace/8-2-build-linux-amd64/jdk8u151/9699/hotspot/src/share/vm/classfile/systemDictionary.cpp, line
Event: 8.680 Thread 0x00007f538000d000 Exception <a 'java/lang/ClassNotFoundException': org/springframework/beans/factory/AwareCustomizer> (0x00000000f342b168) thrown at [/HUDSON/workspace/8-2-build-linux-amd64/jdk8u151/9699/hotspot/src/share/vm/classfile/systemDictionary.cpp, line 210]

Events (10 events):
Event: 8.856 loading class org/springframework/web/servlet/mvc/condition/RequestCondition done
Event: 8.856 loading class org/springframework/web/bind/annotation/CrossOrigin
Event: 8.856 loading class org/springframework/web/bind/annotation/CrossOrigin done
Event: 8.857 loading class org/springframework/web/servlet/handler/RequestMatchResult
Event: 8.857 loading class org/springframework/web/servlet/handler/RequestMatchResult done
Event: 8.857 loading class org/springframework/web/servlet/handler/MappedInterceptor
Event: 8.857 loading class org/springframework/web/servlet/handler/MappedInterceptor done
Event: 8.858 loading class org/springframework/context/support/MessageSourceAccessor
Event: 8.858 loading class org/springframework/context/support/MessageSourceAccessor done
Event: 8.860 Executing VM operation: ParallelGCFailedAllocation


Dynamic libraries:
00400000-00401000 r-xp 00000000 fe:00 801902                             /opt/java-jdk/jdk1.8.0_151/bin/java
00600000-00601000 rw-p 00000000 fe:00 801902                             /opt/java-jdk/jdk1.8.0_151/bin/java
01de9000-01e0a000 rw-p 00000000 00:00 0                                  [heap]
c2600000-c5d80000 rw-p 00000000 00:00 0 
c5d80000-eb780000 ---p 00000000 00:00 0 
eb780000-f5780000 rw-p 00000000 00:00 0 
f8400000-100000000 ---p 00000000 00:00 0 
100000000-100676000 rw-p 00000000 00:00 0 
100676000-140000000 ---p 00000000 00:00 0 
7f531c000000-7f531c021000 rw-p 00000000 00:00 0 
7f531c021000-7f5320000000 ---p 00000000 00:00 0 
7f5323800000-7f5323840000 rw-p 00000000 00:00 0 
7f5323840000-7f5323a00000 ---p 00000000 00:00 0 
7f5323a00000-7f5323c00000 rw-p 00000000 00:00 0 
7f5323c00000-7f5323e00000 rw-p 00000000 00:00 0 
7f5323e00000-7f5324000000 rw-p 00000000 00:00 0 
7f5324000000-7f5324021000 rw-p 00000000 00:00 0 
7f5324021000-7f5328000000 ---p 00000000 00:00 0 
7f5328000000-7f5328021000 rw-p 00000000 00:00 0 
7f5328021000-7f532c000000 ---p 00000000 00:00 0 
7f532c000000-7f532c021000 rw-p 00000000 00:00 0 
7f532c021000-7f5330000000 ---p 00000000 00:00 0 
7f5330000000-7f5330021000 rw-p 00000000 00:00 0 
7f5330021000-7f5334000000 ---p 00000000 00:00 0 
7f5334000000-7f53341a7000 rw-p 00000000 00:00 0 
7f53341a7000-7f5338000000 ---p 00000000 00:00 0 
7f533819d000-7f53381a0000 ---p 00000000 00:00 0 
7f53381a0000-7f533829e000 rw-p 00000000 00:00 0 
7f533829e000-7f53382a1000 ---p 00000000 00:00 0 
7f53382a1000-7f533839f000 rw-p 00000000 00:00 0 
7f533839f000-7f533859f000 rw-p 00000000 00:00 0 
7f533859f000-7f53385b5000 r-xp 00000000 fe:00 1305707                    /lib/x86_64-linux-gnu/libgcc_s.so.1
7f53385b5000-7f53387b4000 ---p 00016000 fe:00 1305707                    /lib/x86_64-linux-gnu/libgcc_s.so.1
7f53387b4000-7f53387b5000 r--p 00015000 fe:00 1305707                    /lib/x86_64-linux-gnu/libgcc_s.so.1
7f53387b5000-7f53387b6000 rw-p 00016000 fe:00 1305707                    /lib/x86_64-linux-gnu/libgcc_s.so.1
7f53387b6000-7f53387e8000 r-xp 00000000 fe:00 1183656                    /opt/java-jdk/jdk1.8.0_151/jre/lib/amd64/libsunec.so
7f53387e8000-7f53389e7000 ---p 00032000 fe:00 1183656                    /opt/java-jdk/jdk1.8.0_151/jre/lib/amd64/libsunec.so
7f53389e7000-7f53389ed000 rw-p 00031000 fe:00 1183656                    /opt/java-jdk/jdk1.8.0_151/jre/lib/amd64/libsunec.so
7f53389ed000-7f5338bfd000 rw-p 00000000 00:00 0 
7f5338bfd000-7f5338dfd000 rw-p 00000000 00:00 0 
7f5338dfd000-7f5338e00000 ---p 00000000 00:00 0 
7f5338e00000-7f5338efe000 rw-p 00000000 00:00 0 
7f5338efe000-7f5338f01000 ---p 00000000 00:00 0 
7f5338f01000-7f533c000000 rw-p 00000000 00:00 0 
7f533c000000-7f533c021000 rw-p 00000000 00:00 0 
7f533c021000-7f5340000000 ---p 00000000 00:00 0 
7f5340000000-7f534038b000 rw-p 00000000 00:00 0 
7f534038b000-7f5344000000 ---p 00000000 00:00 0 
7f5344000000-7f5344d62000 rw-p 00000000 00:00 0 
7f5344d62000-7f5348000000 ---p 00000000 00:00 0 
7f5348000000-7f5348021000 rw-p 00000000 00:00 0 
7f5348021000-7f534c000000 ---p 00000000 00:00 0 
7f534c000000-7f534c021000 rw-p 00000000 00:00 0 
7f534c021000-7f5350000000 ---p 00000000 00:00 0 
7f5350000000-7f5351792000 rw-p 00000000 00:00 0 
7f5351792000-7f5354000000 ---p 00000000 00:00 0 
7f5354000000-7f5354021000 rw-p 00000000 00:00 0 
7f5354021000-7f5358000000 ---p 00000000 00:00 0 
7f5358000000-7f5358021000 rw-p 00000000 00:00 0 
7f5358021000-7f535c000000 ---p 00000000 00:00 0 
7f535c000000-7f535c024000 rw-p 00000000 00:00 0 
7f535c024000-7f5360000000 ---p 00000000 00:00 0 
7f5360000000-7f536029f000 rw-p 00000000 00:00 0 
7f536029f000-7f5364000000 ---p 00000000 00:00 0 
7f5364000000-7f5364021000 rw-p 00000000 00:00 0 
7f5364021000-7f5368000000 ---p 00000000 00:00 0 
7f536801d000-7f5368022000 r--s 0003e000 fe:00 1441800                    /opt/java-jdk/jdk1.8.0_151/jre/lib/ext/sunjce_provider.jar
7f5368022000-7f5368024000 r--s 00009000 fe:00 1441790                    /opt/java-jdk/jdk1.8.0_151/jre/lib/ext/sunec.jar
7f5368024000-7f5368027000 r--s 0001a000 fe:00 1183716                    /opt/java-jdk/jdk1.8.0_151/jre/lib/jce.jar
7f5368027000-7f536802a000 ---p 00000000 00:00 0 
7f536802a000-7f5368128000 rw-p 00000000 00:00 0 
7f5368128000-7f5368328000 rw-p 00000000 00:00 0 
7f5368328000-7f536832d000 r--s 002f9000 fe:00 1183633                    /opt/java-jdk/jdk1.8.0_151/jre/lib/charsets.jar
7f536832d000-7f536852d000 rw-p 00000000 00:00 0 
7f536852d000-7f5368532000 r--s 0009a000 fe:00 1183645                    /opt/java-jdk/jdk1.8.0_151/jre/lib/jsse.jar
7f5368532000-7f5368732000 rw-p 00000000 00:00 0 
7f5368732000-7f5368932000 rw-p 00000000 00:00 0 
7f5368932000-7f5368b32000 rw-p 00000000 00:00 0 
7f5368b32000-7f5368d32000 rw-p 00000000 00:00 0 
7f5368d32000-7f5368d35000 ---p 00000000 00:00 0 
7f5368d35000-7f5368e33000 rw-p 00000000 00:00 0 
7f5368e33000-7f5369033000 rw-p 00000000 00:00 0 
7f5369033000-7f5369044000 r-xp 00000000 fe:00 1183703                    /opt/java-jdk/jdk1.8.0_151/jre/lib/amd64/libnio.so
7f5369044000-7f5369243000 ---p 00011000 fe:00 1183703                    /opt/java-jdk/jdk1.8.0_151/jre/lib/amd64/libnio.so
7f5369243000-7f5369244000 rw-p 00010000 fe:00 1183703                    /opt/java-jdk/jdk1.8.0_151/jre/lib/amd64/libnio.so
7f5369244000-7f5369444000 rw-p 00000000 00:00 0 
7f5369444000-7f5369644000 rw-p 00000000 00:00 0 
7f5369644000-7f5369844000 rw-p 00000000 00:00 0 
7f5369844000-7f536985b000 r-xp 00000000 fe:00 1183700                    /opt/java-jdk/jdk1.8.0_151/jre/lib/amd64/libnet.so
7f536985b000-7f5369a5a000 ---p 00017000 fe:00 1183700                    /opt/java-jdk/jdk1.8.0_151/jre/lib/amd64/libnet.so
7f5369a5a000-7f5369a5b000 rw-p 00016000 fe:00 1183700                    /opt/java-jdk/jdk1.8.0_151/jre/lib/amd64/libnet.so
7f5369a5b000-7f5369a64000 r-xp 00000000 fe:00 1183708                    /opt/java-jdk/jdk1.8.0_151/jre/lib/amd64/libmanagement.so
7f5369a64000-7f5369c63000 ---p 00009000 fe:00 1183708                    /opt/java-jdk/jdk1.8.0_151/jre/lib/amd64/libmanagement.so
7f5369c63000-7f5369c64000 rw-p 00008000 fe:00 1183708                    /opt/java-jdk/jdk1.8.0_151/jre/lib/amd64/libmanagement.so
7f5369c64000-7f5369cfa000 r--s 01110000 fe:00 1441793                    /opt/java-jdk/jdk1.8.0_151/jre/lib/ext/jfxrt.jar
7f5369cfa000-7f5369efa000 rw-p 00000000 00:00 0 
7f5369efa000-7f5369efd000 ---p 00000000 00:00 0 
7f5369efd000-7f5369ffb000 rw-p 00000000 00:00 0 
7f5369ffb000-7f536a005000 r--s 00116000 fe:00 1441799                    /opt/java-jdk/jdk1.8.0_151/jre/lib/ext/localedata.jar
7f536a005000-7f536a00c000 r--s 00000000 fe:00 393953                     /usr/lib/x86_64-linux-gnu/gconv/gconv-modules.cache
7f536a00c000-7f536a032000 r--p 00000000 fe:00 397017                     /usr/share/locale/de/LC_MESSAGES/libc.mo
7f536a032000-7f536a03c000 r--s 0005c000 fe:00 155                        /home/bzz/.m2/repository/javax/servlet/jstl/1.2/jstl-1.2.jar
7f536a03c000-7f536a04f000 r--s 00244000 fe:00 1090                       /home/bzz/.m2/repository/org/eclipse/jdt/ecj/3.12.3/ecj-3.12.3.jar
7f536a04f000-7f536a054000 r--s 00038000 fe:00 1085                       /home/bzz/.m2/repository/org/apache/tomcat/embed/tomcat-embed-el/8.5.37/tomcat-embed-el-8.5.37.jar
7f536a054000-7f536a056000 r--s 00002000 fe:00 167                        /home/bzz/.m2/repository/org/apache/tomcat/tomcat-annotations-api/8.5.37/tomcat-annotations-api-8.5.37.jar
7f536a056000-7f536a080000 r--s 002d8000 fe:00 1083                       /home/bzz/.m2/repository/org/apache/tomcat/embed/tomcat-embed-core/8.5.37/tomcat-embed-core-8.5.37.jar
7f536a080000-7f536a089000 r--s 00097000 fe:00 165                        /home/bzz/.m2/repository/org/apache/tomcat/embed/tomcat-embed-jasper/8.5.37/tomcat-embed-jasper-8.5.37.jar
7f536a089000-7f536a093000 r--s 000ec000 fe:00 1060                       /home/bzz/.m2/repository/mysql/mysql-connector-java/5.1.46/mysql-connector-java-5.1.46.jar
7f536a093000-7f536a09c000 r--s 00058000 fe:00 1177387                    /home/bzz/.m2/repository/taglibs/standard/1.1.2/standard-1.1.2.jar
7f536a09c000-7f536a0a6000 r--s 0005c000 fe:00 1177385                    /home/bzz/.m2/repository/jstl/jstl/1.2/jstl-1.2.jar
7f536a0a6000-7f536a0a8000 r--s 0000a000 fe:00 1015                       /home/bzz/.m2/repository/org/springframework/spring-aspects/5.1.6.RELEASE/spring-aspects-5.1.6.RELEASE.jar
7f536a0a8000-7f536a0aa000 r--s 00009000 fe:00 854                        /home/bzz/.m2/repository/org/slf4j/slf4j-api/1.7.26/slf4j-api-1.7.26.jar
7f536a0aa000-7f536a0b2000 r--s 00037000 fe:00 1013                       /home/bzz/.m2/repository/org/springframework/spring-tx/5.1.6.RELEASE/spring-tx-5.1.6.RELEASE.jar
7f536a0b2000-7f536a0b6000 r--s 0002d000 fe:00 1011                       /home/bzz/.m2/repository/org/springframework/spring-orm/5.1.6.RELEASE/spring-orm-5.1.6.RELEASE.jar
7f536a0b6000-7f536a0ce000 r--s 00106000 fe:00 1708246                    /home/bzz/.m2/repository/org/springframework/data/spring-data-commons/2.1.6.RELEASE/spring-data-commons-2.1.6.RELEASE.jar
7f536a0ce000-7f536a0d6000 r--s 0004f000 fe:00 1452741                    /home/bzz/.m2/repository/org/springframework/data/spring-data-jpa/2.1.6.RELEASE/spring-data-jpa-2.1.6.RELEASE.jar
7f536a0d6000-7f536a0d9000 r--s 00010000 fe:00 1009                       /home/bzz/.m2/repository/org/hibernate/common/hibernate-commons-annotations/5.0.4.Final/hibernate-commons-annotations-5.0.4.Final.jar
7f536a0d9000-7f536a0de000 r--s 0004b000 fe:00 1007                       /home/bzz/.m2/repository/org/dom4j/dom4j/2.1.1/dom4j-2.1.1.jar
7f536a0de000-7f536a125000 r--s 002da000 fe:00 1001                       /home/bzz/.m2/repository/net/bytebuddy/byte-buddy/1.9.12/byte-buddy-1.9.12.jar
7f536a125000-7f536a130000 r--s 000b2000 fe:00 999                        /home/bzz/.m2/repository/org/javassist/javassist/3.23.1-GA/javassist-3.23.1-GA.jar
7f536a130000-7f536c000000 rw-p 00000000 00:00 0 
7f536c000000-7f536c026000 rw-p 00000000 00:00 0 
7f536c026000-7f5370000000 ---p 00000000 00:00 0 
7f5370000000-7f5370003000 r--s 0002b000 fe:00 1005                       /home/bzz/.m2/repository/org/jboss/jandex/2.0.5.Final/jandex-2.0.5.Final.jar
7f5370003000-7f5370008000 r--s 00068000 fe:00 1003                       /home/bzz/.m2/repository/antlr/antlr/2.7.7/antlr-2.7.7.jar
7f5370008000-7f537000e000 r--s 00023000 fe:00 997                        /home/bzz/.m2/repository/javax/persistence/javax.persistence-api/2.2/javax.persistence-api-2.2.jar
7f537000e000-7f5370091000 r--s 00626000 fe:00 1835970                    /home/bzz/.m2/repository/org/hibernate/hibernate-core/5.3.9.Final/hibernate-core-5.3.9.Final.jar
7f5370091000-7f5370093000 r--s 0000c000 fe:00 1708244                    /home/bzz/.m2/repository/javax/activation/javax.activation-api/1.2.0/javax.activation-api-1.2.0.jar
7f5370093000-7f5370097000 r--s 0001c000 fe:00 1574645                    /home/bzz/.m2/repository/javax/xml/bind/jaxb-api/2.3.1/jaxb-api-2.3.1.jar
7f5370097000-7f5370098000 r--s 00006000 fe:00 1452739                    /home/bzz/.m2/repository/javax/transaction/javax.transaction-api/1.3/javax.transaction-api-1.3.jar
7f5370098000-7f53700a1000 r--s 0005a000 fe:00 995                        /home/bzz/.m2/repository/org/springframework/spring-jdbc/5.1.6.RELEASE/spring-jdbc-5.1.6.RELEASE.jar
7f53700a1000-7f53700a5000 r--s 00020000 fe:00 1307995                    /home/bzz/.m2/repository/com/zaxxer/HikariCP/3.2.0/HikariCP-3.2.0.jar
7f53700a5000-7f53700a6000 r--s 00000000 fe:00 993                        /home/bzz/.m2/repository/org/springframework/boot/spring-boot-starter-jdbc/2.1.4.RELEASE/spring-boot-starter-jdbc-2.1.4.RELEASE.jar
7f53700a6000-7f53700bf000 r--s 001de000 fe:00 991                        /home/bzz/.m2/repository/org/aspectj/aspectjweaver/1.9.2/aspectjweaver-1.9.2.jar
7f53700bf000-7f53700c0000 r--s 00000000 fe:00 989                        /home/bzz/.m2/repository/org/springframework/boot/spring-boot-starter-aop/2.1.4.RELEASE/spring-boot-starter-aop-2.1.4.RELEASE.jar
7f53700c0000-7f53700c1000 r--s 00000000 fe:00 987                        /home/bzz/.m2/repository/org/springframework/boot/spring-boot-starter-data-jpa/2.1.4.RELEASE/spring-boot-starter-data-jpa-2.1.4.RELEASE.jar
7f53700c1000-7f53700c6000 r--s 00040000 fe:00 892                        /home/bzz/.m2/repository/org/springframework/spring-expression/5.1.6.RELEASE/spring-expression-5.1.6.RELEASE.jar
7f53700c6000-7f53700e0000 r--s 000f3000 fe:00 890                        /home/bzz/.m2/repository/org/springframework/spring-context/5.1.6.RELEASE/spring-context-5.1.6.RELEASE.jar
7f53700e0000-7f53700ea000 r--s 00051000 fe:00 888                        /home/bzz/.m2/repository/org/springframework/spring-aop/5.1.6.RELEASE/spring-aop-5.1.6.RELEASE.jar
7f53700ea000-7f53700f9000 r--s 000b5000 fe:00 886                        /home/bzz/.m2/repository/org/springframework/spring-webmvc/5.1.6.RELEASE/spring-webmvc-5.1.6.RELEASE.jar
7f53700f9000-7f5370106000 r--s 00098000 fe:00 884                        /home/bzz/.m2/repository/org/springframework/spring-beans/5.1.6.RELEASE/spring-beans-5.1.6.RELEASE.jar
7f5370106000-7f5370122000 r--s 00137000 fe:00 882                        /home/bzz/.m2/repository/org/springframework/spring-web/5.1.6.RELEASE/spring-web-5.1.6.RELEASE.jar
7f5370122000-7f5370124000 r--s 0000f000 fe:00 1574627                    /home/bzz/.m2/repository/com/fasterxml/classmate/1.4.0/classmate-1.4.0.jar
7f5370124000-7f5370126000 r--s 0000f000 fe:00 1448391                    /home/bzz/.m2/repository/org/jboss/logging/jboss-logging/3.3.2.Final/jboss-logging-3.3.2.Final.jar
7f5370126000-7f537012b000 r--s 00012000 fe:00 1448387                    /home/bzz/.m2/repository/javax/validation/validation-api/2.0.1.Final/validation-api-2.0.1.Final.jar
7f537012b000-7f5370148000 r--s 000fe000 fe:00 1452725                    /home/bzz/.m2/repository/org/hibernate/validator/hibernate-validator/6.0.16.Final/hibernate-validator-6.0.16.Final.jar
7f5370148000-7f537014d000 r--s 0003a000 fe:00 1087                       /home/bzz/.m2/repository/org/apache/tomcat/embed/tomcat-embed-websocket/8.5.37/tomcat-embed-websocket-8.5.37.jar
7f537014d000-7f537014f000 r--s 00001000 fe:00 872                        /home/bzz/.m2/repository/com/fasterxml/jackson/module/jackson-module-parameter-names/2.9.8/jackson-module-parameter-names-2.9.8.jar
7f537014f000-7f5370152000 r--s 00016000 fe:00 870                        /home/bzz/.m2/repository/com/fasterxml/jackson/datatype/jackson-datatype-jsr310/2.9.8/jackson-datatype-jsr310-2.9.8.jar
7f5370152000-7f5370154000 r--s 00007000 fe:00 868                        /home/bzz/.m2/repository/com/fasterxml/jackson/datatype/jackson-datatype-jdk8/2.9.8/jackson-datatype-jdk8-2.9.8.jar
7f5370154000-7f5370158000 r--s 0004c000 fe:00 866                        /home/bzz/.m2/repository/com/fasterxml/jackson/core/jackson-core/2.9.8/jackson-core-2.9.8.jar
7f5370158000-7f5370159000 ---p 00000000 00:00 0 
7f5370159000-7f5370259000 rw-p 00000000 00:00 0 
7f5370259000-7f537025c000 ---p 00000000 00:00 0 
7f537025c000-7f537035a000 rw-p 00000000 00:00 0 
7f537035a000-7f537035d000 ---p 00000000 00:00 0 
7f537035d000-7f537045b000 rw-p 00000000 00:00 0 
7f537045b000-7f537045e000 ---p 00000000 00:00 0 
7f537045e000-7f537055c000 rw-p 00000000 00:00 0 
7f537055c000-7f537055f000 ---p 00000000 00:00 0 
7f537055f000-7f537065d000 rw-p 00000000 00:00 0 
7f537065d000-7f53707f8000 r--p 00000000 fe:00 392923                     /usr/lib/locale/locale-archive
7f53707f8000-7f53707fb000 ---p 00000000 00:00 0 
7f53707fb000-7f53708f9000 rw-p 00000000 00:00 0 
7f53708f9000-7f53708fc000 ---p 00000000 00:00 0 
7f53708fc000-7f53709fa000 rw-p 00000000 00:00 0 
7f53709fa000-7f53709fb000 ---p 00000000 00:00 0 
7f53709fb000-7f5371000000 rw-p 00000000 00:00 0 
7f5371000000-7f5371d40000 rwxp 00000000 00:00 0 
7f5371d40000-7f5380000000 ---p 00000000 00:00 0 
7f5380000000-7f5380f9b000 rw-p 00000000 00:00 0 
7f5380f9b000-7f5384000000 ---p 00000000 00:00 0 
7f5384000000-7f5384001000 r--s 00000000 fe:00 874                        /home/bzz/.m2/repository/org/springframework/boot/spring-boot-starter-tomcat/2.1.4.RELEASE/spring-boot-starter-tomcat-2.1.4.RELEASE.jar
7f5384001000-7f5384004000 r--s 0000e000 fe:00 864                        /home/bzz/.m2/repository/com/fasterxml/jackson/core/jackson-annotations/2.9.0/jackson-annotations-2.9.0.jar
7f5384004000-7f5384016000 r--s 00137000 fe:00 1708225                    /home/bzz/.m2/repository/com/fasterxml/jackson/core/jackson-databind/2.9.8/jackson-databind-2.9.8.jar
7f5384016000-7f5384017000 r--s 00000000 fe:00 862                        /home/bzz/.m2/repository/org/springframework/boot/spring-boot-starter-json/2.1.4.RELEASE/spring-boot-starter-json-2.1.4.RELEASE.jar
7f5384017000-7f538401e000 r--s 00043000 fe:00 860                        /home/bzz/.m2/repository/org/yaml/snakeyaml/1.23/snakeyaml-1.23.jar
7f538401e000-7f538401f000 r--s 00005000 fe:00 1835959                    /home/bzz/.m2/repository/org/springframework/spring-jcl/5.1.6.RELEASE/spring-jcl-5.1.6.RELEASE.jar
7f538401f000-7f5384037000 r--s 00124000 fe:00 1835957                    /home/bzz/.m2/repository/org/springframework/spring-core/5.1.6.RELEASE/spring-core-5.1.6.RELEASE.jar
7f5384037000-7f5384039000 r--s 00005000 fe:00 1574625                    /home/bzz/.m2/repository/javax/annotation/javax.annotation-api/1.3.2/javax.annotation-api-1.3.2.jar
7f5384039000-7f538403b000 r--s 00000000 fe:00 1177352                    /home/bzz/.m2/repository/org/slf4j/jul-to-slf4j/1.7.26/jul-to-slf4j-1.7.26.jar
7f538403b000-7f5384041000 r--s 0003c000 fe:00 858                        /home/bzz/.m2/repository/org/apache/logging/log4j/log4j-api/2.11.2/log4j-api-2.11.2.jar
7f5384041000-7f5384043000 r--s 00003000 fe:00 856                        /home/bzz/.m2/repository/org/apache/logging/log4j/log4j-to-slf4j/2.11.2/log4j-to-slf4j-2.11.2.jar
7f5384043000-7f538404e000 r--s 00069000 fe:00 852                        /home/bzz/.m2/repository/ch/qos/logback/logback-core/1.2.3/logback-core-1.2.3.jar
7f538404e000-7f5384054000 r--s 00041000 fe:00 850                        /home/bzz/.m2/repository/ch/qos/logback/logback-classic/1.2.3/logback-classic-1.2.3.jar
7f5384054000-7f5384055000 r--s 00000000 fe:00 848                        /home/bzz/.m2/repository/org/springframework/boot/spring-boot-starter-logging/2.1.4.RELEASE/spring-boot-starter-logging-2.1.4.RELEASE.jar
7f5384055000-7f5384079000 r--s 00111000 fe:00 846                        /home/bzz/.m2/repository/org/springframework/boot/spring-boot-autoconfigure/2.1.4.RELEASE/spring-boot-autoconfigure-2.1.4.RELEASE.jar
7f5384079000-7f538408e000 r--s 000d4000 fe:00 844                        /home/bzz/.m2/repository/org/springframework/boot/spring-boot/2.1.4.RELEASE/spring-boot-2.1.4.RELEASE.jar
7f538408e000-7f538408f000 r--s 00000000 fe:00 842                        /home/bzz/.m2/repository/org/springframework/boot/spring-boot-starter/2.1.4.RELEASE/spring-boot-starter-2.1.4.RELEASE.jar
7f538408f000-7f5384092000 r--s 00015000 fe:00 1453168                    /home/bzz/.m2/repository/javax/servlet/javax.servlet-api/4.0.1/javax.servlet-api-4.0.1.jar
7f5384092000-7f5384097000 r--s 00084000 fe:00 1183606                    /opt/java-jdk/jdk1.8.0_151/jre/lib/jfr.jar
7f5384097000-7f538409c000 r--s 002f9000 fe:00 1183633                    /opt/java-jdk/jdk1.8.0_151/jre/lib/charsets.jar
7f538409c000-7f53840a1000 r--s 0009a000 fe:00 1183645                    /opt/java-jdk/jdk1.8.0_151/jre/lib/jsse.jar
7f53840a1000-7f5384839000 rw-p 00000000 00:00 0 
7f5384839000-7f5384a12000 r--s 03d5a000 fe:00 1183635                    /opt/java-jdk/jdk1.8.0_151/jre/lib/rt.jar
7f5384a12000-7f5384a88000 rw-p 00000000 00:00 0 
7f5384a88000-7f5385475000 rw-p 00000000 00:00 0 
7f5385475000-7f5385476000 ---p 00000000 00:00 0 
7f5385476000-7f5385576000 rw-p 00000000 00:00 0 
7f5385576000-7f5385577000 ---p 00000000 00:00 0 
7f5385577000-7f5385677000 rw-p 00000000 00:00 0 
7f5385677000-7f5385678000 ---p 00000000 00:00 0 
7f5385678000-7f5385778000 rw-p 00000000 00:00 0 
7f5385778000-7f5385794000 rw-p 00000000 00:00 0 
7f5385794000-7f53858c1000 ---p 00000000 00:00 0 
7f53858c1000-7f53858dd000 rw-p 00000000 00:00 0 
7f53858dd000-7f5385a09000 ---p 00000000 00:00 0 
7f5385a09000-7f5385a5a000 rw-p 00000000 00:00 0 
7f5385a5a000-7f5385aae000 ---p 00000000 00:00 0 
7f5385aae000-7f5385ae4000 rw-p 00000000 00:00 0 
7f5385ae4000-7f5385e6f000 ---p 00000000 00:00 0 
7f5385e6f000-7f5385e8a000 r-xp 00000000 fe:00 1183696                    /opt/java-jdk/jdk1.8.0_151/jre/lib/amd64/libzip.so
7f5385e8a000-7f538608a000 ---p 0001b000 fe:00 1183696                    /opt/java-jdk/jdk1.8.0_151/jre/lib/amd64/libzip.so
7f538608a000-7f538608b000 rw-p 0001b000 fe:00 1183696                    /opt/java-jdk/jdk1.8.0_151/jre/lib/amd64/libzip.so
7f538608b000-7f5386095000 r-xp 00000000 fe:00 1305618                    /lib/x86_64-linux-gnu/libnss_files-2.24.so
7f5386095000-7f5386295000 ---p 0000a000 fe:00 1305618                    /lib/x86_64-linux-gnu/libnss_files-2.24.so
7f5386295000-7f5386296000 r--p 0000a000 fe:00 1305618                    /lib/x86_64-linux-gnu/libnss_files-2.24.so
7f5386296000-7f5386297000 rw-p 0000b000 fe:00 1305618                    /lib/x86_64-linux-gnu/libnss_files-2.24.so
7f5386297000-7f538629d000 rw-p 00000000 00:00 0 
7f538629d000-7f53862a8000 r-xp 00000000 fe:00 1305620                    /lib/x86_64-linux-gnu/libnss_nis-2.24.so
7f53862a8000-7f53864a7000 ---p 0000b000 fe:00 1305620                    /lib/x86_64-linux-gnu/libnss_nis-2.24.so
7f53864a7000-7f53864a8000 r--p 0000a000 fe:00 1305620                    /lib/x86_64-linux-gnu/libnss_nis-2.24.so
7f53864a8000-7f53864a9000 rw-p 0000b000 fe:00 1305620                    /lib/x86_64-linux-gnu/libnss_nis-2.24.so
7f53864a9000-7f53864bd000 r-xp 00000000 fe:00 1305615                    /lib/x86_64-linux-gnu/libnsl-2.24.so
7f53864bd000-7f53866bd000 ---p 00014000 fe:00 1305615                    /lib/x86_64-linux-gnu/libnsl-2.24.so
7f53866bd000-7f53866be000 r--p 00014000 fe:00 1305615                    /lib/x86_64-linux-gnu/libnsl-2.24.so
7f53866be000-7f53866bf000 rw-p 00015000 fe:00 1305615                    /lib/x86_64-linux-gnu/libnsl-2.24.so
7f53866bf000-7f53866c1000 rw-p 00000000 00:00 0 
7f53866c1000-7f53866c8000 r-xp 00000000 fe:00 1305616                    /lib/x86_64-linux-gnu/libnss_compat-2.24.so
7f53866c8000-7f53868c7000 ---p 00007000 fe:00 1305616                    /lib/x86_64-linux-gnu/libnss_compat-2.24.so
7f53868c7000-7f53868c8000 r--p 00006000 fe:00 1305616                    /lib/x86_64-linux-gnu/libnss_compat-2.24.so
7f53868c8000-7f53868c9000 rw-p 00007000 fe:00 1305616                    /lib/x86_64-linux-gnu/libnss_compat-2.24.so
7f53868c9000-7f53868f4000 r-xp 00000000 fe:00 1183690                    /opt/java-jdk/jdk1.8.0_151/jre/lib/amd64/libjava.so
7f53868f4000-7f5386af3000 ---p 0002b000 fe:00 1183690                    /opt/java-jdk/jdk1.8.0_151/jre/lib/amd64/libjava.so
7f5386af3000-7f5386af5000 rw-p 0002a000 fe:00 1183690                    /opt/java-jdk/jdk1.8.0_151/jre/lib/amd64/libjava.so
7f5386af5000-7f5386b02000 r-xp 00000000 fe:00 1183695                    /opt/java-jdk/jdk1.8.0_151/jre/lib/amd64/libverify.so
7f5386b02000-7f5386d02000 ---p 0000d000 fe:00 1183695                    /opt/java-jdk/jdk1.8.0_151/jre/lib/amd64/libverify.so
7f5386d02000-7f5386d04000 rw-p 0000d000 fe:00 1183695                    /opt/java-jdk/jdk1.8.0_151/jre/lib/amd64/libverify.so
7f5386d04000-7f5386d0b000 r-xp 00000000 fe:00 1305625                    /lib/x86_64-linux-gnu/librt-2.24.so
7f5386d0b000-7f5386f0a000 ---p 00007000 fe:00 1305625                    /lib/x86_64-linux-gnu/librt-2.24.so
7f5386f0a000-7f5386f0b000 r--p 00006000 fe:00 1305625                    /lib/x86_64-linux-gnu/librt-2.24.so
7f5386f0b000-7f5386f0c000 rw-p 00007000 fe:00 1305625                    /lib/x86_64-linux-gnu/librt-2.24.so
7f5386f0c000-7f538700f000 r-xp 00000000 fe:00 1305612                    /lib/x86_64-linux-gnu/libm-2.24.so
7f538700f000-7f538720e000 ---p 00103000 fe:00 1305612                    /lib/x86_64-linux-gnu/libm-2.24.so
7f538720e000-7f538720f000 r--p 00102000 fe:00 1305612                    /lib/x86_64-linux-gnu/libm-2.24.so
7f538720f000-7f5387210000 rw-p 00103000 fe:00 1305612                    /lib/x86_64-linux-gnu/libm-2.24.so
7f5387210000-7f5387ee3000 r-xp 00000000 fe:00 1312866                    /opt/java-jdk/jdk1.8.0_151/jre/lib/amd64/server/libjvm.so
7f5387ee3000-7f53880e2000 ---p 00cd3000 fe:00 1312866                    /opt/java-jdk/jdk1.8.0_151/jre/lib/amd64/server/libjvm.so
7f53880e2000-7f53881bc000 rw-p 00cd2000 fe:00 1312866                    /opt/java-jdk/jdk1.8.0_151/jre/lib/amd64/server/libjvm.so
7f53881bc000-7f5388207000 rw-p 00000000 00:00 0 
7f5388207000-7f538839c000 r-xp 00000000 fe:00 1305608                    /lib/x86_64-linux-gnu/libc-2.24.so
7f538839c000-7f538859c000 ---p 00195000 fe:00 1305608                    /lib/x86_64-linux-gnu/libc-2.24.so
7f538859c000-7f53885a0000 r--p 00195000 fe:00 1305608                    /lib/x86_64-linux-gnu/libc-2.24.so
7f53885a0000-7f53885a2000 rw-p 00199000 fe:00 1305608                    /lib/x86_64-linux-gnu/libc-2.24.so
7f53885a2000-7f53885a6000 rw-p 00000000 00:00 0 
7f53885a6000-7f53885a9000 r-xp 00000000 fe:00 1305611                    /lib/x86_64-linux-gnu/libdl-2.24.so
7f53885a9000-7f53887a8000 ---p 00003000 fe:00 1305611                    /lib/x86_64-linux-gnu/libdl-2.24.so
7f53887a8000-7f53887a9000 r--p 00002000 fe:00 1305611                    /lib/x86_64-linux-gnu/libdl-2.24.so
7f53887a9000-7f53887aa000 rw-p 00003000 fe:00 1305611                    /lib/x86_64-linux-gnu/libdl-2.24.so
7f53887aa000-7f53887c0000 r-xp 00000000 fe:00 802619                     /opt/java-jdk/jdk1.8.0_151/lib/amd64/jli/libjli.so
7f53887c0000-7f53889bf000 ---p 00016000 fe:00 802619                     /opt/java-jdk/jdk1.8.0_151/lib/amd64/jli/libjli.so
7f53889bf000-7f53889c0000 rw-p 00015000 fe:00 802619                     /opt/java-jdk/jdk1.8.0_151/lib/amd64/jli/libjli.so
7f53889c0000-7f53889d8000 r-xp 00000000 fe:00 1305623                    /lib/x86_64-linux-gnu/libpthread-2.24.so
7f53889d8000-7f5388bd7000 ---p 00018000 fe:00 1305623                    /lib/x86_64-linux-gnu/libpthread-2.24.so
7f5388bd7000-7f5388bd8000 r--p 00017000 fe:00 1305623                    /lib/x86_64-linux-gnu/libpthread-2.24.so
7f5388bd8000-7f5388bd9000 rw-p 00018000 fe:00 1305623                    /lib/x86_64-linux-gnu/libpthread-2.24.so
7f5388bd9000-7f5388bdd000 rw-p 00000000 00:00 0 
7f5388bdd000-7f5388c00000 r-xp 00000000 fe:00 1305603                    /lib/x86_64-linux-gnu/ld-2.24.so
7f5388c00000-7f5388c01000 r--s 00000000 fe:00 840                        /home/bzz/.m2/repository/org/springframework/boot/spring-boot-starter-web/2.1.4.RELEASE/spring-boot-starter-web-2.1.4.RELEASE.jar
7f5388c01000-7f5388c04000 r--s 0001a000 fe:00 1183716                    /opt/java-jdk/jdk1.8.0_151/jre/lib/jce.jar
7f5388c04000-7f5388cc9000 rw-p 00000000 00:00 0 
7f5388cc9000-7f5388cdd000 rw-p 00000000 00:00 0 
7f5388cdd000-7f5388ce0000 ---p 00000000 00:00 0 
7f5388ce0000-7f5388de0000 rw-p 00000000 00:00 0 
7f5388de0000-7f5388df3000 r--s 00345000 fe:00 1183644                    /opt/java-jdk/jdk1.8.0_151/jre/lib/resources.jar
7f5388df3000-7f5388dfb000 rw-s 00000000 fe:00 656494                     /tmp/hsperfdata_bzz/23918
7f5388dfb000-7f5388dfc000 rw-p 00000000 00:00 0 
7f5388dfc000-7f5388dfd000 ---p 00000000 00:00 0 
7f5388dfd000-7f5388e00000 rw-p 00000000 00:00 0 
7f5388e00000-7f5388e01000 r--p 00023000 fe:00 1305603                    /lib/x86_64-linux-gnu/ld-2.24.so
7f5388e01000-7f5388e02000 rw-p 00024000 fe:00 1305603                    /lib/x86_64-linux-gnu/ld-2.24.so
7f5388e02000-7f5388e03000 rw-p 00000000 00:00 0 
7ffe2f4ce000-7ffe2f4f1000 rw-p 00000000 00:00 0                          [stack]
7ffe2f523000-7ffe2f525000 r--p 00000000 00:00 0                          [vvar]
7ffe2f525000-7ffe2f527000 r-xp 00000000 00:00 0                          [vdso]
ffffffffff600000-ffffffffff601000 r-xp 00000000 00:00 0                  [vsyscall]

VM Arguments:
jvm_args: -Dfile.encoding=UTF-8 
java_command: modul.api.App
java_class_path (initial): /opt/java-jdk/jdk1.8.0_151/jre/lib/resources.jar:/opt/java-jdk/jdk1.8.0_151/jre/lib/rt.jar:/opt/java-jdk/jdk1.8.0_151/jre/lib/jsse.jar:/opt/java-jdk/jdk1.8.0_151/jre/lib/jce.jar:/opt/java-jdk/jdk1.8.0_151/jre/lib/charsets.jar:/opt/java-jdk/jdk1.8.0_151/jre/lib/jfr.jar:/opt/java-jdk/jdk1.8.0_151/jre/lib/ext/sunjce_provider.jar:/opt/java-jdk/jdk1.8.0_151/jre/lib/ext/zipfs.jar:/opt/java-jdk/jdk1.8.0_151/jre/lib/ext/jaccess.jar:/opt/java-jdk/jdk1.8.0_151/jre/lib/ext/localedata.jar:/opt/java-jdk/jdk1.8.0_151/jre/lib/ext/dnsns.jar:/opt/java-jdk/jdk1.8.0_151/jre/lib/ext/jfxrt.jar:/opt/java-jdk/jdk1.8.0_151/jre/lib/ext/sunec.jar:/opt/java-jdk/jdk1.8.0_151/jre/lib/ext/cldrdata.jar:/opt/java-jdk/jdk1.8.0_151/jre/lib/ext/sunpkcs11.jar:/opt/java-jdk/jdk1.8.0_151/jre/lib/ext/nashorn.jar:/home/bzz/workspace/jsf/api/target/classes:/home/bzz/.m2/repository/javax/servlet/javax.servlet-api/4.0.1/javax.servlet-api-4.0.1.jar:/home/bzz/.m2/repository/org/springframework/boot/spring-boot-starter-web/2.1.4.RELEASE/spring-boot-starter-web-2.1.4.RELEASE.jar:/home/bzz/.m2/repository/org/springframework/boot/spring-boot-starter/2.1.4.RELEASE/spring-boot-starter-2.1.4.RELEASE.jar:/home/bzz/.m2/repository/org/springframework/boot/spring-boot/2.1.4.RELEASE/spring-boot-2.1.4.RELEASE.jar:/home/bzz/.m2/repository/org/springframework/boot/spring-boot-autoconfigure/2.1.4.RELEASE/spring-boot-autoconfigure-2.1.4.RELEASE.jar:/home/bzz/.m2/repository/org/springframework/boot/spring-boot-starter-logging/2.1.4.RELEASE/spring-boot-starter-logging-2.1.4.RELEASE.jar:/home/bzz/.m2/repository/ch/qos/logback/logback-classic/1.2.3/logback-classic-1.2.3.jar:/home/bzz/.m2/repository/ch/qos/logback/logback-core/1.2.3/logback-core-1.2.3.jar:/home/bzz/.m2/repository/org/apache/logging/log4j/log4j-to-slf4j/2.11.2/log4j-to-slf4j-2.11.2.jar:/home/bzz/.m2/repository/org/apache/logging/log4j/log4j-api/2.11.2/log4j-api-2.11.2.jar:/home/bzz/.m2/repository/org/slf4j/jul-to-slf4j/1.7.26/jul-to-slf4
Launcher Type: SUN_STANDARD

Environment Variables:
PATH=/usr/local/bin:/usr/bin:/bin:/usr/local/games:/usr/games
SHELL=/bin/bash
DISPLAY=:0

Signal Handlers:
SIGSEGV: [libjvm.so+0xacbe10], sa_mask[0]=11111111011111111101111111111110, sa_flags=SA_RESTART|SA_SIGINFO
SIGBUS: [libjvm.so+0xacbe10], sa_mask[0]=11111111011111111101111111111110, sa_flags=SA_RESTART|SA_SIGINFO
SIGFPE: [libjvm.so+0x924f90], sa_mask[0]=11111111011111111101111111111110, sa_flags=SA_RESTART|SA_SIGINFO
SIGPIPE: [libjvm.so+0x924f90], sa_mask[0]=11111111011111111101111111111110, sa_flags=SA_RESTART|SA_SIGINFO
SIGXFSZ: [libjvm.so+0x924f90], sa_mask[0]=11111111011111111101111111111110, sa_flags=SA_RESTART|SA_SIGINFO
SIGILL: [libjvm.so+0x924f90], sa_mask[0]=11111111011111111101111111111110, sa_flags=SA_RESTART|SA_SIGINFO
SIGUSR1: SIG_DFL, sa_mask[0]=00000000000000000000000000000000, sa_flags=none
SIGUSR2: [libjvm.so+0x9267d0], sa_mask[0]=00100000000000000000000000000000, sa_flags=SA_RESTART|SA_SIGINFO
SIGHUP: [libjvm.so+0x927bd0], sa_mask[0]=11111111011111111101111111111110, sa_flags=SA_RESTART|SA_SIGINFO
SIGINT: [libjvm.so+0x927bd0], sa_mask[0]=11111111011111111101111111111110, sa_flags=SA_RESTART|SA_SIGINFO
SIGTERM: [libjvm.so+0x927bd0], sa_mask[0]=11111111011111111101111111111110, sa_flags=SA_RESTART|SA_SIGINFO
SIGQUIT: [libjvm.so+0x927bd0], sa_mask[0]=11111111011111111101111111111110, sa_flags=SA_RESTART|SA_SIGINFO


---------------  S Y S T E M  ---------------

OS:PRETTY_NAME="Debian GNU/Linux 9 (stretch)"
NAME="Debian GNU/Linux"
VERSION_ID="9"
VERSION="9 (stretch)"
ID=debian
HOME_URL="https://www.debian.org/"
SUPPORT_URL="https://www.debian.org/support"
BUG_REPORT_URL="https://bugs.debian.org/"

uname:Linux 4.9.0-4-amd64 #1 SMP Debian 4.9.65-3+deb9u1 (2017-12-23) x86_64
libc:glibc 2.24 NPTL 2.24 
rlimit: STACK 8192k, CORE 0k, NPROC 15658, NOFILE 1048576, AS infinity
load average:1.93 1.67 1.48

/proc/meminfo:
MemTotal:        4032220 kB
MemFree:          111904 kB
MemAvailable:      15880 kB
Buffers:             768 kB
Cached:            89288 kB
SwapCached:         3528 kB
Active:          3105216 kB
Inactive:         634480 kB
Active(anon):    3091696 kB
Inactive(anon):   619072 kB
Active(file):      13520 kB
Inactive(file):    15408 kB
Unevictable:          40 kB
Mlocked:              40 kB
SwapTotal:        524284 kB
SwapFree:              0 kB
Dirty:               596 kB
Writeback:             0 kB
AnonPages:       3646348 kB
Mapped:            81980 kB
Shmem:             61028 kB
Slab:              62536 kB
SReclaimable:      20140 kB
SUnreclaim:        42396 kB
KernelStack:       13248 kB
PageTables:        49936 kB
NFS_Unstable:          0 kB
Bounce:                0 kB
WritebackTmp:          0 kB
CommitLimit:     2540392 kB
Committed_AS:    7180388 kB
VmallocTotal:   34359738367 kB
VmallocUsed:           0 kB
VmallocChunk:          0 kB
HardwareCorrupted:     0 kB
AnonHugePages:         0 kB
ShmemHugePages:        0 kB
ShmemPmdMapped:        0 kB
HugePages_Total:       0
HugePages_Free:        0
HugePages_Rsvd:        0
HugePages_Surp:        0
Hugepagesize:       2048 kB
DirectMap4k:      122752 kB
DirectMap2M:     4071424 kB
DirectMap1G:     2097152 kB


CPU:total 3 (initial active 3) (3 cores per cpu, 1 threads per core) family 6 model 158 stepping 9, cmov, cx8, fxsr, mmx, sse, sse2, sse3, ssse3, sse4.1, sse4.2, popcnt, avx, avx2, aes, clmul, erms, 3dnowpref, lzcnt, tsc, tscinvbit, bmi1, bmi2, adx

/proc/cpuinfo:
processor	: 0
vendor_id	: GenuineIntel
cpu family	: 6
model		: 158
model name	: Intel(R) Core(TM) i7-7700HQ CPU @ 2.80GHz
stepping	: 9
microcode	: 0xb4
cpu MHz		: 2807.532
cache size	: 6144 KB
physical id	: 0
siblings	: 3
core id		: 0
cpu cores	: 3
apicid		: 0
initial apicid	: 0
fpu		: yes
fpu_exception	: yes
cpuid level	: 22
wp		: yes
flags		: fpu vme de pse tsc msr pae mce cx8 apic sep mtrr pge mca cmov pat pse36 clflush mmx fxsr sse sse2 ss ht syscall nx pdpe1gb rdtscp lm constant_tsc arch_perfmon nopl xtopology tsc_reliable nonstop_tsc eagerfpu pni pclmulqdq ssse3 fma cx16 pcid sse4_1 sse4_2 x2apic movbe popcnt tsc_deadline_timer aes xsave avx f16c rdrand hypervisor lahf_lm abm 3dnowprefetch fsgsbase tsc_adjust bmi1 avx2 smep bmi2 invpcid mpx rdseed adx smap clflushopt xsaveopt xsavec xsaves arat
bugs		:
bogomips	: 5615.47
clflush size	: 64
cache_alignment	: 64
address sizes	: 43 bits physical, 48 bits virtual
power management:

processor	: 1
vendor_id	: GenuineIntel
cpu family	: 6
model		: 158
model name	: Intel(R) Core(TM) i7-7700HQ CPU @ 2.80GHz
stepping	: 9
microcode	: 0xb4
cpu MHz		: 2807.532
cache size	: 6144 KB
physical id	: 0
siblings	: 3
core id		: 1
cpu cores	: 3
apicid		: 1
initial apicid	: 1
fpu		: yes
fpu_exception	: yes
cpuid level	: 22
wp		: yes
flags		: fpu vme de pse tsc msr pae mce cx8 apic sep mtrr pge mca cmov pat pse36 clflush mmx fxsr sse sse2 ss ht syscall nx pdpe1gb rdtscp lm constant_tsc arch_perfmon nopl xtopology tsc_reliable nonstop_tsc eagerfpu pni pclmulqdq ssse3 fma cx16 pcid sse4_1 sse4_2 x2apic movbe popcnt tsc_deadline_timer aes xsave avx f16c rdrand hypervisor lahf_lm abm 3dnowprefetch fsgsbase tsc_adjust bmi1 avx2 smep bmi2 invpcid mpx rdseed adx smap clflushopt xsaveopt xsavec xsaves arat
bugs		:
bogomips	: 5615.47
clflush size	: 64
cache_alignment	: 64
address sizes	: 43 bits physical, 48 bits virtual
power management:

processor	: 2
vendor_id	: GenuineIntel
cpu family	: 6
model		: 158
model name	: Intel(R) Core(TM) i7-7700HQ CPU @ 2.80GHz
stepping	: 9
microcode	: 0xb4
cpu MHz		: 2807.532
cache size	: 6144 KB
physical id	: 0
siblings	: 3
core id		: 2
cpu cores	: 3
apicid		: 2
initial apicid	: 2
fpu		: yes
fpu_exception	: yes
cpuid level	: 22
wp		: yes
flags		: fpu vme de pse tsc msr pae mce cx8 apic sep mtrr pge mca cmov pat pse36 clflush mmx fxsr sse sse2 ss ht syscall nx pdpe1gb rdtscp lm constant_tsc arch_perfmon nopl xtopology tsc_reliable nonstop_tsc eagerfpu pni pclmulqdq ssse3 fma cx16 pcid sse4_1 sse4_2 x2apic movbe popcnt tsc_deadline_timer aes xsave avx f16c rdrand hypervisor lahf_lm abm 3dnowprefetch fsgsbase tsc_adjust bmi1 avx2 smep bmi2 invpcid mpx rdseed adx smap clflushopt xsaveopt xsavec xsaves arat
bugs		:
bogomips	: 5615.47
clflush size	: 64
cache_alignment	: 64
address sizes	: 43 bits physical, 48 bits virtual
power management:



Memory: 4k page, physical 4032220k(111904k free), swap 524284k(0k free)

vm_info: Java HotSpot(TM) 64-Bit Server VM (25.151-b12) for linux-amd64 JRE (1.8.0_151-b12), built on Sep  5 2017 19:20:58 by "java_re" with gcc 4.3.0 20080428 (Red Hat 4.3.0-8)

time: Thu Oct 31 10:24:23 2019
elapsed time: 8 seconds (0d 0h 0m 8s)

